<?xml version="1.0" encoding="UTF-8"?>
<coverage generated="1776716255213" clover="3.2.0">
  <project timestamp="1776716255213" name="All files">
    <metrics statements="263" coveredstatements="248" conditionals="292" coveredconditionals="261" methods="93" coveredmethods="78" elements="648" coveredelements="587" complexity="0" loc="263" ncloc="263" packages="7" files="13" classes="13"/>
    <package name="src">
      <metrics statements="12" coveredstatements="11" conditionals="2" coveredconditionals="0" methods="1" coveredmethods="0"/>
      <file name="config.ts" path="/Users/heaton/code/onesoul_dev/web/src/config.ts">
        <metrics statements="12" coveredstatements="11" conditionals="2" coveredconditionals="0" methods="1" coveredmethods="0"/>
        <line num="18" count="5" type="stmt"/>
        <line num="31" count="5" type="stmt"/>
        <line num="37" count="5" type="stmt"/>
        <line num="53" count="5" type="stmt"/>
        <line num="56" count="5" type="stmt"/>
        <line num="59" count="5" type="stmt"/>
        <line num="66" count="5" type="stmt"/>
        <line num="72" count="5" type="stmt"/>
        <line num="78" count="5" type="stmt"/>
        <line num="83" count="5" type="stmt"/>
        <line num="92" count="5" type="stmt"/>
        <line num="96" count="0" type="cond" truecount="0" falsecount="2"/>
      </file>
    </package>
    <package name="src.components">
      <metrics statements="5" coveredstatements="5" conditionals="8" coveredconditionals="8" methods="2" coveredmethods="2"/>
      <file name="LoginScreen.tsx" path="/Users/heaton/code/onesoul_dev/web/src/components/LoginScreen.tsx">
        <metrics statements="5" coveredstatements="5" conditionals="8" coveredconditionals="8" methods="2" coveredmethods="2"/>
        <line num="11" count="6" type="stmt"/>
        <line num="13" count="6" type="stmt"/>
        <line num="14" count="6" type="cond" truecount="4" falsecount="0"/>
        <line num="15" count="5" type="stmt"/>
        <line num="19" count="6" type="stmt"/>
      </file>
    </package>
    <package name="src.components.checkout">
      <metrics statements="1" coveredstatements="1" conditionals="2" coveredconditionals="2" methods="1" coveredmethods="1"/>
      <file name="VoidPrizeModal.tsx" path="/Users/heaton/code/onesoul_dev/web/src/components/checkout/VoidPrizeModal.tsx">
        <metrics statements="1" coveredstatements="1" conditionals="2" coveredconditionals="2" methods="1" coveredmethods="1"/>
        <line num="12" count="4" type="stmt"/>
      </file>
    </package>
    <package name="src.components.ui">
      <metrics statements="37" coveredstatements="37" conditionals="29" coveredconditionals="28" methods="16" coveredmethods="16"/>
      <file name="ConfirmModal.tsx" path="/Users/heaton/code/onesoul_dev/web/src/components/ui/ConfirmModal.tsx">
        <metrics statements="1" coveredstatements="1" conditionals="3" coveredconditionals="3" methods="1" coveredmethods="1"/>
        <line num="13" count="7" type="stmt"/>
      </file>
      <file name="Pagination.tsx" path="/Users/heaton/code/onesoul_dev/web/src/components/ui/Pagination.tsx">
        <metrics statements="27" coveredstatements="27" conditionals="16" coveredconditionals="15" methods="11" coveredmethods="11"/>
        <line num="12" count="11" type="cond" truecount="2" falsecount="0"/>
        <line num="14" count="10" type="stmt"/>
        <line num="15" count="5" type="stmt"/>
        <line num="16" count="5" type="stmt"/>
        <line num="20" count="10" type="stmt"/>
        <line num="21" count="10" type="stmt"/>
        <line num="22" count="10" type="stmt"/>
        <line num="25" count="10" type="stmt"/>
        <line num="27" count="10" type="stmt"/>
        <line num="28" count="10" type="stmt"/>
        <line num="30" count="10" type="cond" truecount="2" falsecount="0"/>
        <line num="31" count="20" type="stmt"/>
        <line num="32" count="10" type="cond" truecount="2" falsecount="0"/>
        <line num="35" count="10" type="cond" truecount="1" falsecount="1"/>
        <line num="37" count="10" type="stmt"/>
        <line num="40" count="10" type="stmt"/>
        <line num="41" count="10" type="stmt"/>
        <line num="42" count="40" type="stmt"/>
        <line num="47" count="10" type="stmt"/>
        <line num="48" count="40" type="stmt"/>
        <line num="54" count="10" type="stmt"/>
        <line num="69" count="1" type="stmt"/>
        <line num="73" count="1" type="stmt"/>
        <line num="79" count="50" type="cond" truecount="2" falsecount="0"/>
        <line num="84" count="1" type="stmt"/>
        <line num="93" count="1" type="stmt"/>
        <line num="97" count="1" type="stmt"/>
      </file>
      <file name="SearchInput.tsx" path="/Users/heaton/code/onesoul_dev/web/src/components/ui/SearchInput.tsx">
        <metrics statements="3" coveredstatements="3" conditionals="4" coveredconditionals="4" methods="3" coveredmethods="3"/>
        <line num="11" count="6" type="stmt"/>
        <line num="18" count="1" type="stmt"/>
        <line num="22" count="1" type="stmt"/>
      </file>
      <file name="StatusBanner.tsx" path="/Users/heaton/code/onesoul_dev/web/src/components/ui/StatusBanner.tsx">
        <metrics statements="6" coveredstatements="6" conditionals="6" coveredconditionals="6" methods="1" coveredmethods="1"/>
        <line num="9" count="5" type="cond" truecount="2" falsecount="0"/>
        <line num="10" count="1" type="stmt"/>
        <line num="24" count="4" type="cond" truecount="2" falsecount="0"/>
        <line num="25" count="3" type="stmt"/>
        <line num="36" count="1" type="stmt"/>
        <line num="37" count="1" type="stmt"/>
      </file>
    </package>
    <package name="src.constants">
      <metrics statements="22" coveredstatements="9" conditionals="10" coveredconditionals="0" methods="17" coveredmethods="4"/>
      <file name="index.tsx" path="/Users/heaton/code/onesoul_dev/web/src/constants/index.tsx">
        <metrics statements="4" coveredstatements="4" conditionals="0" coveredconditionals="0" methods="0" coveredmethods="0"/>
        <line num="22" count="4" type="stmt"/>
        <line num="23" count="4" type="stmt"/>
        <line num="26" count="4" type="stmt"/>
        <line num="29" count="4" type="stmt"/>
      </file>
      <file name="messages.ts" path="/Users/heaton/code/onesoul_dev/web/src/constants/messages.ts">
        <metrics statements="18" coveredstatements="5" conditionals="10" coveredconditionals="0" methods="17" coveredmethods="4"/>
        <line num="3" count="1" type="stmt"/>
        <line num="6" count="0" type="stmt"/>
        <line num="8" count="0" type="stmt"/>
        <line num="9" count="0" type="cond" truecount="0" falsecount="2"/>
        <line num="13" count="0" type="stmt"/>
        <line num="14" count="0" type="stmt"/>
        <line num="24" count="0" type="cond" truecount="0" falsecount="2"/>
        <line num="30" count="0" type="cond" truecount="0" falsecount="2"/>
        <line num="33" count="0" type="cond" truecount="0" falsecount="2"/>
        <line num="34" count="0" type="stmt"/>
        <line num="40" count="0" type="stmt"/>
        <line num="48" count="0" type="cond" truecount="0" falsecount="2"/>
        <line num="55" count="0" type="stmt"/>
        <line num="58" count="0" type="stmt"/>
        <line num="67" count="1" type="stmt"/>
        <line num="68" count="1" type="stmt"/>
        <line num="70" count="1" type="stmt"/>
        <line num="71" count="1" type="stmt"/>
      </file>
    </package>
    <package name="src.logic">
      <metrics statements="145" coveredstatements="144" conditionals="211" coveredconditionals="193" methods="29" coveredmethods="28"/>
      <file name="auth.ts" path="/Users/heaton/code/onesoul_dev/web/src/logic/auth.ts">
        <metrics statements="23" coveredstatements="23" conditionals="20" coveredconditionals="20" methods="6" coveredmethods="6"/>
        <line num="9" count="23" type="stmt"/>
        <line num="10" count="23" type="stmt"/>
        <line num="11" count="23" type="stmt"/>
        <line num="12" count="6" type="stmt"/>
        <line num="20" count="11" type="stmt"/>
        <line num="21" count="11" type="cond" truecount="2" falsecount="0"/>
        <line num="29" count="2" type="cond" truecount="2" falsecount="0"/>
        <line num="38" count="6" type="stmt"/>
        <line num="39" count="6" type="cond" truecount="2" falsecount="0"/>
        <line num="40" count="4" type="stmt"/>
        <line num="49" count="5" type="stmt"/>
        <line num="50" count="5" type="cond" truecount="2" falsecount="0"/>
        <line num="51" count="3" type="stmt"/>
        <line num="52" count="3" type="cond" truecount="2" falsecount="0"/>
        <line num="53" count="2" type="stmt"/>
        <line num="61" count="7" type="stmt"/>
        <line num="62" count="7" type="cond" truecount="2" falsecount="0"/>
        <line num="63" count="2" type="stmt"/>
        <line num="65" count="5" type="stmt"/>
        <line num="66" count="5" type="stmt"/>
        <line num="67" count="5" type="cond" truecount="2" falsecount="0"/>
        <line num="68" count="1" type="stmt"/>
        <line num="70" count="4" type="stmt"/>
      </file>
      <file name="checkout.ts" path="/Users/heaton/code/onesoul_dev/web/src/logic/checkout.ts">
        <metrics statements="107" coveredstatements="106" conditionals="165" coveredconditionals="147" methods="20" coveredmethods="19"/>
        <line num="6" count="23" type="stmt"/>
        <line num="11" count="25" type="stmt"/>
        <line num="18" count="8" type="stmt"/>
        <line num="19" count="8" type="stmt"/>
        <line num="20" count="4" type="stmt"/>
        <line num="21" count="4" type="cond" truecount="2" falsecount="0"/>
        <line num="23" count="8" type="stmt"/>
        <line num="24" count="5" type="cond" truecount="2" falsecount="0"/>
        <line num="25" count="3" type="cond" truecount="2" falsecount="0"/>
        <line num="26" count="5" type="cond" truecount="2" falsecount="0"/>
        <line num="27" count="5" type="cond" truecount="2" falsecount="0"/>
        <line num="29" count="8" type="stmt"/>
        <line num="39" count="34" type="stmt"/>
        <line num="41" count="34" type="cond" truecount="2" falsecount="0"/>
        <line num="42" count="16" type="stmt"/>
        <line num="43" count="14" type="cond" truecount="2" falsecount="0"/>
        <line num="44" count="13" type="stmt"/>
        <line num="45" count="13" type="stmt"/>
        <line num="46" count="13" type="cond" truecount="2" falsecount="0"/>
        <line num="47" count="5" type="stmt"/>
        <line num="48" count="5" type="stmt"/>
        <line num="49" count="5" type="stmt"/>
        <line num="52" count="8" type="cond" truecount="2" falsecount="0"/>
        <line num="55" count="1" type="stmt"/>
        <line num="57" count="34" type="cond" truecount="2" falsecount="0"/>
        <line num="58" count="13" type="stmt"/>
        <line num="59" count="13" type="stmt"/>
        <line num="60" count="22" type="cond" truecount="2" falsecount="0"/>
        <line num="61" count="13" type="cond" truecount="2" falsecount="0"/>
        <line num="62" count="4" type="stmt"/>
        <line num="63" count="13" type="cond" truecount="2" falsecount="0"/>
        <line num="64" count="10" type="cond" truecount="2" falsecount="0"/>
        <line num="65" count="9" type="cond" truecount="2" falsecount="0"/>
        <line num="66" count="8" type="cond" truecount="2" falsecount="0"/>
        <line num="67" count="7" type="cond" truecount="4" falsecount="0"/>
        <line num="71" count="34" type="cond" truecount="2" falsecount="0"/>
        <line num="72" count="8" type="cond" truecount="2" falsecount="0"/>
        <line num="73" count="4" type="cond" truecount="4" falsecount="0"/>
        <line num="74" count="1" type="stmt"/>
        <line num="77" count="34" type="stmt"/>
        <line num="78" count="34" type="cond" truecount="5" falsecount="0"/>
        <line num="79" count="32" type="cond" truecount="2" falsecount="0"/>
        <line num="80" count="8" type="stmt"/>
        <line num="82" count="8" type="cond" truecount="1" falsecount="1"/>
        <line num="84" count="24" type="cond" truecount="4" falsecount="0"/>
        <line num="86" count="32" type="cond" truecount="4" falsecount="0"/>
        <line num="88" count="34" type="stmt"/>
        <line num="101" count="18" type="stmt"/>
        <line num="103" count="18" type="cond" truecount="2" falsecount="0"/>
        <line num="104" count="13" type="cond" truecount="2" falsecount="0"/>
        <line num="105" count="1" type="stmt"/>
        <line num="106" count="12" type="cond" truecount="2" falsecount="0"/>
        <line num="107" count="1" type="stmt"/>
        <line num="109" count="18" type="stmt"/>
        <line num="110" count="11" type="cond" truecount="2" falsecount="0"/>
        <line num="111" count="5" type="stmt"/>
        <line num="112" count="5" type="stmt"/>
        <line num="113" count="5" type="stmt"/>
        <line num="114" count="5" type="cond" truecount="4" falsecount="0"/>
        <line num="117" count="23" type="stmt"/>
        <line num="118" count="6" type="cond" truecount="2" falsecount="0"/>
        <line num="119" count="2" type="stmt"/>
        <line num="120" count="2" type="stmt"/>
        <line num="121" count="2" type="stmt"/>
        <line num="122" count="2" type="cond" truecount="4" falsecount="0"/>
        <line num="124" count="2" type="cond" truecount="1" falsecount="1"/>
        <line num="125" count="2" type="cond" truecount="3" falsecount="1"/>
        <line num="127" count="4" type="stmt"/>
        <line num="128" count="4" type="cond" truecount="2" falsecount="0"/>
        <line num="134" count="18" type="cond" truecount="3" falsecount="1"/>
        <line num="135" count="18" type="cond" truecount="4" falsecount="0"/>
        <line num="136" count="16" type="cond" truecount="2" falsecount="0"/>
        <line num="137" count="15" type="cond" truecount="2" falsecount="0"/>
        <line num="138" count="12" type="stmt"/>
        <line num="140" count="18" type="stmt"/>
        <line num="149" count="5" type="cond" truecount="1" falsecount="1"/>
        <line num="150" count="5" type="cond" truecount="2" falsecount="0"/>
        <line num="151" count="4" type="stmt"/>
        <line num="152" count="4" type="stmt"/>
        <line num="153" count="29" type="cond" truecount="3" falsecount="1"/>
        <line num="169" count="9" type="stmt"/>
        <line num="170" count="9" type="cond" truecount="1" falsecount="3"/>
        <line num="171" count="9" type="cond" truecount="1" falsecount="2"/>
        <line num="173" count="9" type="cond" truecount="4" falsecount="0"/>
        <line num="174" count="8" type="cond" truecount="2" falsecount="0"/>
        <line num="175" count="7" type="cond" truecount="2" falsecount="0"/>
        <line num="178" count="6" type="stmt"/>
        <line num="179" count="6" type="cond" truecount="3" falsecount="2"/>
        <line num="180" count="0" type="stmt"/>
        <line num="183" count="6" type="stmt"/>
        <line num="184" count="1" type="stmt"/>
        <line num="185" count="1" type="cond" truecount="4" falsecount="4"/>
        <line num="186" count="1" type="stmt"/>
        <line num="189" count="5" type="stmt"/>
        <line num="190" count="5" type="stmt"/>
        <line num="191" count="5" type="cond" truecount="6" falsecount="0"/>
        <line num="192" count="1" type="stmt"/>
        <line num="196" count="4" type="cond" truecount="4" falsecount="0"/>
        <line num="197" count="9" type="cond" truecount="2" falsecount="0"/>
        <line num="198" count="9" type="cond" truecount="5" falsecount="0"/>
        <line num="200" count="3" type="stmt"/>
        <line num="201" count="3" type="cond" truecount="2" falsecount="0"/>
        <line num="203" count="2" type="cond" truecount="2" falsecount="0"/>
        <line num="204" count="9" type="cond" truecount="2" falsecount="0"/>
        <line num="205" count="9" type="cond" truecount="2" falsecount="0"/>
        <line num="206" count="1" type="stmt"/>
        <line num="209" count="1" type="stmt"/>
      </file>
      <file name="createSet.ts" path="/Users/heaton/code/onesoul_dev/web/src/logic/createSet.ts">
        <metrics statements="15" coveredstatements="15" conditionals="26" coveredconditionals="26" methods="3" coveredmethods="3"/>
        <line num="12" count="7" type="cond" truecount="4" falsecount="0"/>
        <line num="13" count="5" type="stmt"/>
        <line num="25" count="8" type="cond" truecount="2" falsecount="0"/>
        <line num="26" count="7" type="cond" truecount="4" falsecount="0"/>
        <line num="27" count="6" type="stmt"/>
        <line num="28" count="6" type="stmt"/>
        <line num="29" count="6" type="cond" truecount="4" falsecount="0"/>
        <line num="30" count="2" type="stmt"/>
        <line num="32" count="4" type="stmt"/>
        <line num="49" count="6" type="stmt"/>
        <line num="50" count="6" type="cond" truecount="2" falsecount="0"/>
        <line num="51" count="5" type="cond" truecount="2" falsecount="0"/>
        <line num="52" count="4" type="cond" truecount="4" falsecount="0"/>
        <line num="53" count="3" type="cond" truecount="4" falsecount="0"/>
        <line num="54" count="2" type="stmt"/>
      </file>
    </package>
    <package name="src.services">
      <metrics statements="41" coveredstatements="41" conditionals="30" coveredconditionals="30" methods="27" coveredmethods="27"/>
      <file name="api.ts" path="/Users/heaton/code/onesoul_dev/web/src/services/api.ts">
        <metrics statements="41" coveredstatements="41" conditionals="30" coveredconditionals="30" methods="27" coveredmethods="27"/>
        <line num="11" count="3" type="stmt"/>
        <line num="18" count="109" type="cond" truecount="4" falsecount="0"/>
        <line num="19" count="106" type="cond" truecount="2" falsecount="0"/>
        <line num="20" count="86" type="stmt"/>
        <line num="21" count="86" type="stmt"/>
        <line num="22" count="170" type="cond" truecount="4" falsecount="0"/>
        <line num="23" count="162" type="cond" truecount="2" falsecount="0"/>
        <line num="24" count="127" type="stmt"/>
        <line num="26" count="86" type="stmt"/>
        <line num="30" count="58" type="stmt"/>
        <line num="39" count="56" type="stmt"/>
        <line num="40" count="56" type="stmt"/>
        <line num="45" count="3" type="stmt"/>
        <line num="46" count="3" type="cond" truecount="4" falsecount="0"/>
        <line num="50" count="1" type="stmt"/>
        <line num="55" count="2" type="stmt"/>
        <line num="56" count="2" type="cond" truecount="4" falsecount="0"/>
        <line num="60" count="1" type="stmt"/>
        <line num="65" count="2" type="stmt"/>
        <line num="66" count="2" type="cond" truecount="4" falsecount="0"/>
        <line num="71" count="2" type="stmt"/>
        <line num="72" count="2" type="cond" truecount="4" falsecount="0"/>
        <line num="77" count="1" type="stmt"/>
        <line num="81" count="1" type="stmt"/>
        <line num="86" count="1" type="stmt"/>
        <line num="91" count="1" type="stmt"/>
        <line num="96" count="1" type="stmt"/>
        <line num="101" count="1" type="stmt"/>
        <line num="105" count="1" type="stmt"/>
        <line num="110" count="4" type="stmt"/>
        <line num="115" count="1" type="stmt"/>
        <line num="120" count="1" type="stmt"/>
        <line num="123" count="1" type="stmt"/>
        <line num="126" count="1" type="stmt"/>
        <line num="129" count="1" type="stmt"/>
        <line num="134" count="4" type="stmt"/>
        <line num="137" count="3" type="stmt"/>
        <line num="140" count="6" type="stmt"/>
        <line num="145" count="4" type="stmt"/>
        <line num="148" count="7" type="stmt"/>
        <line num="151" count="3" type="stmt"/>
      </file>
    </package>
  </project>
</coverage>
