{"/Users/heaton/code/onesoul_dev/web/src/config.ts": {"path":"/Users/heaton/code/onesoul_dev/web/src/config.ts","statementMap":{"0":{"start":{"line":18,"column":52},"end":{"line":23,"column":null}},"1":{"start":{"line":31,"column":39},"end":{"line":31,"column":null}},"2":{"start":{"line":37,"column":33},"end":{"line":46,"column":null}},"3":{"start":{"line":53,"column":35},"end":{"line":53,"column":null}},"4":{"start":{"line":56,"column":41},"end":{"line":56,"column":null}},"5":{"start":{"line":59,"column":41},"end":{"line":59,"column":null}},"6":{"start":{"line":66,"column":28},"end":{"line":68,"column":null}},"7":{"start":{"line":72,"column":30},"end":{"line":72,"column":null}},"8":{"start":{"line":78,"column":54},"end":{"line":81,"column":null}},"9":{"start":{"line":83,"column":51},"end":{"line":86,"column":null}},"10":{"start":{"line":92,"column":31},"end":{"line":99,"column":null}},"11":{"start":{"line":96,"column":29},"end":{"line":96,"column":null}}},"fnMap":{"0":{"name":"(anonymous_0)","decl":{"start":{"line":96,"column":6},"end":{"line":96,"column":27}},"loc":{"start":{"line":96,"column":27},"end":{"line":96,"column":null}},"line":96}},"branchMap":{"0":{"loc":{"start":{"line":96,"column":36},"end":{"line":96,"column":null}},"type":"cond-expr","locations":[{"start":{"line":96,"column":49},"end":{"line":96,"column":61}},{"start":{"line":96,"column":61},"end":{"line":96,"column":null}}],"line":96}},"s":{"0":5,"1":5,"2":5,"3":5,"4":5,"5":5,"6":5,"7":5,"8":5,"9":5,"10":5,"11":0},"f":{"0":0},"b":{"0":[0,0]},"meta":{"lastBranch":1,"lastFunction":1,"lastStatement":12,"seen":{"s:18:52:23:Infinity":0,"s:31:39:31:Infinity":1,"s:37:33:46:Infinity":2,"s:53:35:53:Infinity":3,"s:56:41:56:Infinity":4,"s:59:41:59:Infinity":5,"s:66:28:68:Infinity":6,"s:72:30:72:Infinity":7,"s:78:54:81:Infinity":8,"s:83:51:86:Infinity":9,"s:92:31:99:Infinity":10,"f:96:6:96:27":0,"s:96:29:96:Infinity":11,"b:96:49:96:61:96:61:96:Infinity":0}}}
,"/Users/heaton/code/onesoul_dev/web/src/components/LoginScreen.tsx": {"path":"/Users/heaton/code/onesoul_dev/web/src/components/LoginScreen.tsx","statementMap":{"0":{"start":{"line":11,"column":8},"end":{"line":11,"column":45}},"1":{"start":{"line":13,"column":2},"end":{"line":17,"column":null}},"2":{"start":{"line":14,"column":4},"end":{"line":15,"column":null}},"3":{"start":{"line":15,"column":6},"end":{"line":15,"column":null}},"4":{"start":{"line":19,"column":2},"end":{"line":60,"column":null}}},"fnMap":{"0":{"name":"LoginScreen","decl":{"start":{"line":10,"column":16},"end":{"line":10,"column":28}},"loc":{"start":{"line":10,"column":88},"end":{"line":60,"column":null}},"line":10},"1":{"name":"(anonymous_1)","decl":{"start":{"line":13,"column":2},"end":{"line":13,"column":18}},"loc":{"start":{"line":13,"column":18},"end":{"line":17,"column":6}},"line":13}},"branchMap":{"0":{"loc":{"start":{"line":14,"column":4},"end":{"line":15,"column":null}},"type":"if","locations":[{"start":{"line":14,"column":4},"end":{"line":15,"column":null}},{"start":{},"end":{}}],"line":14},"1":{"loc":{"start":{"line":14,"column":8},"end":{"line":14,"column":38}},"type":"binary-expr","locations":[{"start":{"line":14,"column":8},"end":{"line":14,"column":22}},{"start":{"line":14,"column":22},"end":{"line":14,"column":38}}],"line":14},"2":{"loc":{"start":{"line":30,"column":11},"end":{"line":33,"column":null}},"type":"binary-expr","locations":[{"start":{"line":30,"column":11},"end":{"line":30,"column":null}},{"start":{"line":31,"column":12},"end":{"line":33,"column":null}}],"line":30},"3":{"loc":{"start":{"line":39,"column":13},"end":{"line":45,"column":null}},"type":"cond-expr","locations":[{"start":{"line":40,"column":14},"end":{"line":45,"column":15}},{"start":{"line":45,"column":14},"end":{"line":45,"column":null}}],"line":39}},"s":{"0":6,"1":6,"2":6,"3":5,"4":6},"f":{"0":6,"1":6},"b":{"0":[5,1],"1":[6,5],"2":[6,1],"3":[1,5]},"meta":{"lastBranch":4,"lastFunction":2,"lastStatement":5,"seen":{"f:10:16:10:28":0,"s:11:8:11:45":0,"s:13:2:17:Infinity":1,"f:13:2:13:18":1,"b:14:4:15:Infinity:undefined:undefined:undefined:undefined":0,"s:14:4:15:Infinity":2,"b:14:8:14:22:14:22:14:38":1,"s:15:6:15:Infinity":3,"s:19:2:60:Infinity":4,"b:30:11:30:Infinity:31:12:33:Infinity":2,"b:40:14:45:15:45:14:45:Infinity":3}}}
,"/Users/heaton/code/onesoul_dev/web/src/components/checkout/VoidPrizeModal.tsx": {"path":"/Users/heaton/code/onesoul_dev/web/src/components/checkout/VoidPrizeModal.tsx","statementMap":{"0":{"start":{"line":12,"column":2},"end":{"line":39,"column":null}}},"fnMap":{"0":{"name":"VoidPrizeModal","decl":{"start":{"line":11,"column":16},"end":{"line":11,"column":31}},"loc":{"start":{"line":11,"column":97},"end":{"line":39,"column":null}},"line":11}},"branchMap":{"0":{"loc":{"start":{"line":34,"column":13},"end":{"line":34,"column":null}},"type":"cond-expr","locations":[{"start":{"line":34,"column":25},"end":{"line":34,"column":73}},{"start":{"line":34,"column":72},"end":{"line":34,"column":null}}],"line":34}},"s":{"0":4},"f":{"0":4},"b":{"0":[1,3]},"meta":{"lastBranch":1,"lastFunction":1,"lastStatement":1,"seen":{"f:11:16:11:31":0,"s:12:2:39:Infinity":0,"b:34:25:34:73:34:72:34:Infinity":0}}}
,"/Users/heaton/code/onesoul_dev/web/src/components/ui/ConfirmModal.tsx": {"path":"/Users/heaton/code/onesoul_dev/web/src/components/ui/ConfirmModal.tsx","statementMap":{"0":{"start":{"line":13,"column":2},"end":{"line":39,"column":null}}},"fnMap":{"0":{"name":"ConfirmModal","decl":{"start":{"line":12,"column":16},"end":{"line":12,"column":29}},"loc":{"start":{"line":12,"column":121},"end":{"line":39,"column":null}},"line":12}},"branchMap":{"0":{"loc":{"start":{"line":12,"column":47},"end":{"line":12,"column":68}},"type":"default-arg","locations":[{"start":{"line":12,"column":62},"end":{"line":12,"column":68}}],"line":12},"1":{"loc":{"start":{"line":34,"column":13},"end":{"line":35,"column":null}},"type":"cond-expr","locations":[{"start":{"line":34,"column":25},"end":{"line":34,"column":73}},{"start":{"line":34,"column":72},"end":{"line":35,"column":null}}],"line":34}},"s":{"0":7},"f":{"0":7},"b":{"0":[7],"1":[1,6]},"meta":{"lastBranch":2,"lastFunction":1,"lastStatement":1,"seen":{"f:12:16:12:29":0,"b:12:62:12:68":0,"s:13:2:39:Infinity":0,"b:34:25:34:73:34:72:35:Infinity":1}}}
,"/Users/heaton/code/onesoul_dev/web/src/components/ui/Pagination.tsx": {"path":"/Users/heaton/code/onesoul_dev/web/src/components/ui/Pagination.tsx","statementMap":{"0":{"start":{"line":12,"column":2},"end":{"line":12,"column":null}},"1":{"start":{"line":12,"column":23},"end":{"line":12,"column":null}},"2":{"start":{"line":14,"column":8},"end":{"line":16,"column":null}},"3":{"start":{"line":15,"column":4},"end":{"line":15,"column":null}},"4":{"start":{"line":16,"column":4},"end":{"line":16,"column":null}},"5":{"start":{"line":20,"column":8},"end":{"line":37,"column":null}},"6":{"start":{"line":21,"column":38},"end":{"line":21,"column":40}},"7":{"start":{"line":22,"column":18},"end":{"line":22,"column":null}},"8":{"start":{"line":25,"column":4},"end":{"line":25,"column":null}},"9":{"start":{"line":27,"column":23},"end":{"line":27,"column":55}},"10":{"start":{"line":28,"column":21},"end":{"line":28,"column":66}},"11":{"start":{"line":30,"column":4},"end":{"line":30,"column":null}},"12":{"start":{"line":30,"column":24},"end":{"line":30,"column":null}},"13":{"start":{"line":31,"column":4},"end":{"line":31,"column":null}},"14":{"start":{"line":31,"column":17},"end":{"line":31,"column":29}},"15":{"start":{"line":31,"column":49},"end":{"line":31,"column":null}},"16":{"start":{"line":32,"column":4},"end":{"line":32,"column":null}},"17":{"start":{"line":32,"column":35},"end":{"line":32,"column":null}},"18":{"start":{"line":35,"column":4},"end":{"line":35,"column":null}},"19":{"start":{"line":35,"column":24},"end":{"line":35,"column":null}},"20":{"start":{"line":37,"column":4},"end":{"line":37,"column":null}},"21":{"start":{"line":40,"column":18},"end":{"line":40,"column":null}},"22":{"start":{"line":41,"column":8},"end":{"line":45,"column":null}},"23":{"start":{"line":42,"column":4},"end":{"line":45,"column":null}},"24":{"start":{"line":47,"column":8},"end":{"line":51,"column":null}},"25":{"start":{"line":48,"column":4},"end":{"line":51,"column":null}},"26":{"start":{"line":54,"column":2},"end":{"line":99,"column":null}},"27":{"start":{"line":69,"column":31},"end":{"line":69,"column":36}},"28":{"start":{"line":73,"column":31},"end":{"line":73,"column":50}},"29":{"start":{"line":79,"column":10},"end":{"line":88,"column":null}},"30":{"start":{"line":84,"column":29},"end":{"line":84,"column":34}},"31":{"start":{"line":93,"column":31},"end":{"line":93,"column":50}},"32":{"start":{"line":97,"column":31},"end":{"line":97,"column":45}}},"fnMap":{"0":{"name":"Pagination","decl":{"start":{"line":11,"column":16},"end":{"line":11,"column":27}},"loc":{"start":{"line":11,"column":99},"end":{"line":99,"column":null}},"line":11},"1":{"name":"(anonymous_1)","decl":{"start":{"line":14,"column":8},"end":{"line":14,"column":14}},"loc":{"start":{"line":14,"column":31},"end":{"line":16,"column":null}},"line":14},"2":{"name":"(anonymous_2)","decl":{"start":{"line":20,"column":8},"end":{"line":20,"column":51}},"loc":{"start":{"line":20,"column":51},"end":{"line":37,"column":null}},"line":20},"3":{"name":"(anonymous_3)","decl":{"start":{"line":41,"column":8},"end":{"line":41,"column":19}},"loc":{"start":{"line":42,"column":4},"end":{"line":45,"column":null}},"line":42},"4":{"name":"(anonymous_4)","decl":{"start":{"line":47,"column":8},"end":{"line":47,"column":18}},"loc":{"start":{"line":48,"column":4},"end":{"line":51,"column":null}},"line":48},"5":{"name":"(anonymous_5)","decl":{"start":{"line":69,"column":16},"end":{"line":69,"column":31}},"loc":{"start":{"line":69,"column":31},"end":{"line":69,"column":36}},"line":69},"6":{"name":"(anonymous_6)","decl":{"start":{"line":73,"column":16},"end":{"line":73,"column":31}},"loc":{"start":{"line":73,"column":31},"end":{"line":73,"column":50}},"line":73},"7":{"name":"(anonymous_7)","decl":{"start":{"line":78,"column":26},"end":{"line":78,"column":31}},"loc":{"start":{"line":79,"column":10},"end":{"line":88,"column":null}},"line":79},"8":{"name":"(anonymous_8)","decl":{"start":{"line":84,"column":14},"end":{"line":84,"column":29}},"loc":{"start":{"line":84,"column":29},"end":{"line":84,"column":34}},"line":84},"9":{"name":"(anonymous_9)","decl":{"start":{"line":93,"column":16},"end":{"line":93,"column":31}},"loc":{"start":{"line":93,"column":31},"end":{"line":93,"column":50}},"line":93},"10":{"name":"(anonymous_10)","decl":{"start":{"line":97,"column":16},"end":{"line":97,"column":31}},"loc":{"start":{"line":97,"column":31},"end":{"line":97,"column":45}},"line":97}},"branchMap":{"0":{"loc":{"start":{"line":12,"column":2},"end":{"line":12,"column":null}},"type":"if","locations":[{"start":{"line":12,"column":2},"end":{"line":12,"column":null}},{"start":{},"end":{}}],"line":12},"1":{"loc":{"start":{"line":30,"column":4},"end":{"line":30,"column":null}},"type":"if","locations":[{"start":{"line":30,"column":4},"end":{"line":30,"column":null}},{"start":{},"end":{}}],"line":30},"2":{"loc":{"start":{"line":32,"column":4},"end":{"line":32,"column":null}},"type":"if","locations":[{"start":{"line":32,"column":4},"end":{"line":32,"column":null}},{"start":{},"end":{}}],"line":32},"3":{"loc":{"start":{"line":35,"column":4},"end":{"line":35,"column":null}},"type":"if","locations":[{"start":{"line":35,"column":4},"end":{"line":35,"column":null}},{"start":{},"end":{}}],"line":35},"4":{"loc":{"start":{"line":43,"column":6},"end":{"line":45,"column":null}},"type":"cond-expr","locations":[{"start":{"line":44,"column":10},"end":{"line":44,"column":null}},{"start":{"line":45,"column":10},"end":{"line":45,"column":null}}],"line":43},"5":{"loc":{"start":{"line":49,"column":6},"end":{"line":51,"column":null}},"type":"cond-expr","locations":[{"start":{"line":50,"column":10},"end":{"line":50,"column":null}},{"start":{"line":51,"column":10},"end":{"line":51,"column":null}}],"line":49},"6":{"loc":{"start":{"line":59,"column":9},"end":{"line":61,"column":null}},"type":"binary-expr","locations":[{"start":{"line":59,"column":9},"end":{"line":59,"column":null}},{"start":{"line":60,"column":10},"end":{"line":61,"column":null}}],"line":59},"7":{"loc":{"start":{"line":79,"column":10},"end":{"line":88,"column":null}},"type":"cond-expr","locations":[{"start":{"line":80,"column":12},"end":{"line":80,"column":null}},{"start":{"line":82,"column":12},"end":{"line":88,"column":null}}],"line":79}},"s":{"0":11,"1":1,"2":10,"3":5,"4":5,"5":10,"6":10,"7":10,"8":10,"9":10,"10":10,"11":10,"12":3,"13":10,"14":10,"15":20,"16":10,"17":7,"18":10,"19":10,"20":10,"21":10,"22":10,"23":40,"24":10,"25":40,"26":10,"27":1,"28":1,"29":50,"30":1,"31":1,"32":1},"f":{"0":11,"1":5,"2":10,"3":40,"4":40,"5":1,"6":1,"7":50,"8":1,"9":1,"10":1},"b":{"0":[1,10],"1":[3,7],"2":[7,3],"3":[10,0],"4":[10,30],"5":[8,32],"6":[10,1],"7":[10,40]},"meta":{"lastBranch":8,"lastFunction":11,"lastStatement":33,"seen":{"f:11:16:11:27":0,"b:12:2:12:Infinity:undefined:undefined:undefined:undefined":0,"s:12:2:12:Infinity":0,"s:12:23:12:Infinity":1,"s:14:8:16:Infinity":2,"f:14:8:14:14":1,"s:15:4:15:Infinity":3,"s:16:4:16:Infinity":4,"s:20:8:37:Infinity":5,"f:20:8:20:51":2,"s:21:38:21:40":6,"s:22:18:22:Infinity":7,"s:25:4:25:Infinity":8,"s:27:23:27:55":9,"s:28:21:28:66":10,"b:30:4:30:Infinity:undefined:undefined:undefined:undefined":1,"s:30:4:30:Infinity":11,"s:30:24:30:Infinity":12,"s:31:4:31:Infinity":13,"s:31:17:31:29":14,"s:31:49:31:Infinity":15,"b:32:4:32:Infinity:undefined:undefined:undefined:undefined":2,"s:32:4:32:Infinity":16,"s:32:35:32:Infinity":17,"b:35:4:35:Infinity:undefined:undefined:undefined:undefined":3,"s:35:4:35:Infinity":18,"s:35:24:35:Infinity":19,"s:37:4:37:Infinity":20,"s:40:18:40:Infinity":21,"s:41:8:45:Infinity":22,"f:41:8:41:19":3,"s:42:4:45:Infinity":23,"b:44:10:44:Infinity:45:10:45:Infinity":4,"s:47:8:51:Infinity":24,"f:47:8:47:18":4,"s:48:4:51:Infinity":25,"b:50:10:50:Infinity:51:10:51:Infinity":5,"s:54:2:99:Infinity":26,"b:59:9:59:Infinity:60:10:61:Infinity":6,"f:69:16:69:31":5,"s:69:31:69:36":27,"f:73:16:73:31":6,"s:73:31:73:50":28,"f:78:26:78:31":7,"s:79:10:88:Infinity":29,"b:80:12:80:Infinity:82:12:88:Infinity":7,"f:84:14:84:29":8,"s:84:29:84:34":30,"f:93:16:93:31":9,"s:93:31:93:50":31,"f:97:16:97:31":10,"s:97:31:97:45":32}}}
,"/Users/heaton/code/onesoul_dev/web/src/components/ui/SearchInput.tsx": {"path":"/Users/heaton/code/onesoul_dev/web/src/components/ui/SearchInput.tsx","statementMap":{"0":{"start":{"line":11,"column":2},"end":{"line":24,"column":null}},"1":{"start":{"line":18,"column":23},"end":{"line":18,"column":47}},"2":{"start":{"line":22,"column":31},"end":{"line":22,"column":43}}},"fnMap":{"0":{"name":"SearchInput","decl":{"start":{"line":10,"column":16},"end":{"line":10,"column":28}},"loc":{"start":{"line":10,"column":106},"end":{"line":24,"column":null}},"line":10},"1":{"name":"(anonymous_1)","decl":{"start":{"line":18,"column":8},"end":{"line":18,"column":18}},"loc":{"start":{"line":18,"column":23},"end":{"line":18,"column":47}},"line":18},"2":{"name":"(anonymous_2)","decl":{"start":{"line":22,"column":16},"end":{"line":22,"column":31}},"loc":{"start":{"line":22,"column":31},"end":{"line":22,"column":43}},"line":22}},"branchMap":{"0":{"loc":{"start":{"line":10,"column":47},"end":{"line":10,"column":70}},"type":"default-arg","locations":[{"start":{"line":10,"column":61},"end":{"line":10,"column":70}}],"line":10},"1":{"loc":{"start":{"line":10,"column":70},"end":{"line":10,"column":106}},"type":"default-arg","locations":[{"start":{"line":10,"column":82},"end":{"line":10,"column":106}}],"line":10},"2":{"loc":{"start":{"line":21,"column":7},"end":{"line":24,"column":null}},"type":"binary-expr","locations":[{"start":{"line":21,"column":7},"end":{"line":21,"column":null}},{"start":{"line":22,"column":8},"end":{"line":24,"column":null}}],"line":21}},"s":{"0":6,"1":1,"2":1},"f":{"0":6,"1":1,"2":1},"b":{"0":[6],"1":[6],"2":[6,2]},"meta":{"lastBranch":3,"lastFunction":3,"lastStatement":3,"seen":{"f:10:16:10:28":0,"b:10:61:10:70":0,"b:10:82:10:106":1,"s:11:2:24:Infinity":0,"f:18:8:18:18":1,"s:18:23:18:47":1,"b:21:7:21:Infinity:22:8:24:Infinity":2,"f:22:16:22:31":2,"s:22:31:22:43":2}}}
,"/Users/heaton/code/onesoul_dev/web/src/components/ui/StatusBanner.tsx": {"path":"/Users/heaton/code/onesoul_dev/web/src/components/ui/StatusBanner.tsx","statementMap":{"0":{"start":{"line":9,"column":2},"end":{"line":20,"column":null}},"1":{"start":{"line":10,"column":4},"end":{"line":20,"column":null}},"2":{"start":{"line":24,"column":2},"end":{"line":32,"column":null}},"3":{"start":{"line":25,"column":4},"end":{"line":32,"column":null}},"4":{"start":{"line":36,"column":14},"end":{"line":36,"column":null}},"5":{"start":{"line":37,"column":2},"end":{"line":37,"column":null}}},"fnMap":{"0":{"name":"StatusBanner","decl":{"start":{"line":8,"column":16},"end":{"line":8,"column":29}},"loc":{"start":{"line":8,"column":72},"end":{"line":37,"column":null}},"line":8}},"branchMap":{"0":{"loc":{"start":{"line":9,"column":2},"end":{"line":20,"column":null}},"type":"if","locations":[{"start":{"line":9,"column":2},"end":{"line":20,"column":null}},{"start":{},"end":{}}],"line":9},"1":{"loc":{"start":{"line":24,"column":2},"end":{"line":32,"column":null}},"type":"if","locations":[{"start":{"line":24,"column":2},"end":{"line":32,"column":null}},{"start":{},"end":{}}],"line":24},"2":{"loc":{"start":{"line":28,"column":11},"end":{"line":28,"column":null}},"type":"binary-expr","locations":[{"start":{"line":28,"column":11},"end":{"line":28,"column":22}},{"start":{"line":28,"column":22},"end":{"line":28,"column":null}}],"line":28}},"s":{"0":5,"1":1,"2":4,"3":3,"4":1,"5":1},"f":{"0":5},"b":{"0":[1,4],"1":[3,1],"2":[3,1]},"meta":{"lastBranch":3,"lastFunction":1,"lastStatement":6,"seen":{"f:8:16:8:29":0,"b:9:2:20:Infinity:undefined:undefined:undefined:undefined":0,"s:9:2:20:Infinity":0,"s:10:4:20:Infinity":1,"b:24:2:32:Infinity:undefined:undefined:undefined:undefined":1,"s:24:2:32:Infinity":2,"s:25:4:32:Infinity":3,"b:28:11:28:22:28:22:28:Infinity":2,"s:36:14:36:Infinity":4,"s:37:2:37:Infinity":5}}}
,"/Users/heaton/code/onesoul_dev/web/src/constants/index.tsx": {"path":"/Users/heaton/code/onesoul_dev/web/src/constants/index.tsx","statementMap":{"0":{"start":{"line":22,"column":23},"end":{"line":22,"column":null}},"1":{"start":{"line":23,"column":23},"end":{"line":23,"column":null}},"2":{"start":{"line":26,"column":32},"end":{"line":26,"column":null}},"3":{"start":{"line":29,"column":74},"end":{"line":42,"column":null}}},"fnMap":{},"branchMap":{},"s":{"0":4,"1":4,"2":4,"3":4},"f":{},"b":{},"meta":{"lastBranch":0,"lastFunction":0,"lastStatement":4,"seen":{"s:22:23:22:Infinity":0,"s:23:23:23:Infinity":1,"s:26:32:26:Infinity":2,"s:29:74:42:Infinity":3}}}
,"/Users/heaton/code/onesoul_dev/web/src/constants/messages.ts": {"path":"/Users/heaton/code/onesoul_dev/web/src/constants/messages.ts","statementMap":{"0":{"start":{"line":3,"column":19},"end":{"line":73,"column":null}},"1":{"start":{"line":6,"column":45},"end":{"line":6,"column":null}},"2":{"start":{"line":8,"column":48},"end":{"line":8,"column":null}},"3":{"start":{"line":9,"column":38},"end":{"line":9,"column":null}},"4":{"start":{"line":13,"column":39},"end":{"line":13,"column":null}},"5":{"start":{"line":14,"column":27},"end":{"line":14,"column":null}},"6":{"start":{"line":24,"column":32},"end":{"line":24,"column":null}},"7":{"start":{"line":30,"column":33},"end":{"line":30,"column":null}},"8":{"start":{"line":33,"column":35},"end":{"line":33,"column":null}},"9":{"start":{"line":34,"column":31},"end":{"line":34,"column":null}},"10":{"start":{"line":40,"column":35},"end":{"line":40,"column":null}},"11":{"start":{"line":48,"column":33},"end":{"line":48,"column":null}},"12":{"start":{"line":55,"column":36},"end":{"line":55,"column":null}},"13":{"start":{"line":58,"column":31},"end":{"line":58,"column":null}},"14":{"start":{"line":67,"column":38},"end":{"line":67,"column":null}},"15":{"start":{"line":68,"column":36},"end":{"line":68,"column":null}},"16":{"start":{"line":70,"column":55},"end":{"line":70,"column":null}},"17":{"start":{"line":71,"column":59},"end":{"line":71,"column":null}}},"fnMap":{"0":{"name":"(anonymous_0)","decl":{"start":{"line":6,"column":4},"end":{"line":6,"column":19}},"loc":{"start":{"line":6,"column":45},"end":{"line":6,"column":null}},"line":6},"1":{"name":"(anonymous_1)","decl":{"start":{"line":8,"column":4},"end":{"line":8,"column":18}},"loc":{"start":{"line":8,"column":48},"end":{"line":8,"column":null}},"line":8},"2":{"name":"(anonymous_2)","decl":{"start":{"line":9,"column":4},"end":{"line":9,"column":21}},"loc":{"start":{"line":9,"column":38},"end":{"line":9,"column":null}},"line":9},"3":{"name":"(anonymous_3)","decl":{"start":{"line":13,"column":4},"end":{"line":13,"column":14}},"loc":{"start":{"line":13,"column":39},"end":{"line":13,"column":null}},"line":13},"4":{"name":"(anonymous_4)","decl":{"start":{"line":14,"column":4},"end":{"line":14,"column":11}},"loc":{"start":{"line":14,"column":27},"end":{"line":14,"column":null}},"line":14},"5":{"name":"(anonymous_5)","decl":{"start":{"line":24,"column":4},"end":{"line":24,"column":15}},"loc":{"start":{"line":24,"column":32},"end":{"line":24,"column":null}},"line":24},"6":{"name":"(anonymous_6)","decl":{"start":{"line":30,"column":4},"end":{"line":30,"column":16}},"loc":{"start":{"line":30,"column":33},"end":{"line":30,"column":null}},"line":30},"7":{"name":"(anonymous_7)","decl":{"start":{"line":33,"column":4},"end":{"line":33,"column":18}},"loc":{"start":{"line":33,"column":35},"end":{"line":33,"column":null}},"line":33},"8":{"name":"(anonymous_8)","decl":{"start":{"line":34,"column":4},"end":{"line":34,"column":15}},"loc":{"start":{"line":34,"column":31},"end":{"line":34,"column":null}},"line":34},"9":{"name":"(anonymous_9)","decl":{"start":{"line":40,"column":4},"end":{"line":40,"column":19}},"loc":{"start":{"line":40,"column":35},"end":{"line":40,"column":null}},"line":40},"10":{"name":"(anonymous_10)","decl":{"start":{"line":48,"column":4},"end":{"line":48,"column":16}},"loc":{"start":{"line":48,"column":33},"end":{"line":48,"column":null}},"line":48},"11":{"name":"(anonymous_11)","decl":{"start":{"line":55,"column":4},"end":{"line":55,"column":22}},"loc":{"start":{"line":55,"column":36},"end":{"line":55,"column":null}},"line":55},"12":{"name":"(anonymous_12)","decl":{"start":{"line":58,"column":4},"end":{"line":58,"column":15}},"loc":{"start":{"line":58,"column":31},"end":{"line":58,"column":null}},"line":58},"13":{"name":"(anonymous_13)","decl":{"start":{"line":67,"column":4},"end":{"line":67,"column":24}},"loc":{"start":{"line":67,"column":38},"end":{"line":67,"column":null}},"line":67},"14":{"name":"(anonymous_14)","decl":{"start":{"line":68,"column":4},"end":{"line":68,"column":22}},"loc":{"start":{"line":68,"column":36},"end":{"line":68,"column":null}},"line":68},"15":{"name":"(anonymous_15)","decl":{"start":{"line":70,"column":4},"end":{"line":70,"column":21}},"loc":{"start":{"line":70,"column":55},"end":{"line":70,"column":null}},"line":70},"16":{"name":"(anonymous_16)","decl":{"start":{"line":71,"column":4},"end":{"line":71,"column":25}},"loc":{"start":{"line":71,"column":59},"end":{"line":71,"column":null}},"line":71}},"branchMap":{"0":{"loc":{"start":{"line":9,"column":43},"end":{"line":9,"column":null}},"type":"binary-expr","locations":[{"start":{"line":9,"column":43},"end":{"line":9,"column":50}},{"start":{"line":9,"column":50},"end":{"line":9,"column":null}}],"line":9},"1":{"loc":{"start":{"line":24,"column":32},"end":{"line":24,"column":null}},"type":"binary-expr","locations":[{"start":{"line":24,"column":32},"end":{"line":24,"column":39}},{"start":{"line":24,"column":39},"end":{"line":24,"column":null}}],"line":24},"2":{"loc":{"start":{"line":30,"column":33},"end":{"line":30,"column":null}},"type":"binary-expr","locations":[{"start":{"line":30,"column":33},"end":{"line":30,"column":40}},{"start":{"line":30,"column":40},"end":{"line":30,"column":null}}],"line":30},"3":{"loc":{"start":{"line":33,"column":35},"end":{"line":33,"column":null}},"type":"binary-expr","locations":[{"start":{"line":33,"column":35},"end":{"line":33,"column":42}},{"start":{"line":33,"column":42},"end":{"line":33,"column":null}}],"line":33},"4":{"loc":{"start":{"line":48,"column":33},"end":{"line":48,"column":null}},"type":"binary-expr","locations":[{"start":{"line":48,"column":33},"end":{"line":48,"column":40}},{"start":{"line":48,"column":40},"end":{"line":48,"column":null}}],"line":48}},"s":{"0":1,"1":0,"2":0,"3":0,"4":0,"5":0,"6":0,"7":0,"8":0,"9":0,"10":0,"11":0,"12":0,"13":0,"14":1,"15":1,"16":1,"17":1},"f":{"0":0,"1":0,"2":0,"3":0,"4":0,"5":0,"6":0,"7":0,"8":0,"9":0,"10":0,"11":0,"12":0,"13":1,"14":1,"15":1,"16":1},"b":{"0":[0,0],"1":[0,0],"2":[0,0],"3":[0,0],"4":[0,0]},"meta":{"lastBranch":5,"lastFunction":17,"lastStatement":18,"seen":{"s:3:19:73:Infinity":0,"f:6:4:6:19":0,"s:6:45:6:Infinity":1,"f:8:4:8:18":1,"s:8:48:8:Infinity":2,"f:9:4:9:21":2,"s:9:38:9:Infinity":3,"b:9:43:9:50:9:50:9:Infinity":0,"f:13:4:13:14":3,"s:13:39:13:Infinity":4,"f:14:4:14:11":4,"s:14:27:14:Infinity":5,"f:24:4:24:15":5,"s:24:32:24:Infinity":6,"b:24:32:24:39:24:39:24:Infinity":1,"f:30:4:30:16":6,"s:30:33:30:Infinity":7,"b:30:33:30:40:30:40:30:Infinity":2,"f:33:4:33:18":7,"s:33:35:33:Infinity":8,"b:33:35:33:42:33:42:33:Infinity":3,"f:34:4:34:15":8,"s:34:31:34:Infinity":9,"f:40:4:40:19":9,"s:40:35:40:Infinity":10,"f:48:4:48:16":10,"s:48:33:48:Infinity":11,"b:48:33:48:40:48:40:48:Infinity":4,"f:55:4:55:22":11,"s:55:36:55:Infinity":12,"f:58:4:58:15":12,"s:58:31:58:Infinity":13,"f:67:4:67:24":13,"s:67:38:67:Infinity":14,"f:68:4:68:22":14,"s:68:36:68:Infinity":15,"f:70:4:70:21":15,"s:70:55:70:Infinity":16,"f:71:4:71:25":16,"s:71:59:71:Infinity":17}}}
,"/Users/heaton/code/onesoul_dev/web/src/logic/auth.ts": {"path":"/Users/heaton/code/onesoul_dev/web/src/logic/auth.ts","statementMap":{"0":{"start":{"line":9,"column":2},"end":{"line":12,"column":null}},"1":{"start":{"line":10,"column":19},"end":{"line":10,"column":76}},"2":{"start":{"line":11,"column":4},"end":{"line":11,"column":null}},"3":{"start":{"line":12,"column":12},"end":{"line":12,"column":null}},"4":{"start":{"line":20,"column":21},"end":{"line":20,"column":40}},"5":{"start":{"line":21,"column":2},"end":{"line":21,"column":null}},"6":{"start":{"line":29,"column":2},"end":{"line":29,"column":null}},"7":{"start":{"line":38,"column":18},"end":{"line":38,"column":41}},"8":{"start":{"line":39,"column":2},"end":{"line":39,"column":null}},"9":{"start":{"line":39,"column":21},"end":{"line":39,"column":null}},"10":{"start":{"line":40,"column":2},"end":{"line":40,"column":null}},"11":{"start":{"line":49,"column":18},"end":{"line":49,"column":41}},"12":{"start":{"line":50,"column":2},"end":{"line":50,"column":null}},"13":{"start":{"line":50,"column":21},"end":{"line":50,"column":null}},"14":{"start":{"line":51,"column":16},"end":{"line":51,"column":null}},"15":{"start":{"line":52,"column":2},"end":{"line":52,"column":null}},"16":{"start":{"line":52,"column":21},"end":{"line":52,"column":null}},"17":{"start":{"line":53,"column":2},"end":{"line":53,"column":null}},"18":{"start":{"line":61,"column":18},"end":{"line":61,"column":46}},"19":{"start":{"line":62,"column":2},"end":{"line":63,"column":null}},"20":{"start":{"line":63,"column":4},"end":{"line":63,"column":null}},"21":{"start":{"line":65,"column":16},"end":{"line":65,"column":43}},"22":{"start":{"line":66,"column":16},"end":{"line":66,"column":41}},"23":{"start":{"line":67,"column":2},"end":{"line":68,"column":null}},"24":{"start":{"line":68,"column":4},"end":{"line":68,"column":null}},"25":{"start":{"line":70,"column":2},"end":{"line":78,"column":null}}},"fnMap":{"0":{"name":"decodeJwtPayload","decl":{"start":{"line":8,"column":16},"end":{"line":8,"column":33}},"loc":{"start":{"line":8,"column":53},"end":{"line":12,"column":null}},"line":8},"1":{"name":"getAuthorizedRoles","decl":{"start":{"line":19,"column":16},"end":{"line":19,"column":35}},"loc":{"start":{"line":19,"column":67},"end":{"line":21,"column":null}},"line":19},"2":{"name":"getAllowedBranches","decl":{"start":{"line":28,"column":16},"end":{"line":28,"column":35}},"loc":{"start":{"line":28,"column":60},"end":{"line":29,"column":null}},"line":28},"3":{"name":"isTokenExpired","decl":{"start":{"line":37,"column":16},"end":{"line":37,"column":31}},"loc":{"start":{"line":37,"column":75},"end":{"line":40,"column":null}},"line":37},"4":{"name":"getRefreshDelay","decl":{"start":{"line":48,"column":16},"end":{"line":48,"column":32}},"loc":{"start":{"line":48,"column":82},"end":{"line":53,"column":null}},"line":48},"5":{"name":"parseCredential","decl":{"start":{"line":60,"column":16},"end":{"line":60,"column":32}},"loc":{"start":{"line":60,"column":162},"end":{"line":78,"column":null}},"line":60}},"branchMap":{"0":{"loc":{"start":{"line":21,"column":9},"end":{"line":21,"column":null}},"type":"binary-expr","locations":[{"start":{"line":21,"column":9},"end":{"line":21,"column":35}},{"start":{"line":21,"column":35},"end":{"line":21,"column":null}}],"line":21},"1":{"loc":{"start":{"line":29,"column":9},"end":{"line":29,"column":40}},"type":"binary-expr","locations":[{"start":{"line":29,"column":9},"end":{"line":29,"column":34}},{"start":{"line":29,"column":38},"end":{"line":29,"column":40}}],"line":29},"2":{"loc":{"start":{"line":37,"column":46},"end":{"line":37,"column":64}},"type":"default-arg","locations":[{"start":{"line":37,"column":54},"end":{"line":37,"column":64}}],"line":37},"3":{"loc":{"start":{"line":39,"column":2},"end":{"line":39,"column":null}},"type":"if","locations":[{"start":{"line":39,"column":2},"end":{"line":39,"column":null}},{"start":{},"end":{}}],"line":39},"4":{"loc":{"start":{"line":48,"column":47},"end":{"line":48,"column":65}},"type":"default-arg","locations":[{"start":{"line":48,"column":55},"end":{"line":48,"column":65}}],"line":48},"5":{"loc":{"start":{"line":50,"column":2},"end":{"line":50,"column":null}},"type":"if","locations":[{"start":{"line":50,"column":2},"end":{"line":50,"column":null}},{"start":{},"end":{}}],"line":50},"6":{"loc":{"start":{"line":52,"column":2},"end":{"line":52,"column":null}},"type":"if","locations":[{"start":{"line":52,"column":2},"end":{"line":52,"column":null}},{"start":{},"end":{}}],"line":52},"7":{"loc":{"start":{"line":62,"column":2},"end":{"line":63,"column":null}},"type":"if","locations":[{"start":{"line":62,"column":2},"end":{"line":63,"column":null}},{"start":{},"end":{}}],"line":62},"8":{"loc":{"start":{"line":67,"column":2},"end":{"line":68,"column":null}},"type":"if","locations":[{"start":{"line":67,"column":2},"end":{"line":68,"column":null}},{"start":{},"end":{}}],"line":67},"9":{"loc":{"start":{"line":73,"column":12},"end":{"line":73,"column":null}},"type":"binary-expr","locations":[{"start":{"line":73,"column":12},"end":{"line":73,"column":28}},{"start":{"line":73,"column":28},"end":{"line":73,"column":null}}],"line":73},"10":{"loc":{"start":{"line":74,"column":15},"end":{"line":74,"column":null}},"type":"binary-expr","locations":[{"start":{"line":74,"column":15},"end":{"line":74,"column":34}},{"start":{"line":74,"column":34},"end":{"line":74,"column":null}}],"line":74}},"s":{"0":23,"1":23,"2":23,"3":6,"4":11,"5":11,"6":2,"7":6,"8":6,"9":2,"10":4,"11":5,"12":5,"13":2,"14":3,"15":3,"16":1,"17":2,"18":7,"19":7,"20":2,"21":5,"22":5,"23":5,"24":1,"25":4},"f":{"0":23,"1":11,"2":2,"3":6,"4":5,"5":7},"b":{"0":[11,3],"1":[2,1],"2":[6],"3":[2,4],"4":[5],"5":[2,3],"6":[1,2],"7":[2,5],"8":[1,4],"9":[4,2],"10":[7,3]},"meta":{"lastBranch":11,"lastFunction":6,"lastStatement":26,"seen":{"f:8:16:8:33":0,"s:9:2:12:Infinity":0,"s:10:19:10:76":1,"s:11:4:11:Infinity":2,"s:12:12:12:Infinity":3,"f:19:16:19:35":1,"s:20:21:20:40":4,"s:21:2:21:Infinity":5,"b:21:9:21:35:21:35:21:Infinity":0,"f:28:16:28:35":2,"s:29:2:29:Infinity":6,"b:29:9:29:34:29:38:29:40":1,"f:37:16:37:31":3,"b:37:54:37:64":2,"s:38:18:38:41":7,"b:39:2:39:Infinity:undefined:undefined:undefined:undefined":3,"s:39:2:39:Infinity":8,"s:39:21:39:Infinity":9,"s:40:2:40:Infinity":10,"f:48:16:48:32":4,"b:48:55:48:65":4,"s:49:18:49:41":11,"b:50:2:50:Infinity:undefined:undefined:undefined:undefined":5,"s:50:2:50:Infinity":12,"s:50:21:50:Infinity":13,"s:51:16:51:Infinity":14,"b:52:2:52:Infinity:undefined:undefined:undefined:undefined":6,"s:52:2:52:Infinity":15,"s:52:21:52:Infinity":16,"s:53:2:53:Infinity":17,"f:60:16:60:32":5,"s:61:18:61:46":18,"b:62:2:63:Infinity:undefined:undefined:undefined:undefined":7,"s:62:2:63:Infinity":19,"s:63:4:63:Infinity":20,"s:65:16:65:43":21,"s:66:16:66:41":22,"b:67:2:68:Infinity:undefined:undefined:undefined:undefined":8,"s:67:2:68:Infinity":23,"s:68:4:68:Infinity":24,"s:70:2:78:Infinity":25,"b:73:12:73:28:73:28:73:Infinity":9,"b:74:15:74:34:74:34:74:Infinity":10}}}
,"/Users/heaton/code/onesoul_dev/web/src/logic/checkout.ts": {"path":"/Users/heaton/code/onesoul_dev/web/src/logic/checkout.ts","statementMap":{"0":{"start":{"line":6,"column":13},"end":{"line":9,"column":null}},"1":{"start":{"line":6,"column":48},"end":{"line":9,"column":null}},"2":{"start":{"line":11,"column":13},"end":{"line":14,"column":null}},"3":{"start":{"line":11,"column":44},"end":{"line":14,"column":null}},"4":{"start":{"line":18,"column":12},"end":{"line":18,"column":15}},"5":{"start":{"line":18,"column":21},"end":{"line":18,"column":null}},"6":{"start":{"line":19,"column":2},"end":{"line":22,"column":null}},"7":{"start":{"line":20,"column":4},"end":{"line":20,"column":null}},"8":{"start":{"line":21,"column":4},"end":{"line":21,"column":null}},"9":{"start":{"line":23,"column":2},"end":{"line":28,"column":null}},"10":{"start":{"line":24,"column":4},"end":{"line":25,"column":null}},"11":{"start":{"line":24,"column":33},"end":{"line":24,"column":null}},"12":{"start":{"line":25,"column":13},"end":{"line":25,"column":null}},"13":{"start":{"line":25,"column":38},"end":{"line":25,"column":null}},"14":{"start":{"line":26,"column":4},"end":{"line":26,"column":null}},"15":{"start":{"line":26,"column":27},"end":{"line":26,"column":null}},"16":{"start":{"line":27,"column":4},"end":{"line":27,"column":null}},"17":{"start":{"line":27,"column":27},"end":{"line":27,"column":null}},"18":{"start":{"line":29,"column":2},"end":{"line":29,"column":null}},"19":{"start":{"line":39,"column":18},"end":{"line":39,"column":null}},"20":{"start":{"line":41,"column":2},"end":{"line":55,"column":null}},"21":{"start":{"line":42,"column":21},"end":{"line":42,"column":64}},"22":{"start":{"line":42,"column":38},"end":{"line":42,"column":63}},"23":{"start":{"line":43,"column":4},"end":{"line":55,"column":null}},"24":{"start":{"line":44,"column":6},"end":{"line":44,"column":null}},"25":{"start":{"line":45,"column":6},"end":{"line":45,"column":null}},"26":{"start":{"line":46,"column":6},"end":{"line":52,"column":null}},"27":{"start":{"line":47,"column":8},"end":{"line":47,"column":null}},"28":{"start":{"line":48,"column":8},"end":{"line":48,"column":null}},"29":{"start":{"line":49,"column":8},"end":{"line":49,"column":null}},"30":{"start":{"line":52,"column":8},"end":{"line":52,"column":null}},"31":{"start":{"line":52,"column":37},"end":{"line":52,"column":58}},"32":{"start":{"line":52,"column":58},"end":{"line":52,"column":82}},"33":{"start":{"line":52,"column":82},"end":{"line":52,"column":null}},"34":{"start":{"line":55,"column":11},"end":{"line":55,"column":33}},"35":{"start":{"line":55,"column":33},"end":{"line":55,"column":56}},"36":{"start":{"line":55,"column":56},"end":{"line":55,"column":76}},"37":{"start":{"line":55,"column":76},"end":{"line":55,"column":98}},"38":{"start":{"line":55,"column":98},"end":{"line":55,"column":122}},"39":{"start":{"line":55,"column":122},"end":{"line":55,"column":146}},"40":{"start":{"line":55,"column":146},"end":{"line":55,"column":165}},"41":{"start":{"line":55,"column":165},"end":{"line":55,"column":185}},"42":{"start":{"line":55,"column":185},"end":{"line":55,"column":210}},"43":{"start":{"line":55,"column":210},"end":{"line":55,"column":null}},"44":{"start":{"line":57,"column":2},"end":{"line":67,"column":null}},"45":{"start":{"line":58,"column":25},"end":{"line":58,"column":null}},"46":{"start":{"line":59,"column":28},"end":{"line":59,"column":62}},"47":{"start":{"line":60,"column":23},"end":{"line":60,"column":123}},"48":{"start":{"line":60,"column":40},"end":{"line":60,"column":123}},"49":{"start":{"line":61,"column":4},"end":{"line":62,"column":null}},"50":{"start":{"line":61,"column":22},"end":{"line":61,"column":60}},"51":{"start":{"line":61,"column":60},"end":{"line":61,"column":102}},"52":{"start":{"line":61,"column":102},"end":{"line":61,"column":null}},"53":{"start":{"line":62,"column":11},"end":{"line":62,"column":33}},"54":{"start":{"line":62,"column":33},"end":{"line":62,"column":57}},"55":{"start":{"line":62,"column":57},"end":{"line":62,"column":81}},"56":{"start":{"line":62,"column":81},"end":{"line":62,"column":100}},"57":{"start":{"line":62,"column":100},"end":{"line":62,"column":120}},"58":{"start":{"line":62,"column":120},"end":{"line":62,"column":null}},"59":{"start":{"line":63,"column":4},"end":{"line":67,"column":null}},"60":{"start":{"line":64,"column":6},"end":{"line":67,"column":null}},"61":{"start":{"line":64,"column":29},"end":{"line":64,"column":null}},"62":{"start":{"line":65,"column":15},"end":{"line":67,"column":null}},"63":{"start":{"line":65,"column":34},"end":{"line":65,"column":null}},"64":{"start":{"line":66,"column":15},"end":{"line":67,"column":null}},"65":{"start":{"line":66,"column":30},"end":{"line":66,"column":null}},"66":{"start":{"line":67,"column":15},"end":{"line":67,"column":null}},"67":{"start":{"line":67,"column":49},"end":{"line":67,"column":70}},"68":{"start":{"line":67,"column":70},"end":{"line":67,"column":97}},"69":{"start":{"line":67,"column":97},"end":{"line":67,"column":null}},"70":{"start":{"line":71,"column":2},"end":{"line":74,"column":null}},"71":{"start":{"line":72,"column":23},"end":{"line":72,"column":150}},"72":{"start":{"line":72,"column":40},"end":{"line":72,"column":149}},"73":{"start":{"line":73,"column":4},"end":{"line":74,"column":null}},"74":{"start":{"line":74,"column":6},"end":{"line":74,"column":null}},"75":{"start":{"line":77,"column":22},"end":{"line":77,"column":null}},"76":{"start":{"line":78,"column":2},"end":{"line":86,"column":null}},"77":{"start":{"line":79,"column":4},"end":{"line":84,"column":null}},"78":{"start":{"line":80,"column":6},"end":{"line":80,"column":null}},"79":{"start":{"line":82,"column":6},"end":{"line":82,"column":null}},"80":{"start":{"line":84,"column":6},"end":{"line":84,"column":null}},"81":{"start":{"line":84,"column":28},"end":{"line":84,"column":null}},"82":{"start":{"line":86,"column":4},"end":{"line":86,"column":null}},"83":{"start":{"line":88,"column":2},"end":{"line":88,"column":null}},"84":{"start":{"line":101,"column":18},"end":{"line":101,"column":null}},"85":{"start":{"line":103,"column":2},"end":{"line":128,"column":null}},"86":{"start":{"line":104,"column":4},"end":{"line":128,"column":null}},"87":{"start":{"line":105,"column":6},"end":{"line":105,"column":null}},"88":{"start":{"line":106,"column":15},"end":{"line":128,"column":null}},"89":{"start":{"line":107,"column":6},"end":{"line":107,"column":null}},"90":{"start":{"line":109,"column":25},"end":{"line":109,"column":65}},"91":{"start":{"line":109,"column":42},"end":{"line":109,"column":64}},"92":{"start":{"line":110,"column":6},"end":{"line":128,"column":null}},"93":{"start":{"line":111,"column":8},"end":{"line":111,"column":40}},"94":{"start":{"line":111,"column":40},"end":{"line":111,"column":null}},"95":{"start":{"line":112,"column":8},"end":{"line":112,"column":44}},"96":{"start":{"line":112,"column":44},"end":{"line":112,"column":null}},"97":{"start":{"line":113,"column":8},"end":{"line":113,"column":null}},"98":{"start":{"line":114,"column":8},"end":{"line":114,"column":null}},"99":{"start":{"line":114,"column":58},"end":{"line":114,"column":null}},"100":{"start":{"line":117,"column":27},"end":{"line":117,"column":70}},"101":{"start":{"line":117,"column":47},"end":{"line":117,"column":69}},"102":{"start":{"line":118,"column":8},"end":{"line":128,"column":null}},"103":{"start":{"line":119,"column":10},"end":{"line":119,"column":42}},"104":{"start":{"line":119,"column":42},"end":{"line":119,"column":null}},"105":{"start":{"line":120,"column":10},"end":{"line":120,"column":null}},"106":{"start":{"line":121,"column":10},"end":{"line":121,"column":null}},"107":{"start":{"line":122,"column":10},"end":{"line":122,"column":null}},"108":{"start":{"line":122,"column":60},"end":{"line":122,"column":null}},"109":{"start":{"line":124,"column":30},"end":{"line":124,"column":null}},"110":{"start":{"line":125,"column":10},"end":{"line":125,"column":null}},"111":{"start":{"line":127,"column":21},"end":{"line":127,"column":65}},"112":{"start":{"line":127,"column":42},"end":{"line":127,"column":64}},"113":{"start":{"line":128,"column":10},"end":{"line":128,"column":null}},"114":{"start":{"line":128,"column":20},"end":{"line":128,"column":44}},"115":{"start":{"line":128,"column":44},"end":{"line":128,"column":81}},"116":{"start":{"line":128,"column":81},"end":{"line":128,"column":118}},"117":{"start":{"line":128,"column":118},"end":{"line":128,"column":146}},"118":{"start":{"line":128,"column":146},"end":{"line":128,"column":null}},"119":{"start":{"line":134,"column":2},"end":{"line":138,"column":null}},"120":{"start":{"line":135,"column":4},"end":{"line":138,"column":null}},"121":{"start":{"line":135,"column":60},"end":{"line":135,"column":86}},"122":{"start":{"line":135,"column":86},"end":{"line":135,"column":null}},"123":{"start":{"line":136,"column":13},"end":{"line":138,"column":null}},"124":{"start":{"line":136,"column":45},"end":{"line":136,"column":71}},"125":{"start":{"line":136,"column":71},"end":{"line":136,"column":null}},"126":{"start":{"line":137,"column":13},"end":{"line":138,"column":null}},"127":{"start":{"line":137,"column":45},"end":{"line":137,"column":71}},"128":{"start":{"line":137,"column":71},"end":{"line":137,"column":null}},"129":{"start":{"line":138,"column":11},"end":{"line":138,"column":73}},"130":{"start":{"line":138,"column":73},"end":{"line":138,"column":null}},"131":{"start":{"line":140,"column":2},"end":{"line":140,"column":null}},"132":{"start":{"line":149,"column":13},"end":{"line":149,"column":36}},"133":{"start":{"line":150,"column":2},"end":{"line":150,"column":null}},"134":{"start":{"line":150,"column":21},"end":{"line":150,"column":null}},"135":{"start":{"line":151,"column":12},"end":{"line":151,"column":28}},"136":{"start":{"line":152,"column":2},"end":{"line":155,"column":null}},"137":{"start":{"line":153,"column":4},"end":{"line":154,"column":50}},"138":{"start":{"line":169,"column":66},"end":{"line":169,"column":null}},"139":{"start":{"line":170,"column":28},"end":{"line":170,"column":95}},"140":{"start":{"line":170,"column":50},"end":{"line":170,"column":95}},"141":{"start":{"line":171,"column":24},"end":{"line":171,"column":82}},"142":{"start":{"line":171,"column":49},"end":{"line":171,"column":82}},"143":{"start":{"line":173,"column":2},"end":{"line":173,"column":null}},"144":{"start":{"line":173,"column":68},"end":{"line":173,"column":null}},"145":{"start":{"line":174,"column":2},"end":{"line":174,"column":null}},"146":{"start":{"line":174,"column":27},"end":{"line":174,"column":null}},"147":{"start":{"line":175,"column":2},"end":{"line":175,"column":null}},"148":{"start":{"line":175,"column":22},"end":{"line":175,"column":null}},"149":{"start":{"line":178,"column":19},"end":{"line":178,"column":61}},"150":{"start":{"line":179,"column":2},"end":{"line":180,"column":null}},"151":{"start":{"line":180,"column":4},"end":{"line":180,"column":null}},"152":{"start":{"line":183,"column":2},"end":{"line":186,"column":null}},"153":{"start":{"line":183,"column":15},"end":{"line":183,"column":18}},"154":{"start":{"line":184,"column":14},"end":{"line":184,"column":null}},"155":{"start":{"line":185,"column":4},"end":{"line":186,"column":null}},"156":{"start":{"line":186,"column":6},"end":{"line":186,"column":null}},"157":{"start":{"line":189,"column":2},"end":{"line":192,"column":null}},"158":{"start":{"line":189,"column":15},"end":{"line":189,"column":18}},"159":{"start":{"line":190,"column":14},"end":{"line":190,"column":null}},"160":{"start":{"line":191,"column":4},"end":{"line":192,"column":null}},"161":{"start":{"line":192,"column":6},"end":{"line":192,"column":null}},"162":{"start":{"line":196,"column":16},"end":{"line":196,"column":null}},"163":{"start":{"line":197,"column":21},"end":{"line":197,"column":109}},"164":{"start":{"line":197,"column":49},"end":{"line":197,"column":62}},"165":{"start":{"line":197,"column":90},"end":{"line":197,"column":109}},"166":{"start":{"line":198,"column":2},"end":{"line":198,"column":null}},"167":{"start":{"line":198,"column":52},"end":{"line":198,"column":null}},"168":{"start":{"line":200,"column":24},"end":{"line":200,"column":null}},"169":{"start":{"line":201,"column":2},"end":{"line":201,"column":null}},"170":{"start":{"line":201,"column":43},"end":{"line":201,"column":null}},"171":{"start":{"line":203,"column":22},"end":{"line":203,"column":null}},"172":{"start":{"line":204,"column":23},"end":{"line":204,"column":null}},"173":{"start":{"line":205,"column":2},"end":{"line":206,"column":null}},"174":{"start":{"line":206,"column":4},"end":{"line":206,"column":null}},"175":{"start":{"line":209,"column":2},"end":{"line":209,"column":null}}},"fnMap":{"0":{"name":"(anonymous_0)","decl":{"start":{"line":6,"column":13},"end":{"line":6,"column":48}},"loc":{"start":{"line":6,"column":48},"end":{"line":9,"column":null}},"line":6},"1":{"name":"(anonymous_1)","decl":{"start":{"line":11,"column":13},"end":{"line":11,"column":44}},"loc":{"start":{"line":11,"column":44},"end":{"line":14,"column":null}},"line":11},"2":{"name":"calcSummary","decl":{"start":{"line":17,"column":16},"end":{"line":17,"column":28}},"loc":{"start":{"line":17,"column":81},"end":{"line":29,"column":null}},"line":17},"3":{"name":"(anonymous_3)","decl":{"start":{"line":19,"column":12},"end":{"line":19,"column":20}},"loc":{"start":{"line":19,"column":26},"end":{"line":22,"column":null}},"line":19},"4":{"name":"(anonymous_4)","decl":{"start":{"line":23,"column":15},"end":{"line":23,"column":23}},"loc":{"start":{"line":23,"column":29},"end":{"line":28,"column":null}},"line":23},"5":{"name":"applyLotteryUpdate","decl":{"start":{"line":33,"column":16},"end":{"line":33,"column":null}},"loc":{"start":{"line":38,"column":15},"end":{"line":88,"column":null}},"line":38},"6":{"name":"(anonymous_6)","decl":{"start":{"line":42,"column":28},"end":{"line":42,"column":33}},"loc":{"start":{"line":42,"column":38},"end":{"line":42,"column":63}},"line":42},"7":{"name":"(anonymous_7)","decl":{"start":{"line":60,"column":30},"end":{"line":60,"column":35}},"loc":{"start":{"line":60,"column":40},"end":{"line":60,"column":123}},"line":60},"8":{"name":"(anonymous_8)","decl":{"start":{"line":72,"column":30},"end":{"line":72,"column":35}},"loc":{"start":{"line":72,"column":40},"end":{"line":72,"column":149}},"line":72},"9":{"name":"applyMerchUpdate","decl":{"start":{"line":92,"column":16},"end":{"line":92,"column":null}},"loc":{"start":{"line":100,"column":13},"end":{"line":140,"column":null}},"line":100},"10":{"name":"(anonymous_10)","decl":{"start":{"line":109,"column":32},"end":{"line":109,"column":37}},"loc":{"start":{"line":109,"column":42},"end":{"line":109,"column":64}},"line":109},"11":{"name":"(anonymous_11)","decl":{"start":{"line":117,"column":37},"end":{"line":117,"column":42}},"loc":{"start":{"line":117,"column":47},"end":{"line":117,"column":69}},"line":117},"12":{"name":"(anonymous_12)","decl":{"start":{"line":127,"column":32},"end":{"line":127,"column":37}},"loc":{"start":{"line":127,"column":42},"end":{"line":127,"column":64}},"line":127},"13":{"name":"filterMembers","decl":{"start":{"line":144,"column":16},"end":{"line":144,"column":null}},"loc":{"start":{"line":148,"column":7},"end":{"line":155,"column":null}},"line":148},"14":{"name":"(anonymous_14)","decl":{"start":{"line":152,"column":17},"end":{"line":152,"column":24}},"loc":{"start":{"line":153,"column":4},"end":{"line":154,"column":50}},"line":153},"15":{"name":"validateCheckout","decl":{"start":{"line":168,"column":16},"end":{"line":168,"column":33}},"loc":{"start":{"line":168,"column":72},"end":{"line":209,"column":null}},"line":168},"16":{"name":"(anonymous_16)","decl":{"start":{"line":170,"column":38},"end":{"line":170,"column":45}},"loc":{"start":{"line":170,"column":50},"end":{"line":170,"column":95}},"line":170},"17":{"name":"(anonymous_17)","decl":{"start":{"line":171,"column":37},"end":{"line":171,"column":44}},"loc":{"start":{"line":171,"column":49},"end":{"line":171,"column":82}},"line":171},"18":{"name":"(anonymous_18)","decl":{"start":{"line":197,"column":39},"end":{"line":197,"column":44}},"loc":{"start":{"line":197,"column":49},"end":{"line":197,"column":62}},"line":197},"19":{"name":"(anonymous_19)","decl":{"start":{"line":197,"column":80},"end":{"line":197,"column":85}},"loc":{"start":{"line":197,"column":90},"end":{"line":197,"column":109}},"line":197}},"branchMap":{"0":{"loc":{"start":{"line":21,"column":29},"end":{"line":21,"column":null}},"type":"binary-expr","locations":[{"start":{"line":21,"column":29},"end":{"line":21,"column":46}},{"start":{"line":21,"column":46},"end":{"line":21,"column":null}}],"line":21},"1":{"loc":{"start":{"line":24,"column":4},"end":{"line":25,"column":null}},"type":"if","locations":[{"start":{"line":24,"column":4},"end":{"line":25,"column":null}},{"start":{"line":25,"column":13},"end":{"line":25,"column":null}}],"line":24},"2":{"loc":{"start":{"line":25,"column":13},"end":{"line":25,"column":null}},"type":"if","locations":[{"start":{"line":25,"column":13},"end":{"line":25,"column":null}},{"start":{},"end":{}}],"line":25},"3":{"loc":{"start":{"line":26,"column":4},"end":{"line":26,"column":null}},"type":"if","locations":[{"start":{"line":26,"column":4},"end":{"line":26,"column":null}},{"start":{},"end":{}}],"line":26},"4":{"loc":{"start":{"line":27,"column":4},"end":{"line":27,"column":null}},"type":"if","locations":[{"start":{"line":27,"column":4},"end":{"line":27,"column":null}},{"start":{},"end":{}}],"line":27},"5":{"loc":{"start":{"line":41,"column":2},"end":{"line":55,"column":null}},"type":"if","locations":[{"start":{"line":41,"column":2},"end":{"line":55,"column":null}},{"start":{},"end":{}}],"line":41},"6":{"loc":{"start":{"line":43,"column":4},"end":{"line":55,"column":null}},"type":"if","locations":[{"start":{"line":43,"column":4},"end":{"line":55,"column":null}},{"start":{"line":55,"column":9},"end":{"line":55,"column":null}}],"line":43},"7":{"loc":{"start":{"line":46,"column":6},"end":{"line":52,"column":null}},"type":"if","locations":[{"start":{"line":46,"column":6},"end":{"line":52,"column":null}},{"start":{"line":50,"column":13},"end":{"line":52,"column":null}}],"line":46},"8":{"loc":{"start":{"line":52,"column":8},"end":{"line":52,"column":null}},"type":"if","locations":[{"start":{"line":52,"column":8},"end":{"line":52,"column":null}},{"start":{},"end":{}}],"line":52},"9":{"loc":{"start":{"line":57,"column":2},"end":{"line":67,"column":null}},"type":"if","locations":[{"start":{"line":57,"column":2},"end":{"line":67,"column":null}},{"start":{},"end":{}}],"line":57},"10":{"loc":{"start":{"line":60,"column":40},"end":{"line":60,"column":123}},"type":"binary-expr","locations":[{"start":{"line":60,"column":40},"end":{"line":60,"column":66}},{"start":{"line":60,"column":66},"end":{"line":60,"column":123}}],"line":60},"11":{"loc":{"start":{"line":61,"column":4},"end":{"line":62,"column":null}},"type":"if","locations":[{"start":{"line":61,"column":4},"end":{"line":62,"column":null}},{"start":{"line":62,"column":9},"end":{"line":62,"column":null}}],"line":61},"12":{"loc":{"start":{"line":63,"column":4},"end":{"line":67,"column":null}},"type":"if","locations":[{"start":{"line":63,"column":4},"end":{"line":67,"column":null}},{"start":{},"end":{}}],"line":63},"13":{"loc":{"start":{"line":64,"column":6},"end":{"line":67,"column":null}},"type":"if","locations":[{"start":{"line":64,"column":6},"end":{"line":67,"column":null}},{"start":{"line":65,"column":15},"end":{"line":67,"column":null}}],"line":64},"14":{"loc":{"start":{"line":65,"column":15},"end":{"line":67,"column":null}},"type":"if","locations":[{"start":{"line":65,"column":15},"end":{"line":67,"column":null}},{"start":{"line":66,"column":15},"end":{"line":67,"column":null}}],"line":65},"15":{"loc":{"start":{"line":66,"column":15},"end":{"line":67,"column":null}},"type":"if","locations":[{"start":{"line":66,"column":15},"end":{"line":67,"column":null}},{"start":{"line":67,"column":15},"end":{"line":67,"column":null}}],"line":66},"16":{"loc":{"start":{"line":67,"column":15},"end":{"line":67,"column":null}},"type":"if","locations":[{"start":{"line":67,"column":15},"end":{"line":67,"column":null}},{"start":{},"end":{}}],"line":67},"17":{"loc":{"start":{"line":67,"column":15},"end":{"line":67,"column":47}},"type":"binary-expr","locations":[{"start":{"line":67,"column":15},"end":{"line":67,"column":32}},{"start":{"line":67,"column":32},"end":{"line":67,"column":47}}],"line":67},"18":{"loc":{"start":{"line":71,"column":2},"end":{"line":74,"column":null}},"type":"if","locations":[{"start":{"line":71,"column":2},"end":{"line":74,"column":null}},{"start":{},"end":{}}],"line":71},"19":{"loc":{"start":{"line":72,"column":40},"end":{"line":72,"column":149}},"type":"binary-expr","locations":[{"start":{"line":72,"column":40},"end":{"line":72,"column":66}},{"start":{"line":72,"column":66},"end":{"line":72,"column":149}}],"line":72},"20":{"loc":{"start":{"line":73,"column":4},"end":{"line":74,"column":null}},"type":"if","locations":[{"start":{"line":73,"column":4},"end":{"line":74,"column":null}},{"start":{},"end":{}}],"line":73},"21":{"loc":{"start":{"line":73,"column":8},"end":{"line":73,"column":56}},"type":"binary-expr","locations":[{"start":{"line":73,"column":8},"end":{"line":73,"column":22}},{"start":{"line":73,"column":22},"end":{"line":73,"column":56}}],"line":73},"22":{"loc":{"start":{"line":78,"column":2},"end":{"line":86,"column":null}},"type":"if","locations":[{"start":{"line":78,"column":2},"end":{"line":86,"column":null}},{"start":{},"end":{}}],"line":78},"23":{"loc":{"start":{"line":78,"column":6},"end":{"line":78,"column":74}},"type":"binary-expr","locations":[{"start":{"line":78,"column":6},"end":{"line":78,"column":28}},{"start":{"line":78,"column":28},"end":{"line":78,"column":50}},{"start":{"line":78,"column":50},"end":{"line":78,"column":74}}],"line":78},"24":{"loc":{"start":{"line":79,"column":4},"end":{"line":84,"column":null}},"type":"if","locations":[{"start":{"line":79,"column":4},"end":{"line":84,"column":null}},{"start":{"line":83,"column":11},"end":{"line":84,"column":null}}],"line":79},"25":{"loc":{"start":{"line":82,"column":39},"end":{"line":82,"column":65}},"type":"binary-expr","locations":[{"start":{"line":82,"column":39},"end":{"line":82,"column":60}},{"start":{"line":82,"column":60},"end":{"line":82,"column":65}}],"line":82},"26":{"loc":{"start":{"line":84,"column":6},"end":{"line":84,"column":null}},"type":"if","locations":[{"start":{"line":84,"column":6},"end":{"line":84,"column":null}},{"start":{},"end":{}}],"line":84},"27":{"loc":{"start":{"line":84,"column":62},"end":{"line":84,"column":null}},"type":"binary-expr","locations":[{"start":{"line":84,"column":62},"end":{"line":84,"column":83}},{"start":{"line":84,"column":83},"end":{"line":84,"column":null}}],"line":84},"28":{"loc":{"start":{"line":86,"column":26},"end":{"line":86,"column":null}},"type":"cond-expr","locations":[{"start":{"line":86,"column":51},"end":{"line":86,"column":96}},{"start":{"line":86,"column":96},"end":{"line":86,"column":null}}],"line":86},"29":{"loc":{"start":{"line":86,"column":68},"end":{"line":86,"column":96}},"type":"binary-expr","locations":[{"start":{"line":86,"column":68},"end":{"line":86,"column":90}},{"start":{"line":86,"column":90},"end":{"line":86,"column":96}}],"line":86},"30":{"loc":{"start":{"line":98,"column":2},"end":{"line":98,"column":30}},"type":"default-arg","locations":[{"start":{"line":98,"column":28},"end":{"line":98,"column":30}}],"line":98},"31":{"loc":{"start":{"line":99,"column":2},"end":{"line":99,"column":null}},"type":"default-arg","locations":[{"start":{"line":99,"column":19},"end":{"line":99,"column":null}}],"line":99},"32":{"loc":{"start":{"line":103,"column":2},"end":{"line":128,"column":null}},"type":"if","locations":[{"start":{"line":103,"column":2},"end":{"line":128,"column":null}},{"start":{},"end":{}}],"line":103},"33":{"loc":{"start":{"line":104,"column":4},"end":{"line":128,"column":null}},"type":"if","locations":[{"start":{"line":104,"column":4},"end":{"line":128,"column":null}},{"start":{"line":106,"column":15},"end":{"line":128,"column":null}}],"line":104},"34":{"loc":{"start":{"line":106,"column":15},"end":{"line":128,"column":null}},"type":"if","locations":[{"start":{"line":106,"column":15},"end":{"line":128,"column":null}},{"start":{"line":108,"column":11},"end":{"line":128,"column":null}}],"line":106},"35":{"loc":{"start":{"line":110,"column":6},"end":{"line":128,"column":null}},"type":"if","locations":[{"start":{"line":110,"column":6},"end":{"line":128,"column":null}},{"start":{"line":115,"column":13},"end":{"line":128,"column":null}}],"line":110},"36":{"loc":{"start":{"line":114,"column":8},"end":{"line":114,"column":null}},"type":"if","locations":[{"start":{"line":114,"column":8},"end":{"line":114,"column":null}},{"start":{},"end":{}}],"line":114},"37":{"loc":{"start":{"line":114,"column":12},"end":{"line":114,"column":58}},"type":"binary-expr","locations":[{"start":{"line":114,"column":12},"end":{"line":114,"column":28}},{"start":{"line":114,"column":28},"end":{"line":114,"column":58}}],"line":114},"38":{"loc":{"start":{"line":118,"column":8},"end":{"line":128,"column":null}},"type":"if","locations":[{"start":{"line":118,"column":8},"end":{"line":128,"column":null}},{"start":{"line":126,"column":15},"end":{"line":128,"column":null}}],"line":118},"39":{"loc":{"start":{"line":122,"column":10},"end":{"line":122,"column":null}},"type":"if","locations":[{"start":{"line":122,"column":10},"end":{"line":122,"column":null}},{"start":{},"end":{}}],"line":122},"40":{"loc":{"start":{"line":122,"column":14},"end":{"line":122,"column":60}},"type":"binary-expr","locations":[{"start":{"line":122,"column":14},"end":{"line":122,"column":30}},{"start":{"line":122,"column":30},"end":{"line":122,"column":60}}],"line":122},"41":{"loc":{"start":{"line":124,"column":30},"end":{"line":124,"column":null}},"type":"binary-expr","locations":[{"start":{"line":124,"column":30},"end":{"line":124,"column":51}},{"start":{"line":124,"column":51},"end":{"line":124,"column":null}}],"line":124},"42":{"loc":{"start":{"line":125,"column":27},"end":{"line":125,"column":null}},"type":"cond-expr","locations":[{"start":{"line":125,"column":67},"end":{"line":125,"column":88}},{"start":{"line":125,"column":88},"end":{"line":125,"column":null}}],"line":125},"43":{"loc":{"start":{"line":125,"column":27},"end":{"line":125,"column":67}},"type":"binary-expr","locations":[{"start":{"line":125,"column":27},"end":{"line":125,"column":42}},{"start":{"line":125,"column":42},"end":{"line":125,"column":67}}],"line":125},"44":{"loc":{"start":{"line":128,"column":10},"end":{"line":128,"column":null}},"type":"if","locations":[{"start":{"line":128,"column":10},"end":{"line":128,"column":null}},{"start":{},"end":{}}],"line":128},"45":{"loc":{"start":{"line":134,"column":2},"end":{"line":138,"column":null}},"type":"if","locations":[{"start":{"line":134,"column":2},"end":{"line":138,"column":null}},{"start":{},"end":{}}],"line":134},"46":{"loc":{"start":{"line":134,"column":6},"end":{"line":134,"column":54}},"type":"binary-expr","locations":[{"start":{"line":134,"column":6},"end":{"line":134,"column":34}},{"start":{"line":134,"column":34},"end":{"line":134,"column":54}}],"line":134},"47":{"loc":{"start":{"line":135,"column":4},"end":{"line":138,"column":null}},"type":"if","locations":[{"start":{"line":135,"column":4},"end":{"line":138,"column":null}},{"start":{"line":136,"column":13},"end":{"line":138,"column":null}}],"line":135},"48":{"loc":{"start":{"line":135,"column":8},"end":{"line":135,"column":58}},"type":"binary-expr","locations":[{"start":{"line":135,"column":8},"end":{"line":135,"column":34}},{"start":{"line":135,"column":34},"end":{"line":135,"column":58}}],"line":135},"49":{"loc":{"start":{"line":136,"column":13},"end":{"line":138,"column":null}},"type":"if","locations":[{"start":{"line":136,"column":13},"end":{"line":138,"column":null}},{"start":{"line":137,"column":13},"end":{"line":138,"column":null}}],"line":136},"50":{"loc":{"start":{"line":137,"column":13},"end":{"line":138,"column":null}},"type":"if","locations":[{"start":{"line":137,"column":13},"end":{"line":138,"column":null}},{"start":{"line":138,"column":9},"end":{"line":138,"column":null}}],"line":137},"51":{"loc":{"start":{"line":147,"column":2},"end":{"line":147,"column":null}},"type":"default-arg","locations":[{"start":{"line":147,"column":10},"end":{"line":147,"column":null}}],"line":147},"52":{"loc":{"start":{"line":149,"column":20},"end":{"line":149,"column":36}},"type":"binary-expr","locations":[{"start":{"line":149,"column":20},"end":{"line":149,"column":33}},{"start":{"line":149,"column":33},"end":{"line":149,"column":36}}],"line":149},"53":{"loc":{"start":{"line":150,"column":2},"end":{"line":150,"column":null}},"type":"if","locations":[{"start":{"line":150,"column":2},"end":{"line":150,"column":null}},{"start":{},"end":{}}],"line":150},"54":{"loc":{"start":{"line":153,"column":4},"end":{"line":154,"column":50}},"type":"binary-expr","locations":[{"start":{"line":153,"column":4},"end":{"line":153,"column":37}},{"start":{"line":154,"column":4},"end":{"line":154,"column":50}}],"line":153},"55":{"loc":{"start":{"line":153,"column":11},"end":{"line":153,"column":25}},"type":"binary-expr","locations":[{"start":{"line":153,"column":11},"end":{"line":153,"column":22}},{"start":{"line":153,"column":22},"end":{"line":153,"column":25}}],"line":153},"56":{"loc":{"start":{"line":154,"column":11},"end":{"line":154,"column":24}},"type":"binary-expr","locations":[{"start":{"line":154,"column":11},"end":{"line":154,"column":21}},{"start":{"line":154,"column":21},"end":{"line":154,"column":24}}],"line":154},"57":{"loc":{"start":{"line":170,"column":50},"end":{"line":170,"column":95}},"type":"binary-expr","locations":[{"start":{"line":170,"column":50},"end":{"line":170,"column":58}},{"start":{"line":170,"column":58},"end":{"line":170,"column":69}},{"start":{"line":170,"column":69},"end":{"line":170,"column":82}},{"start":{"line":170,"column":82},"end":{"line":170,"column":95}}],"line":170},"58":{"loc":{"start":{"line":171,"column":49},"end":{"line":171,"column":82}},"type":"binary-expr","locations":[{"start":{"line":171,"column":49},"end":{"line":171,"column":57}},{"start":{"line":171,"column":57},"end":{"line":171,"column":67}},{"start":{"line":171,"column":67},"end":{"line":171,"column":82}}],"line":171},"59":{"loc":{"start":{"line":173,"column":2},"end":{"line":173,"column":null}},"type":"if","locations":[{"start":{"line":173,"column":2},"end":{"line":173,"column":null}},{"start":{},"end":{}}],"line":173},"60":{"loc":{"start":{"line":173,"column":6},"end":{"line":173,"column":68}},"type":"binary-expr","locations":[{"start":{"line":173,"column":6},"end":{"line":173,"column":40}},{"start":{"line":173,"column":40},"end":{"line":173,"column":68}}],"line":173},"61":{"loc":{"start":{"line":174,"column":2},"end":{"line":174,"column":null}},"type":"if","locations":[{"start":{"line":174,"column":2},"end":{"line":174,"column":null}},{"start":{},"end":{}}],"line":174},"62":{"loc":{"start":{"line":175,"column":2},"end":{"line":175,"column":null}},"type":"if","locations":[{"start":{"line":175,"column":2},"end":{"line":175,"column":null}},{"start":{},"end":{}}],"line":175},"63":{"loc":{"start":{"line":179,"column":2},"end":{"line":180,"column":null}},"type":"if","locations":[{"start":{"line":179,"column":2},"end":{"line":180,"column":null}},{"start":{},"end":{}}],"line":179},"64":{"loc":{"start":{"line":179,"column":2},"end":{"line":179,"column":81}},"type":"binary-expr","locations":[{"start":{"line":179,"column":7},"end":{"line":179,"column":31}},{"start":{"line":179,"column":31},"end":{"line":179,"column":56}},{"start":{"line":179,"column":56},"end":{"line":179,"column":81}}],"line":179},"65":{"loc":{"start":{"line":185,"column":4},"end":{"line":186,"column":null}},"type":"if","locations":[{"start":{"line":185,"column":4},"end":{"line":186,"column":null}},{"start":{},"end":{}}],"line":185},"66":{"loc":{"start":{"line":185,"column":8},"end":{"line":185,"column":100}},"type":"binary-expr","locations":[{"start":{"line":185,"column":8},"end":{"line":185,"column":17}},{"start":{"line":185,"column":17},"end":{"line":185,"column":29}},{"start":{"line":185,"column":29},"end":{"line":185,"column":43}},{"start":{"line":185,"column":43},"end":{"line":185,"column":59}},{"start":{"line":185,"column":59},"end":{"line":185,"column":74}},{"start":{"line":185,"column":74},"end":{"line":185,"column":100}}],"line":185},"67":{"loc":{"start":{"line":191,"column":4},"end":{"line":192,"column":null}},"type":"if","locations":[{"start":{"line":191,"column":4},"end":{"line":192,"column":null}},{"start":{},"end":{}}],"line":191},"68":{"loc":{"start":{"line":191,"column":8},"end":{"line":191,"column":75}},"type":"binary-expr","locations":[{"start":{"line":191,"column":8},"end":{"line":191,"column":17}},{"start":{"line":191,"column":17},"end":{"line":191,"column":28}},{"start":{"line":191,"column":28},"end":{"line":191,"column":46}},{"start":{"line":191,"column":46},"end":{"line":191,"column":75}}],"line":191},"69":{"loc":{"start":{"line":196,"column":16},"end":{"line":196,"column":null}},"type":"binary-expr","locations":[{"start":{"line":196,"column":16},"end":{"line":196,"column":36}},{"start":{"line":196,"column":36},"end":{"line":196,"column":62}},{"start":{"line":196,"column":62},"end":{"line":196,"column":88}},{"start":{"line":196,"column":88},"end":{"line":196,"column":null}}],"line":196},"70":{"loc":{"start":{"line":197,"column":21},"end":{"line":197,"column":109}},"type":"binary-expr","locations":[{"start":{"line":197,"column":21},"end":{"line":197,"column":62}},{"start":{"line":197,"column":66},"end":{"line":197,"column":109}}],"line":197},"71":{"loc":{"start":{"line":198,"column":2},"end":{"line":198,"column":null}},"type":"if","locations":[{"start":{"line":198,"column":2},"end":{"line":198,"column":null}},{"start":{},"end":{}}],"line":198},"72":{"loc":{"start":{"line":198,"column":6},"end":{"line":198,"column":52}},"type":"binary-expr","locations":[{"start":{"line":198,"column":6},"end":{"line":198,"column":15}},{"start":{"line":198,"column":15},"end":{"line":198,"column":29}},{"start":{"line":198,"column":29},"end":{"line":198,"column":52}}],"line":198},"73":{"loc":{"start":{"line":201,"column":2},"end":{"line":201,"column":null}},"type":"if","locations":[{"start":{"line":201,"column":2},"end":{"line":201,"column":null}},{"start":{},"end":{}}],"line":201},"74":{"loc":{"start":{"line":203,"column":22},"end":{"line":203,"column":null}},"type":"cond-expr","locations":[{"start":{"line":203,"column":49},"end":{"line":203,"column":79}},{"start":{"line":203,"column":82},"end":{"line":203,"column":null}}],"line":203},"75":{"loc":{"start":{"line":204,"column":38},"end":{"line":204,"column":null}},"type":"binary-expr","locations":[{"start":{"line":204,"column":38},"end":{"line":204,"column":60}},{"start":{"line":204,"column":60},"end":{"line":204,"column":null}}],"line":204},"76":{"loc":{"start":{"line":205,"column":2},"end":{"line":206,"column":null}},"type":"if","locations":[{"start":{"line":205,"column":2},"end":{"line":206,"column":null}},{"start":{},"end":{}}],"line":205}},"s":{"0":1,"1":23,"2":1,"3":25,"4":8,"5":8,"6":8,"7":4,"8":4,"9":8,"10":5,"11":2,"12":3,"13":1,"14":5,"15":1,"16":5,"17":1,"18":8,"19":34,"20":34,"21":14,"22":16,"23":14,"24":13,"25":13,"26":13,"27":5,"28":5,"29":5,"30":8,"31":1,"32":1,"33":1,"34":1,"35":1,"36":1,"37":1,"38":1,"39":1,"40":1,"41":1,"42":1,"43":1,"44":34,"45":13,"46":13,"47":13,"48":22,"49":13,"50":9,"51":9,"52":9,"53":4,"54":4,"55":4,"56":4,"57":4,"58":4,"59":13,"60":10,"61":1,"62":9,"63":1,"64":8,"65":1,"66":7,"67":1,"68":1,"69":1,"70":34,"71":4,"72":8,"73":4,"74":1,"75":34,"76":34,"77":32,"78":8,"79":8,"80":24,"81":23,"82":32,"83":34,"84":18,"85":18,"86":13,"87":1,"88":12,"89":1,"90":11,"91":18,"92":11,"93":5,"94":5,"95":5,"96":5,"97":5,"98":5,"99":1,"100":6,"101":23,"102":6,"103":2,"104":2,"105":2,"106":2,"107":2,"108":1,"109":2,"110":2,"111":4,"112":4,"113":4,"114":3,"115":3,"116":3,"117":3,"118":3,"119":18,"120":18,"121":2,"122":2,"123":16,"124":1,"125":1,"126":15,"127":3,"128":3,"129":12,"130":12,"131":18,"132":5,"133":5,"134":1,"135":4,"136":4,"137":29,"138":9,"139":9,"140":1,"141":9,"142":7,"143":9,"144":1,"145":8,"146":8,"147":7,"148":7,"149":6,"150":6,"151":0,"152":6,"153":6,"154":1,"155":1,"156":1,"157":5,"158":5,"159":5,"160":5,"161":1,"162":4,"163":9,"164":0,"165":4,"166":9,"167":1,"168":3,"169":3,"170":1,"171":2,"172":9,"173":9,"174":1,"175":1},"f":{"0":23,"1":25,"2":8,"3":4,"4":5,"5":34,"6":16,"7":22,"8":8,"9":18,"10":18,"11":23,"12":4,"13":5,"14":29,"15":9,"16":1,"17":7,"18":0,"19":4},"b":{"0":[4,4],"1":[2,3],"2":[1,2],"3":[1,4],"4":[1,4],"5":[14,20],"6":[13,1],"7":[5,8],"8":[1,7],"9":[13,21],"10":[22,22],"11":[9,4],"12":[10,3],"13":[1,9],"14":[1,8],"15":[1,7],"16":[1,6],"17":[7,6],"18":[4,30],"19":[8,8],"20":[1,3],"21":[4,4],"22":[32,2],"23":[34,33,33],"24":[8,24],"25":[8,0],"26":[23,1],"27":[23,6],"28":[9,23],"29":[9,5],"30":[18],"31":[18],"32":[13,5],"33":[1,12],"34":[1,11],"35":[5,6],"36":[1,4],"37":[5,1],"38":[2,4],"39":[1,1],"40":[2,1],"41":[2,0],"42":[2,0],"43":[2,2],"44":[3,1],"45":[18,0],"46":[18,18],"47":[2,16],"48":[18,17],"49":[1,15],"50":[3,12],"51":[5],"52":[5,0],"53":[1,4],"54":[29,8],"55":[29,0],"56":[8,0],"57":[1,0,0,0],"58":[7,0,0],"59":[1,8],"60":[9,8],"61":[1,7],"62":[1,6],"63":[0,6],"64":[6,6,0],"65":[1,0],"66":[1,1,1,0,0,0],"67":[1,4],"68":[5,5,4,4],"69":[4,3,3,3],"70":[9,4],"71":[1,8],"72":[9,3,3],"73":[1,2],"74":[1,1],"75":[9,2],"76":[1,8]},"meta":{"lastBranch":77,"lastFunction":20,"lastStatement":176,"seen":{"s:6:13:9:Infinity":0,"f:6:13:6:48":0,"s:6:48:9:Infinity":1,"s:11:13:14:Infinity":2,"f:11:13:11:44":1,"s:11:44:14:Infinity":3,"f:17:16:17:28":2,"s:18:12:18:15":4,"s:18:21:18:Infinity":5,"s:19:2:22:Infinity":6,"f:19:12:19:20":3,"s:20:4:20:Infinity":7,"s:21:4:21:Infinity":8,"b:21:29:21:46:21:46:21:Infinity":0,"s:23:2:28:Infinity":9,"f:23:15:23:23":4,"b:24:4:25:Infinity:25:13:25:Infinity":1,"s:24:4:25:Infinity":10,"s:24:33:24:Infinity":11,"b:25:13:25:Infinity:undefined:undefined:undefined:undefined":2,"s:25:13:25:Infinity":12,"s:25:38:25:Infinity":13,"b:26:4:26:Infinity:undefined:undefined:undefined:undefined":3,"s:26:4:26:Infinity":14,"s:26:27:26:Infinity":15,"b:27:4:27:Infinity:undefined:undefined:undefined:undefined":4,"s:27:4:27:Infinity":16,"s:27:27:27:Infinity":17,"s:29:2:29:Infinity":18,"f:33:16:33:Infinity":5,"s:39:18:39:Infinity":19,"b:41:2:55:Infinity:undefined:undefined:undefined:undefined":5,"s:41:2:55:Infinity":20,"s:42:21:42:64":21,"f:42:28:42:33":6,"s:42:38:42:63":22,"b:43:4:55:Infinity:55:9:55:Infinity":6,"s:43:4:55:Infinity":23,"s:44:6:44:Infinity":24,"s:45:6:45:Infinity":25,"b:46:6:52:Infinity:50:13:52:Infinity":7,"s:46:6:52:Infinity":26,"s:47:8:47:Infinity":27,"s:48:8:48:Infinity":28,"s:49:8:49:Infinity":29,"b:52:8:52:Infinity:undefined:undefined:undefined:undefined":8,"s:52:8:52:Infinity":30,"s:52:37:52:58":31,"s:52:58:52:82":32,"s:52:82:52:Infinity":33,"s:55:11:55:33":34,"s:55:33:55:56":35,"s:55:56:55:76":36,"s:55:76:55:98":37,"s:55:98:55:122":38,"s:55:122:55:146":39,"s:55:146:55:165":40,"s:55:165:55:185":41,"s:55:185:55:210":42,"s:55:210:55:Infinity":43,"b:57:2:67:Infinity:undefined:undefined:undefined:undefined":9,"s:57:2:67:Infinity":44,"s:58:25:58:Infinity":45,"s:59:28:59:62":46,"s:60:23:60:123":47,"f:60:30:60:35":7,"s:60:40:60:123":48,"b:60:40:60:66:60:66:60:123":10,"b:61:4:62:Infinity:62:9:62:Infinity":11,"s:61:4:62:Infinity":49,"s:61:22:61:60":50,"s:61:60:61:102":51,"s:61:102:61:Infinity":52,"s:62:11:62:33":53,"s:62:33:62:57":54,"s:62:57:62:81":55,"s:62:81:62:100":56,"s:62:100:62:120":57,"s:62:120:62:Infinity":58,"b:63:4:67:Infinity:undefined:undefined:undefined:undefined":12,"s:63:4:67:Infinity":59,"b:64:6:67:Infinity:65:15:67:Infinity":13,"s:64:6:67:Infinity":60,"s:64:29:64:Infinity":61,"b:65:15:67:Infinity:66:15:67:Infinity":14,"s:65:15:67:Infinity":62,"s:65:34:65:Infinity":63,"b:66:15:67:Infinity:67:15:67:Infinity":15,"s:66:15:67:Infinity":64,"s:66:30:66:Infinity":65,"b:67:15:67:Infinity:undefined:undefined:undefined:undefined":16,"s:67:15:67:Infinity":66,"b:67:15:67:32:67:32:67:47":17,"s:67:49:67:70":67,"s:67:70:67:97":68,"s:67:97:67:Infinity":69,"b:71:2:74:Infinity:undefined:undefined:undefined:undefined":18,"s:71:2:74:Infinity":70,"s:72:23:72:150":71,"f:72:30:72:35":8,"s:72:40:72:149":72,"b:72:40:72:66:72:66:72:149":19,"b:73:4:74:Infinity:undefined:undefined:undefined:undefined":20,"s:73:4:74:Infinity":73,"b:73:8:73:22:73:22:73:56":21,"s:74:6:74:Infinity":74,"s:77:22:77:Infinity":75,"b:78:2:86:Infinity:undefined:undefined:undefined:undefined":22,"s:78:2:86:Infinity":76,"b:78:6:78:28:78:28:78:50:78:50:78:74":23,"b:79:4:84:Infinity:83:11:84:Infinity":24,"s:79:4:84:Infinity":77,"s:80:6:80:Infinity":78,"s:82:6:82:Infinity":79,"b:82:39:82:60:82:60:82:65":25,"b:84:6:84:Infinity:undefined:undefined:undefined:undefined":26,"s:84:6:84:Infinity":80,"s:84:28:84:Infinity":81,"b:84:62:84:83:84:83:84:Infinity":27,"s:86:4:86:Infinity":82,"b:86:51:86:96:86:96:86:Infinity":28,"b:86:68:86:90:86:90:86:96":29,"s:88:2:88:Infinity":83,"f:92:16:92:Infinity":9,"b:98:28:98:30":30,"b:99:19:99:Infinity":31,"s:101:18:101:Infinity":84,"b:103:2:128:Infinity:undefined:undefined:undefined:undefined":32,"s:103:2:128:Infinity":85,"b:104:4:128:Infinity:106:15:128:Infinity":33,"s:104:4:128:Infinity":86,"s:105:6:105:Infinity":87,"b:106:15:128:Infinity:108:11:128:Infinity":34,"s:106:15:128:Infinity":88,"s:107:6:107:Infinity":89,"s:109:25:109:65":90,"f:109:32:109:37":10,"s:109:42:109:64":91,"b:110:6:128:Infinity:115:13:128:Infinity":35,"s:110:6:128:Infinity":92,"s:111:8:111:40":93,"s:111:40:111:Infinity":94,"s:112:8:112:44":95,"s:112:44:112:Infinity":96,"s:113:8:113:Infinity":97,"b:114:8:114:Infinity:undefined:undefined:undefined:undefined":36,"s:114:8:114:Infinity":98,"b:114:12:114:28:114:28:114:58":37,"s:114:58:114:Infinity":99,"s:117:27:117:70":100,"f:117:37:117:42":11,"s:117:47:117:69":101,"b:118:8:128:Infinity:126:15:128:Infinity":38,"s:118:8:128:Infinity":102,"s:119:10:119:42":103,"s:119:42:119:Infinity":104,"s:120:10:120:Infinity":105,"s:121:10:121:Infinity":106,"b:122:10:122:Infinity:undefined:undefined:undefined:undefined":39,"s:122:10:122:Infinity":107,"b:122:14:122:30:122:30:122:60":40,"s:122:60:122:Infinity":108,"s:124:30:124:Infinity":109,"b:124:30:124:51:124:51:124:Infinity":41,"s:125:10:125:Infinity":110,"b:125:67:125:88:125:88:125:Infinity":42,"b:125:27:125:42:125:42:125:67":43,"s:127:21:127:65":111,"f:127:32:127:37":12,"s:127:42:127:64":112,"b:128:10:128:Infinity:undefined:undefined:undefined:undefined":44,"s:128:10:128:Infinity":113,"s:128:20:128:44":114,"s:128:44:128:81":115,"s:128:81:128:118":116,"s:128:118:128:146":117,"s:128:146:128:Infinity":118,"b:134:2:138:Infinity:undefined:undefined:undefined:undefined":45,"s:134:2:138:Infinity":119,"b:134:6:134:34:134:34:134:54":46,"b:135:4:138:Infinity:136:13:138:Infinity":47,"s:135:4:138:Infinity":120,"b:135:8:135:34:135:34:135:58":48,"s:135:60:135:86":121,"s:135:86:135:Infinity":122,"b:136:13:138:Infinity:137:13:138:Infinity":49,"s:136:13:138:Infinity":123,"s:136:45:136:71":124,"s:136:71:136:Infinity":125,"b:137:13:138:Infinity:138:9:138:Infinity":50,"s:137:13:138:Infinity":126,"s:137:45:137:71":127,"s:137:71:137:Infinity":128,"s:138:11:138:73":129,"s:138:73:138:Infinity":130,"s:140:2:140:Infinity":131,"f:144:16:144:Infinity":13,"b:147:10:147:Infinity":51,"s:149:13:149:36":132,"b:149:20:149:33:149:33:149:36":52,"b:150:2:150:Infinity:undefined:undefined:undefined:undefined":53,"s:150:2:150:Infinity":133,"s:150:21:150:Infinity":134,"s:151:12:151:28":135,"s:152:2:155:Infinity":136,"f:152:17:152:24":14,"s:153:4:154:50":137,"b:153:4:153:37:154:4:154:50":54,"b:153:11:153:22:153:22:153:25":55,"b:154:11:154:21:154:21:154:24":56,"f:168:16:168:33":15,"s:169:66:169:Infinity":138,"s:170:28:170:95":139,"f:170:38:170:45":16,"s:170:50:170:95":140,"b:170:50:170:58:170:58:170:69:170:69:170:82:170:82:170:95":57,"s:171:24:171:82":141,"f:171:37:171:44":17,"s:171:49:171:82":142,"b:171:49:171:57:171:57:171:67:171:67:171:82":58,"b:173:2:173:Infinity:undefined:undefined:undefined:undefined":59,"s:173:2:173:Infinity":143,"b:173:6:173:40:173:40:173:68":60,"s:173:68:173:Infinity":144,"b:174:2:174:Infinity:undefined:undefined:undefined:undefined":61,"s:174:2:174:Infinity":145,"s:174:27:174:Infinity":146,"b:175:2:175:Infinity:undefined:undefined:undefined:undefined":62,"s:175:2:175:Infinity":147,"s:175:22:175:Infinity":148,"s:178:19:178:61":149,"b:179:2:180:Infinity:undefined:undefined:undefined:undefined":63,"s:179:2:180:Infinity":150,"b:179:7:179:31:179:31:179:56:179:56:179:81":64,"s:180:4:180:Infinity":151,"s:183:2:186:Infinity":152,"s:183:15:183:18":153,"s:184:14:184:Infinity":154,"b:185:4:186:Infinity:undefined:undefined:undefined:undefined":65,"s:185:4:186:Infinity":155,"b:185:8:185:17:185:17:185:29:185:29:185:43:185:43:185:59:185:59:185:74:185:74:185:100":66,"s:186:6:186:Infinity":156,"s:189:2:192:Infinity":157,"s:189:15:189:18":158,"s:190:14:190:Infinity":159,"b:191:4:192:Infinity:undefined:undefined:undefined:undefined":67,"s:191:4:192:Infinity":160,"b:191:8:191:17:191:17:191:28:191:28:191:46:191:46:191:75":68,"s:192:6:192:Infinity":161,"s:196:16:196:Infinity":162,"b:196:16:196:36:196:36:196:62:196:62:196:88:196:88:196:Infinity":69,"s:197:21:197:109":163,"b:197:21:197:62:197:66:197:109":70,"f:197:39:197:44":18,"s:197:49:197:62":164,"f:197:80:197:85":19,"s:197:90:197:109":165,"b:198:2:198:Infinity:undefined:undefined:undefined:undefined":71,"s:198:2:198:Infinity":166,"b:198:6:198:15:198:15:198:29:198:29:198:52":72,"s:198:52:198:Infinity":167,"s:200:24:200:Infinity":168,"b:201:2:201:Infinity:undefined:undefined:undefined:undefined":73,"s:201:2:201:Infinity":169,"s:201:43:201:Infinity":170,"s:203:22:203:Infinity":171,"b:203:49:203:79:203:82:203:Infinity":74,"s:204:23:204:Infinity":172,"b:204:38:204:60:204:60:204:Infinity":75,"b:205:2:206:Infinity:undefined:undefined:undefined:undefined":76,"s:205:2:206:Infinity":173,"s:206:4:206:Infinity":174,"s:209:2:209:Infinity":175}}}
[...]
lumn":2},"end":{"line":54,"column":null}}},"fnMap":{"0":{"name":"calcSuggestedPrice","decl":{"start":{"line":7,"column":16},"end":{"line":7,"column":null}},"loc":{"start":{"line":11,"column":10},"end":{"line":13,"column":null}},"line":11},"1":{"name":"validateCreateSetPrice","decl":{"start":{"line":20,"column":16},"end":{"line":20,"column":null}},"loc":{"start":{"line":24,"column":17},"end":{"line":32,"column":null}},"line":24},"2":{"name":"buildCreateSetPayload","decl":{"start":{"line":48,"column":16},"end":{"line":48,"column":38}},"loc":{"start":{"line":48,"column":77},"end":{"line":54,"column":null}},"line":48}},"branchMap":{"0":{"loc":{"start":{"line":12,"column":2},"end":{"line":12,"column":null}},"type":"if","locations":[{"start":{"line":12,"column":2},"end":{"line":12,"column":null}},{"start":{},"end":{}}],"line":12},"1":{"loc":{"start":{"line":12,"column":6},"end":{"line":12,"column":25}},"type":"binary-expr","locations":[{"start":{"line":12,"column":6},"end":{"line":12,"column":17}},{"start":{"line":12,"column":17},"end":{"line":12,"column":25}}],"line":12},"2":{"loc":{"start":{"line":25,"column":2},"end":{"line":25,"column":null}},"type":"if","locations":[{"start":{"line":25,"column":2},"end":{"line":25,"column":null}},{"start":{},"end":{}}],"line":25},"3":{"loc":{"start":{"line":26,"column":2},"end":{"line":26,"column":null}},"type":"if","locations":[{"start":{"line":26,"column":2},"end":{"line":26,"column":null}},{"start":{},"end":{}}],"line":26},"4":{"loc":{"start":{"line":26,"column":6},"end":{"line":26,"column":46}},"type":"binary-expr","locations":[{"start":{"line":26,"column":6},"end":{"line":26,"column":25}},{"start":{"line":26,"column":25},"end":{"line":26,"column":46}}],"line":26},"5":{"loc":{"start":{"line":29,"column":2},"end":{"line":30,"column":null}},"type":"if","locations":[{"start":{"line":29,"column":2},"end":{"line":30,"column":null}},{"start":{},"end":{}}],"line":29},"6":{"loc":{"start":{"line":29,"column":6},"end":{"line":29,"column":56}},"type":"binary-expr","locations":[{"start":{"line":29,"column":6},"end":{"line":29,"column":32}},{"start":{"line":29,"column":32},"end":{"line":29,"column":56}}],"line":29},"7":{"loc":{"start":{"line":50,"column":2},"end":{"line":50,"column":null}},"type":"if","locations":[{"start":{"line":50,"column":2},"end":{"line":50,"column":null}},{"start":{},"end":{}}],"line":50},"8":{"loc":{"start":{"line":51,"column":2},"end":{"line":51,"column":null}},"type":"if","locations":[{"start":{"line":51,"column":2},"end":{"line":51,"column":null}},{"start":{},"end":{}}],"line":51},"9":{"loc":{"start":{"line":52,"column":2},"end":{"line":52,"column":null}},"type":"if","locations":[{"start":{"line":52,"column":2},"end":{"line":52,"column":null}},{"start":{},"end":{}}],"line":52},"10":{"loc":{"start":{"line":52,"column":6},"end":{"line":52,"column":50}},"type":"binary-expr","locations":[{"start":{"line":52,"column":6},"end":{"line":52,"column":27}},{"start":{"line":52,"column":27},"end":{"line":52,"column":50}}],"line":52},"11":{"loc":{"start":{"line":53,"column":2},"end":{"line":53,"column":null}},"type":"if","locations":[{"start":{"line":53,"column":2},"end":{"line":53,"column":null}},{"start":{},"end":{}}],"line":53},"12":{"loc":{"start":{"line":53,"column":6},"end":{"line":53,"column":52}},"type":"binary-expr","locations":[{"start":{"line":53,"column":6},"end":{"line":53,"column":28}},{"start":{"line":53,"column":28},"end":{"line":53,"column":52}}],"line":53}},"s":{"0":7,"1":2,"2":5,"3":8,"4":1,"5":7,"6":1,"7":6,"8":6,"9":6,"10":2,"11":4,"12":6,"13":6,"14":1,"15":5,"16":5,"17":4,"18":1,"19":3,"20":1,"21":2},"f":{"0":7,"1":8,"2":6},"b":{"0":[2,5],"1":[7,6],"2":[1,7],"3":[1,6],"4":[7,6],"5":[2,4],"6":[6,5],"7":[1,5],"8":[1,4],"9":[1,3],"10":[4,3],"11":[1,2],"12":[3,2]},"meta":{"lastBranch":13,"lastFunction":3,"lastStatement":22,"seen":{"f:7:16:7:Infinity":0,"b:12:2:12:Infinity:undefined:undefined:undefined:undefined":0,"s:12:2:12:Infinity":0,"b:12:6:12:17:12:17:12:25":1,"s:12:25:12:Infinity":1,"s:13:2:13:Infinity":2,"f:20:16:20:Infinity":1,"b:25:2:25:Infinity:undefined:undefined:undefined:undefined":2,"s:25:2:25:Infinity":3,"s:25:24:25:Infinity":4,"b:26:2:26:Infinity:undefined:undefined:undefined:undefined":3,"s:26:2:26:Infinity":5,"b:26:6:26:25:26:25:26:46":4,"s:26:46:26:Infinity":6,"s:27:19:27:67":7,"s:28:19:28:68":8,"b:29:2:30:Infinity:undefined:undefined:undefined:undefined":5,"s:29:2:30:Infinity":9,"b:29:6:29:32:29:32:29:56":6,"s:30:4:30:Infinity":10,"s:32:2:32:Infinity":11,"f:48:16:48:38":2,"s:49:17:49:36":12,"b:50:2:50:Infinity:undefined:undefined:undefined:undefined":7,"s:50:2:50:Infinity":13,"s:50:15:50:Infinity":14,"b:51:2:51:Infinity:undefined:undefined:undefined:undefined":8,"s:51:2:51:Infinity":15,"s:51:23:51:Infinity":16,"b:52:2:52:Infinity:undefined:undefined:undefined:undefined":9,"s:52:2:52:Infinity":17,"b:52:6:52:27:52:27:52:50":10,"s:52:50:52:Infinity":18,"b:53:2:53:Infinity:undefined:undefined:undefined:undefined":11,"s:53:2:53:Infinity":19,"b:53:6:53:28:53:28:53:52":12,"s:53:52:53:Infinity":20,"s:54:2:54:Infinity":21}}}
,"/Users/heaton/code/onesoul_dev/web/src/services/api.ts": {"path":"/Users/heaton/code/onesoul_dev/web/src/services/api.ts","statementMap":{"0":{"start":{"line":11,"column":19},"end":{"line":15,"column":2}},"1":{"start":{"line":18,"column":2},"end":{"line":18,"column":null}},"2":{"start":{"line":18,"column":46},"end":{"line":18,"column":null}},"3":{"start":{"line":19,"column":2},"end":{"line":19,"column":null}},"4":{"start":{"line":19,"column":26},"end":{"line":19,"column":null}},"5":{"start":{"line":20,"column":19},"end":{"line":20,"column":21}},"6":{"start":{"line":21,"column":2},"end":{"line":24,"column":null}},"7":{"start":{"line":22,"column":4},"end":{"line":24,"column":null}},"8":{"start":{"line":22,"column":52},"end":{"line":22,"column":null}},"9":{"start":{"line":23,"column":13},"end":{"line":24,"column":null}},"10":{"start":{"line":23,"column":36},"end":{"line":23,"column":null}},"11":{"start":{"line":24,"column":9},"end":{"line":24,"column":null}},"12":{"start":{"line":26,"column":2},"end":{"line":26,"column":null}},"13":{"start":{"line":30,"column":14},"end":{"line":38,"column":4}},"14":{"start":{"line":39,"column":15},"end":{"line":39,"column":31}},"15":{"start":{"line":40,"column":2},"end":{"line":40,"column":null}},"16":{"start":{"line":45,"column":14},"end":{"line":45,"column":44}},"17":{"start":{"line":46,"column":2},"end":{"line":46,"column":null}},"18":{"start":{"line":50,"column":2},"end":{"line":50,"column":null}},"19":{"start":{"line":55,"column":14},"end":{"line":55,"column":46}},"20":{"start":{"line":56,"column":2},"end":{"line":56,"column":null}},"21":{"start":{"line":60,"column":2},"end":{"line":60,"column":null}},"22":{"start":{"line":65,"column":14},"end":{"line":65,"column":55}},"23":{"start":{"line":66,"column":2},"end":{"line":66,"column":null}},"24":{"start":{"line":71,"column":14},"end":{"line":71,"column":46}},"25":{"start":{"line":72,"column":2},"end":{"line":72,"column":null}},"26":{"start":{"line":77,"column":2},"end":{"line":77,"column":null}},"27":{"start":{"line":81,"column":2},"end":{"line":81,"column":null}},"28":{"start":{"line":86,"column":2},"end":{"line":86,"column":null}},"29":{"start":{"line":91,"column":2},"end":{"line":91,"column":null}},"30":{"start":{"line":96,"column":2},"end":{"line":96,"column":null}},"31":{"start":{"line":101,"column":2},"end":{"line":101,"column":null}},"32":{"start":{"line":105,"column":2},"end":{"line":105,"column":null}},"33":{"start":{"line":110,"column":2},"end":{"line":110,"column":null}},"34":{"start":{"line":115,"column":2},"end":{"line":115,"column":null}},"35":{"start":{"line":120,"column":2},"end":{"line":120,"column":null}},"36":{"start":{"line":123,"column":2},"end":{"line":123,"column":null}},"37":{"start":{"line":126,"column":2},"end":{"line":126,"column":null}},"38":{"start":{"line":129,"column":2},"end":{"line":129,"column":null}},"39":{"start":{"line":134,"column":2},"end":{"line":134,"column":null}},"40":{"start":{"line":137,"column":2},"end":{"line":137,"column":null}},"41":{"start":{"line":140,"column":2},"end":{"line":140,"column":null}},"42":{"start":{"line":145,"column":2},"end":{"line":145,"column":null}},"43":{"start":{"line":148,"column":2},"end":{"line":148,"column":null}},"44":{"start":{"line":151,"column":2},"end":{"line":151,"column":null}}},"fnMap":{"0":{"name":"roundFields","decl":{"start":{"line":17,"column":9},"end":{"line":17,"column":21}},"loc":{"start":{"line":17,"column":36},"end":{"line":26,"column":null}},"line":17},"1":{"name":"gasPost","decl":{"start":{"line":29,"column":22},"end":{"line":29,"column":30}},"loc":{"start":{"line":29,"column":64},"end":{"line":40,"column":null}},"line":29},"2":{"name":"apiGetAllMembers","decl":{"start":{"line":44,"column":22},"end":{"line":44,"column":65}},"loc":{"start":{"line":44,"column":65},"end":{"line":46,"column":null}},"line":44},"3":{"name":"apiGetMember","decl":{"start":{"line":49,"column":22},"end":{"line":49,"column":35}},"loc":{"start":{"line":49,"column":50},"end":{"line":50,"column":null}},"line":49},"4":{"name":"apiGetPrizeLibrary","decl":{"start":{"line":54,"column":22},"end":{"line":54,"column":66}},"loc":{"start":{"line":54,"column":66},"end":{"line":56,"column":null}},"line":54},"5":{"name":"apiDeletePrizeLibrary","decl":{"start":{"line":59,"column":22},"end":{"line":59,"column":44}},"loc":{"start":{"line":59,"column":75},"end":{"line":60,"column":null}},"line":59},"6":{"name":"apiGetStockList","decl":{"start":{"line":64,"column":22},"end":{"line":64,"column":38}},"loc":{"start":{"line":64,"column":77},"end":{"line":66,"column":null}},"line":64},"7":{"name":"apiGetBlindBoxList","decl":{"start":{"line":70,"column":22},"end":{"line":70,"column":69}},"loc":{"start":{"line":70,"column":69},"end":{"line":72,"column":null}},"line":70},"8":{"name":"apiGetDailySales","decl":{"start":{"line":76,"column":22},"end":{"line":76,"column":39}},"loc":{"start":{"line":76,"column":125},"end":{"line":77,"column":null}},"line":76},"9":{"name":"apiDeleteDailySales","decl":{"start":{"line":80,"column":22},"end":{"line":80,"column":42}},"loc":{"start":{"line":80,"column":79},"end":{"line":81,"column":null}},"line":80},"10":{"name":"apiGetSalesRecords","decl":{"start":{"line":85,"column":22},"end":{"line":85,"column":41}},"loc":{"start":{"line":85,"column":72},"end":{"line":86,"column":null}},"line":85},"11":{"name":"apiGetMemberSalesRecords","decl":{"start":{"line":90,"column":22},"end":{"line":90,"column":47}},"loc":{"start":{"line":90,"column":62},"end":{"line":91,"column":null}},"line":90},"12":{"name":"apiCheckout","decl":{"start":{"line":95,"column":22},"end":{"line":95,"column":34}},"loc":{"start":{"line":95,"column":51},"end":{"line":96,"column":null}},"line":95},"13":{"name":"apiGetOpeningCash","decl":{"start":{"line":100,"column":22},"end":{"line":100,"column":40}},"loc":{"start":{"line":100,"column":56},"end":{"line":101,"column":null}},"line":100},"14":{"name":"apiSetOpeningCash","decl":{"start":{"line":104,"column":22},"end":{"line":104,"column":40}},"loc":{"start":{"line":104,"column":72},"end":{"line":105,"column":null}},"line":104},"15":{"name":"apiCloseDay","decl":{"start":{"line":109,"column":22},"end":{"line":109,"column":34}},"loc":{"start":{"line":109,"column":51},"end":{"line":110,"column":null}},"line":109},"16":{"name":"apiGetDrawCounts","decl":{"start":{"line":114,"column":22},"end":{"line":114,"column":121}},"loc":{"start":{"line":114,"column":121},"end":{"line":115,"column":null}},"line":114},"17":{"name":"apiGetBranchConfig","decl":{"start":{"line":119,"column":22},"end":{"line":119,"column":41}},"loc":{"start":{"line":119,"column":57},"end":{"line":120,"column":null}},"line":119},"18":{"name":"apiGetTodaySchedule","decl":{"start":{"line":122,"column":22},"end":{"line":122,"column":42}},"loc":{"start":{"line":122,"column":58},"end":{"line":123,"column":null}},"line":122},"19":{"name":"apiClockIn","decl":{"start":{"line":125,"column":22},"end":{"line":125,"column":33}},"loc":{"start":{"line":125,"column":49},"end":{"line":126,"column":null}},"line":125},"20":{"name":"apiGetTodayAttendance","decl":{"start":{"line":128,"column":22},"end":{"line":128,"column":44}},"loc":{"start":{"line":128,"column":60},"end":{"line":129,"column":null}},"line":128},"21":{"name":"apiSaveDraft","decl":{"start":{"line":133,"column":22},"end":{"line":133,"column":35}},"loc":{"start":{"line":133,"column":99},"end":{"line":134,"column":null}},"line":133},"22":{"name":"apiClearDraft","decl":{"start":{"line":136,"column":22},"end":{"line":136,"column":36}},"loc":{"start":{"line":136,"column":71},"end":{"line":137,"column":null}},"line":136},"23":{"name":"apiGetDrafts","decl":{"start":{"line":139,"column":22},"end":{"line":139,"column":35}},"loc":{"start":{"line":139,"column":51},"end":{"line":140,"column":null}},"line":139},"24":{"name":"apiGetLineChannels","decl":{"start":{"line":144,"column":22},"end":{"line":144,"column":117}},"loc":{"start":{"line":144,"column":117},"end":{"line":145,"column":null}},"line":144},"25":{"name":"apiSendLineMessage","decl":{"start":{"line":147,"column":22},"end":{"line":147,"column":41}},"loc":{"start":{"line":147,"column":75},"end":{"line":148,"column":null}},"line":147},"26":{"name":"apiGetQuotaUsage","decl":{"start":{"line":150,"column":22},"end":{"line":150,"column":41}},"loc":{"start":{"line":150,"column":41},"end":{"line":151,"column":null}},"line":150}},"branchMap":{"0":{"loc":{"start":{"line":18,"column":2},"end":{"line":18,"column":null}},"type":"if","locations":[{"start":{"line":18,"column":2},"end":{"line":18,"column":null}},{"start":{},"end":{}}],"line":18},"1":{"loc":{"start":{"line":18,"column":6},"end":{"line":18,"column":46}},"type":"binary-expr","locations":[{"start":{"line":18,"column":6},"end":{"line":18,"column":21}},{"start":{"line":18,"column":21},"end":{"line":18,"column":46}}],"line":18},"2":{"loc":{"start":{"line":19,"column":2},"end":{"line":19,"column":null}},"type":"if","locations":[{"start":{"line":19,"column":2},"end":{"line":19,"column":null}},{"start":{},"end":{}}],"line":19},"3":{"loc":{"start":{"line":22,"column":4},"end":{"line":24,"column":null}},"type":"if","locations":[{"start":{"line":22,"column":4},"end":{"line":24,"column":null}},{"start":{"line":23,"column":13},"end":{"line":24,"column":null}}],"line":22},"4":{"loc":{"start":{"line":22,"column":8},"end":{"line":22,"column":52}},"type":"binary-expr","locations":[{"start":{"line":22,"column":8},"end":{"line":22,"column":25}},{"start":{"line":22,"column":29},"end":{"line":22,"column":52}}],"line":22},"5":{"loc":{"start":{"line":23,"column":13},"end":{"line":24,"column":null}},"type":"if","locations":[{"start":{"line":23,"column":13},"end":{"line":24,"column":null}},{"start":{"line":24,"column":9},"end":{"line":24,"column":null}}],"line":23},"6":{"loc":{"start":{"line":34,"column":15},"end":{"line":34,"column":28}},"type":"binary-expr","locations":[{"start":{"line":34,"column":15},"end":{"line":34,"column":26}},{"start":{"line":34,"column":26},"end":{"line":34,"column":28}}],"line":34},"7":{"loc":{"start":{"line":46,"column":9},"end":{"line":46,"column":56}},"type":"cond-expr","locations":[{"start":{"line":46,"column":43},"end":{"line":46,"column":54}},{"start":{"line":46,"column":54},"end":{"line":46,"column":56}}],"line":46},"8":{"loc":{"start":{"line":46,"column":9},"end":{"line":46,"column":43}},"type":"binary-expr","locations":[{"start":{"line":46,"column":9},"end":{"line":46,"column":24}},{"start":{"line":46,"column":24},"end":{"line":46,"column":43}}],"line":46},"9":{"loc":{"start":{"line":56,"column":9},"end":{"line":56,"column":56}},"type":"cond-expr","locations":[{"start":{"line":56,"column":43},"end":{"line":56,"column":54}},{"start":{"line":56,"column":54},"end":{"line":56,"column":56}}],"line":56},"10":{"loc":{"start":{"line":56,"column":9},"end":{"line":56,"column":43}},"type":"binary-expr","locations":[{"start":{"line":56,"column":9},"end":{"line":56,"column":24}},{"start":{"line":56,"column":24},"end":{"line":56,"column":43}}],"line":56},"11":{"loc":{"start":{"line":66,"column":9},"end":{"line":66,"column":48}},"type":"cond-expr","locations":[{"start":{"line":66,"column":35},"end":{"line":66,"column":46}},{"start":{"line":66,"column":46},"end":{"line":66,"column":48}}],"line":66},"12":{"loc":{"start":{"line":66,"column":9},"end":{"line":66,"column":35}},"type":"binary-expr","locations":[{"start":{"line":66,"column":9},"end":{"line":66,"column":24}},{"start":{"line":66,"column":24},"end":{"line":66,"column":35}}],"line":66},"13":{"loc":{"start":{"line":72,"column":9},"end":{"line":72,"column":48}},"type":"cond-expr","locations":[{"start":{"line":72,"column":35},"end":{"line":72,"column":46}},{"start":{"line":72,"column":46},"end":{"line":72,"column":48}}],"line":72},"14":{"loc":{"start":{"line":72,"column":9},"end":{"line":72,"column":35}},"type":"binary-expr","locations":[{"start":{"line":72,"column":9},"end":{"line":72,"column":24}},{"start":{"line":72,"column":24},"end":{"line":72,"column":35}}],"line":72}},"s":{"0":3,"1":109,"2":3,"3":106,"4":106,"5":86,"6":86,"7":170,"8":8,"9":162,"10":35,"11":127,"12":86,"13":58,"14":56,"15":56,"16":3,"17":3,"18":1,"19":2,"20":2,"21":1,"22":2,"23":2,"24":2,"25":2,"26":1,"27":1,"28":1,"29":1,"30":1,"31":1,"32":1,"33":4,"34":1,"35":1,"36":1,"37":1,"38":1,"39":4,"40":3,"41":6,"42":4,"43":7,"44":3},"f":{"0":109,"1":58,"2":3,"3":1,"4":2,"5":1,"6":2,"7":2,"8":1,"9":1,"10":1,"11":1,"12":1,"13":1,"14":1,"15":4,"16":1,"17":1,"18":1,"19":1,"20":1,"21":4,"22":3,"23":6,"24":4,"25":7,"26":3},"b":{"0":[3,106],"1":[109,109],"2":[20,86],"3":[8,162],"4":[170,8],"5":[35,127],"6":[58,18],"7":[1,2],"8":[3,2],"9":[1,1],"10":[2,1],"11":[1,1],"12":[2,1],"13":[1,1],"14":[2,1]},"meta":{"lastBranch":15,"lastFunction":27,"lastStatement":45,"seen":{"s:11:19:15:2":0,"f:17:9:17:21":0,"b:18:2:18:Infinity:undefined:undefined:undefined:undefined":0,"s:18:2:18:Infinity":1,"b:18:6:18:21:18:21:18:46":1,"s:18:46:18:Infinity":2,"b:19:2:19:Infinity:undefined:undefined:undefined:undefined":2,"s:19:2:19:Infinity":3,"s:19:26:19:Infinity":4,"s:20:19:20:21":5,"s:21:2:24:Infinity":6,"b:22:4:24:Infinity:23:13:24:Infinity":3,"s:22:4:24:Infinity":7,"b:22:8:22:25:22:29:22:52":4,"s:22:52:22:Infinity":8,"b:23:13:24:Infinity:24:9:24:Infinity":5,"s:23:13:24:Infinity":9,"s:23:36:23:Infinity":10,"s:24:9:24:Infinity":11,"s:26:2:26:Infinity":12,"f:29:22:29:30":1,"s:30:14:38:4":13,"b:34:15:34:26:34:26:34:28":6,"s:39:15:39:31":14,"s:40:2:40:Infinity":15,"f:44:22:44:65":2,"s:45:14:45:44":16,"s:46:2:46:Infinity":17,"b:46:43:46:54:46:54:46:56":7,"b:46:9:46:24:46:24:46:43":8,"f:49:22:49:35":3,"s:50:2:50:Infinity":18,"f:54:22:54:66":4,"s:55:14:55:46":19,"s:56:2:56:Infinity":20,"b:56:43:56:54:56:54:56:56":9,"b:56:9:56:24:56:24:56:43":10,"f:59:22:59:44":5,"s:60:2:60:Infinity":21,"f:64:22:64:38":6,"s:65:14:65:55":22,"s:66:2:66:Infinity":23,"b:66:35:66:46:66:46:66:48":11,"b:66:9:66:24:66:24:66:35":12,"f:70:22:70:69":7,"s:71:14:71:46":24,"s:72:2:72:Infinity":25,"b:72:35:72:46:72:46:72:48":13,"b:72:9:72:24:72:24:72:35":14,"f:76:22:76:39":8,"s:77:2:77:Infinity":26,"f:80:22:80:42":9,"s:81:2:81:Infinity":27,"f:85:22:85:41":10,"s:86:2:86:Infinity":28,"f:90:22:90:47":11,"s:91:2:91:Infinity":29,"f:95:22:95:34":12,"s:96:2:96:Infinity":30,"f:100:22:100:40":13,"s:101:2:101:Infinity":31,"f:104:22:104:40":14,"s:105:2:105:Infinity":32,"f:109:22:109:34":15,"s:110:2:110:Infinity":33,"f:114:22:114:121":16,"s:115:2:115:Infinity":34,"f:119:22:119:41":17,"s:120:2:120:Infinity":35,"f:122:22:122:42":18,"s:123:2:123:Infinity":36,"f:125:22:125:33":19,"s:126:2:126:Infinity":37,"f:128:22:128:44":20,"s:129:2:129:Infinity":38,"f:133:22:133:35":21,"s:134:2:134:Infinity":39,"f:136:22:136:36":22,"s:137:2:137:Infinity":40,"f:139:22:139:35":23,"s:140:2:140:Infinity":41,"f:144:22:144:117":24,"s:145:2:145:Infinity":42,"f:147:22:147:41":25,"s:148:2:148:Infinity":43,"f:150:22:150:41":26,"s:151:2:151:Infinity":44}}}
}
