{"/Users/heaton/code/onesoul_dev/web/src/config.ts": {"path":"/Users/heaton/code/onesoul_dev/web/src/config.ts","statementMap":{"0":{"start":{"line":18,"column":52},"end":{"line":23,"column":null}},"1":{"start":{"line":31,"column":39},"end":{"line":31,"column":null}},"2":{"start":{"line":37,"column":33},"end":{"line":46,"column":null}},"3":{"start":{"line":53,"column":35},"end":{"line":53,"column":null}},"4":{"start":{"line":56,"column":41},"end":{"line":56,"column":null}},"5":{"start":{"line":59,"column":41},"end":{"line":59,"column":null}},"6":{"start":{"line":65,"column":54},"end":{"line":68,"column":null}},"7":{"start":{"line":70,"column":51},"end":{"line":73,"column":null}}},"fnMap":{},"branchMap":{},"s":{"0":3,"1":3,"2":3,"3":3,"4":3,"5":3,"6":3,"7":3},"f":{},"b":{},"meta":{"lastBranch":0,"lastFunction":0,"lastStatement":8,"seen":{"s:18:52:23:Infinity":0,"s:31:39:31:Infinity":1,"s:37:33:46:Infinity":2,"s:53:35:53:Infinity":3,"s:56:41:56:Infinity":4,"s:59:41:59:Infinity":5,"s:65:54:68:Infinity":6,"s:70:51:73:Infinity":7}}}
,"/Users/heaton/code/onesoul_dev/web/src/components/LoginScreen.tsx": {"path":"/Users/heaton/code/onesoul_dev/web/src/components/LoginScreen.tsx","statementMap":{"0":{"start":{"line":11,"column":8},"end":{"line":11,"column":45}},"1":{"start":{"line":13,"column":2},"end":{"line":17,"column":null}},"2":{"start":{"line":14,"column":4},"end":{"line":15,"column":null}},"3":{"start":{"line":15,"column":6},"end":{"line":15,"column":null}},"4":{"start":{"line":19,"column":2},"end":{"line":60,"column":null}}},"fnMap":{"0":{"name":"LoginScreen","decl":{"start":{"line":10,"column":16},"end":{"line":10,"column":28}},"loc":{"start":{"line":10,"column":88},"end":{"line":60,"column":null}},"line":10},"1":{"name":"(anonymous_1)","decl":{"start":{"line":13,"column":2},"end":{"line":13,"column":18}},"loc":{"start":{"line":13,"column":18},"end":{"line":17,"column":6}},"line":13}},"branchMap":{"0":{"loc":{"start":{"line":14,"column":4},"end":{"line":15,"column":null}},"type":"if","locations":[{"start":{"line":14,"column":4},"end":{"line":15,"column":null}},{"start":{},"end":{}}],"line":14},"1":{"loc":{"start":{"line":14,"column":8},"end":{"line":14,"column":38}},"type":"binary-expr","locations":[{"start":{"line":14,"column":8},"end":{"line":14,"column":22}},{"start":{"line":14,"column":22},"end":{"line":14,"column":38}}],"line":14},"2":{"loc":{"start":{"line":30,"column":11},"end":{"line":33,"column":null}},"type":"binary-expr","locations":[{"start":{"line":30,"column":11},"end":{"line":30,"column":null}},{"start":{"line":31,"column":12},"end":{"line":33,"column":null}}],"line":30},"3":{"loc":{"start":{"line":39,"column":13},"end":{"line":45,"column":null}},"type":"cond-expr","locations":[{"start":{"line":40,"column":14},"end":{"line":45,"column":15}},{"start":{"line":45,"column":14},"end":{"line":45,"column":null}}],"line":39}},"s":{"0":6,"1":6,"2":6,"3":5,"4":6},"f":{"0":6,"1":6},"b":{"0":[5,1],"1":[6,5],"2":[6,1],"3":[1,5]},"meta":{"lastBranch":4,"lastFunction":2,"lastStatement":5,"seen":{"f:10:16:10:28":0,"s:11:8:11:45":0,"s:13:2:17:Infinity":1,"f:13:2:13:18":1,"b:14:4:15:Infinity:undefined:undefined:undefined:undefined":0,"s:14:4:15:Infinity":2,"b:14:8:14:22:14:22:14:38":1,"s:15:6:15:Infinity":3,"s:19:2:60:Infinity":4,"b:30:11:30:Infinity:31:12:33:Infinity":2,"b:40:14:45:15:45:14:45:Infinity":3}}}
,"/Users/heaton/code/onesoul_dev/web/src/components/checkout/VoidPrizeModal.tsx": {"path":"/Users/heaton/code/onesoul_dev/web/src/components/checkout/VoidPrizeModal.tsx","statementMap":{"0":{"start":{"line":12,"column":2},"end":{"line":39,"column":null}}},"fnMap":{"0":{"name":"VoidPrizeModal","decl":{"start":{"line":11,"column":16},"end":{"line":11,"column":31}},"loc":{"start":{"line":11,"column":97},"end":{"line":39,"column":null}},"line":11}},"branchMap":{"0":{"loc":{"start":{"line":34,"column":13},"end":{"line":34,"column":null}},"type":"cond-expr","locations":[{"start":{"line":34,"column":25},"end":{"line":34,"column":73}},{"start":{"line":34,"column":72},"end":{"line":34,"column":null}}],"line":34}},"s":{"0":4},"f":{"0":4},"b":{"0":[1,3]},"meta":{"lastBranch":1,"lastFunction":1,"lastStatement":1,"seen":{"f:11:16:11:31":0,"s:12:2:39:Infinity":0,"b:34:25:34:73:34:72:34:Infinity":0}}}
,"/Users/heaton/code/onesoul_dev/web/src/components/ui/ConfirmModal.tsx": {"path":"/Users/heaton/code/onesoul_dev/web/src/components/ui/ConfirmModal.tsx","statementMap":{"0":{"start":{"line":13,"column":2},"end":{"line":39,"column":null}}},"fnMap":{"0":{"name":"ConfirmModal","decl":{"start":{"line":12,"column":16},"end":{"line":12,"column":29}},"loc":{"start":{"line":12,"column":121},"end":{"line":39,"column":null}},"line":12}},"branchMap":{"0":{"loc":{"start":{"line":12,"column":47},"end":{"line":12,"column":68}},"type":"default-arg","locations":[{"start":{"line":12,"column":62},"end":{"line":12,"column":68}}],"line":12},"1":{"loc":{"start":{"line":34,"column":13},"end":{"line":35,"column":null}},"type":"cond-expr","locations":[{"start":{"line":34,"column":25},"end":{"line":34,"column":73}},{"start":{"line":34,"column":72},"end":{"line":35,"column":null}}],"line":34}},"s":{"0":7},"f":{"0":7},"b":{"0":[7],"1":[1,6]},"meta":{"lastBranch":2,"lastFunction":1,"lastStatement":1,"seen":{"f:12:16:12:29":0,"b:12:62:12:68":0,"s:13:2:39:Infinity":0,"b:34:25:34:73:34:72:35:Infinity":1}}}
,"/Users/heaton/code/onesoul_dev/web/src/components/ui/Pagination.tsx": {"path":"/Users/heaton/code/onesoul_dev/web/src/components/ui/Pagination.tsx","statementMap":{"0":{"start":{"line":12,"column":2},"end":{"line":12,"column":null}},"1":{"start":{"line":12,"column":23},"end":{"line":12,"column":null}},"2":{"start":{"line":14,"column":8},"end":{"line":16,"column":null}},"3":{"start":{"line":15,"column":4},"end":{"line":15,"column":null}},"4":{"start":{"line":16,"column":4},"end":{"line":16,"column":null}},"5":{"start":{"line":20,"column":8},"end":{"line":37,"column":null}},"6":{"start":{"line":21,"column":38},"end":{"line":21,"column":40}},"7":{"start":{"line":22,"column":18},"end":{"line":22,"column":null}},"8":{"start":{"line":25,"column":4},"end":{"line":25,"column":null}},"9":{"start":{"line":27,"column":23},"end":{"line":27,"column":55}},"10":{"start":{"line":28,"column":21},"end":{"line":28,"column":66}},"11":{"start":{"line":30,"column":4},"end":{"line":30,"column":null}},"12":{"start":{"line":30,"column":24},"end":{"line":30,"column":null}},"13":{"start":{"line":31,"column":4},"end":{"line":31,"column":null}},"14":{"start":{"line":31,"column":17},"end":{"line":31,"column":29}},"15":{"start":{"line":31,"column":49},"end":{"line":31,"column":null}},"16":{"start":{"line":32,"column":4},"end":{"line":32,"column":null}},"17":{"start":{"line":32,"column":35},"end":{"line":32,"column":null}},"18":{"start":{"line":35,"column":4},"end":{"line":35,"column":null}},"19":{"start":{"line":35,"column":24},"end":{"line":35,"column":null}},"20":{"start":{"line":37,"column":4},"end":{"line":37,"column":null}},"21":{"start":{"line":40,"column":18},"end":{"line":40,"column":null}},"22":{"start":{"line":41,"column":8},"end":{"line":45,"column":null}},"23":{"start":{"line":42,"column":4},"end":{"line":45,"column":null}},"24":{"start":{"line":47,"column":8},"end":{"line":51,"column":null}},"25":{"start":{"line":48,"column":4},"end":{"line":51,"column":null}},"26":{"start":{"line":54,"column":2},"end":{"line":99,"column":null}},"27":{"start":{"line":69,"column":31},"end":{"line":69,"column":36}},"28":{"start":{"line":73,"column":31},"end":{"line":73,"column":50}},"29":{"start":{"line":79,"column":10},"end":{"line":88,"column":null}},"30":{"start":{"line":84,"column":29},"end":{"line":84,"column":34}},"31":{"start":{"line":93,"column":31},"end":{"line":93,"column":50}},"32":{"start":{"line":97,"column":31},"end":{"line":97,"column":45}}},"fnMap":{"0":{"name":"Pagination","decl":{"start":{"line":11,"column":16},"end":{"line":11,"column":27}},"loc":{"start":{"line":11,"column":99},"end":{"line":99,"column":null}},"line":11},"1":{"name":"(anonymous_1)","decl":{"start":{"line":14,"column":8},"end":{"line":14,"column":14}},"loc":{"start":{"line":14,"column":31},"end":{"line":16,"column":null}},"line":14},"2":{"name":"(anonymous_2)","decl":{"start":{"line":20,"column":8},"end":{"line":20,"column":51}},"loc":{"start":{"line":20,"column":51},"end":{"line":37,"column":null}},"line":20},"3":{"name":"(anonymous_3)","decl":{"start":{"line":41,"column":8},"end":{"line":41,"column":19}},"loc":{"start":{"line":42,"column":4},"end":{"line":45,"column":null}},"line":42},"4":{"name":"(anonymous_4)","decl":{"start":{"line":47,"column":8},"end":{"line":47,"column":18}},"loc":{"start":{"line":48,"column":4},"end":{"line":51,"column":null}},"line":48},"5":{"name":"(anonymous_5)","decl":{"start":{"line":69,"column":16},"end":{"line":69,"column":31}},"loc":{"start":{"line":69,"column":31},"end":{"line":69,"column":36}},"line":69},"6":{"name":"(anonymous_6)","decl":{"start":{"line":73,"column":16},"end":{"line":73,"column":31}},"loc":{"start":{"line":73,"column":31},"end":{"line":73,"column":50}},"line":73},"7":{"name":"(anonymous_7)","decl":{"start":{"line":78,"column":26},"end":{"line":78,"column":31}},"loc":{"start":{"line":79,"column":10},"end":{"line":88,"column":null}},"line":79},"8":{"name":"(anonymous_8)","decl":{"start":{"line":84,"column":14},"end":{"line":84,"column":29}},"loc":{"start":{"line":84,"column":29},"end":{"line":84,"column":34}},"line":84},"9":{"name":"(anonymous_9)","decl":{"start":{"line":93,"column":16},"end":{"line":93,"column":31}},"loc":{"start":{"line":93,"column":31},"end":{"line":93,"column":50}},"line":93},"10":{"name":"(anonymous_10)","decl":{"start":{"line":97,"column":16},"end":{"line":97,"column":31}},"loc":{"start":{"line":97,"column":31},"end":{"line":97,"column":45}},"line":97}},"branchMap":{"0":{"loc":{"start":{"line":12,"column":2},"end":{"line":12,"column":null}},"type":"if","locations":[{"start":{"line":12,"column":2},"end":{"line":12,"column":null}},{"start":{},"end":{}}],"line":12},"1":{"loc":{"start":{"line":30,"column":4},"end":{"line":30,"column":null}},"type":"if","locations":[{"start":{"line":30,"column":4},"end":{"line":30,"column":null}},{"start":{},"end":{}}],"line":30},"2":{"loc":{"start":{"line":32,"column":4},"end":{"line":32,"column":null}},"type":"if","locations":[{"start":{"line":32,"column":4},"end":{"line":32,"column":null}},{"start":{},"end":{}}],"line":32},"3":{"loc":{"start":{"line":35,"column":4},"end":{"line":35,"column":null}},"type":"if","locations":[{"start":{"line":35,"column":4},"end":{"line":35,"column":null}},{"start":{},"end":{}}],"line":35},"4":{"loc":{"start":{"line":43,"column":6},"end":{"line":45,"column":null}},"type":"cond-expr","locations":[{"start":{"line":44,"column":10},"end":{"line":44,"column":null}},{"start":{"line":45,"column":10},"end":{"line":45,"column":null}}],"line":43},"5":{"loc":{"start":{"line":49,"column":6},"end":{"line":51,"column":null}},"type":"cond-expr","locations":[{"start":{"line":50,"column":10},"end":{"line":50,"column":null}},{"start":{"line":51,"column":10},"end":{"line":51,"column":null}}],"line":49},"6":{"loc":{"start":{"line":59,"column":9},"end":{"line":61,"column":null}},"type":"binary-expr","locations":[{"start":{"line":59,"column":9},"end":{"line":59,"column":null}},{"start":{"line":60,"column":10},"end":{"line":61,"column":null}}],"line":59},"7":{"loc":{"start":{"line":79,"column":10},"end":{"line":88,"column":null}},"type":"cond-expr","locations":[{"start":{"line":80,"column":12},"end":{"line":80,"column":null}},{"start":{"line":82,"column":12},"end":{"line":88,"column":null}}],"line":79}},"s":{"0":9,"1":1,"2":8,"3":3,"4":3,"5":8,"6":8,"7":8,"8":8,"9":8,"10":8,"11":8,"12":2,"13":8,"14":8,"15":14,"16":8,"17":5,"18":8,"19":8,"20":8,"21":8,"22":8,"23":30,"24":8,"25":32,"26":8,"27":0,"28":0,"29":37,"30":1,"31":1,"32":1},"f":{"0":9,"1":3,"2":8,"3":30,"4":32,"5":0,"6":0,"7":37,"8":1,"9":1,"10":1},"b":{"0":[1,8],"1":[2,6],"2":[5,3],"3":[8,0],"4":[8,22],"5":[8,24],"6":[8,1],"7":[7,30]},"meta":{"lastBranch":8,"lastFunction":11,"lastStatement":33,"seen":{"f:11:16:11:27":0,"b:12:2:12:Infinity:undefined:undefined:undefined:undefined":0,"s:12:2:12:Infinity":0,"s:12:23:12:Infinity":1,"s:14:8:16:Infinity":2,"f:14:8:14:14":1,"s:15:4:15:Infinity":3,"s:16:4:16:Infinity":4,"s:20:8:37:Infinity":5,"f:20:8:20:51":2,"s:21:38:21:40":6,"s:22:18:22:Infinity":7,"s:25:4:25:Infinity":8,"s:27:23:27:55":9,"s:28:21:28:66":10,"b:30:4:30:Infinity:undefined:undefined:undefined:undefined":1,"s:30:4:30:Infinity":11,"s:30:24:30:Infinity":12,"s:31:4:31:Infinity":13,"s:31:17:31:29":14,"s:31:49:31:Infinity":15,"b:32:4:32:Infinity:undefined:undefined:undefined:undefined":2,"s:32:4:32:Infinity":16,"s:32:35:32:Infinity":17,"b:35:4:35:Infinity:undefined:undefined:undefined:undefined":3,"s:35:4:35:Infinity":18,"s:35:24:35:Infinity":19,"s:37:4:37:Infinity":20,"s:40:18:40:Infinity":21,"s:41:8:45:Infinity":22,"f:41:8:41:19":3,"s:42:4:45:Infinity":23,"b:44:10:44:Infinity:45:10:45:Infinity":4,"s:47:8:51:Infinity":24,"f:47:8:47:18":4,"s:48:4:51:Infinity":25,"b:50:10:50:Infinity:51:10:51:Infinity":5,"s:54:2:99:Infinity":26,"b:59:9:59:Infinity:60:10:61:Infinity":6,"f:69:16:69:31":5,"s:69:31:69:36":27,"f:73:16:73:31":6,"s:73:31:73:50":28,"f:78:26:78:31":7,"s:79:10:88:Infinity":29,"b:80:12:80:Infinity:82:12:88:Infinity":7,"f:84:14:84:29":8,"s:84:29:84:34":30,"f:93:16:93:31":9,"s:93:31:93:50":31,"f:97:16:97:31":10,"s:97:31:97:45":32}}}
,"/Users/heaton/code/onesoul_dev/web/src/components/ui/SearchInput.tsx": {"path":"/Users/heaton/code/onesoul_dev/web/src/components/ui/SearchInput.tsx","statementMap":{"0":{"start":{"line":11,"column":2},"end":{"line":24,"column":null}},"1":{"start":{"line":18,"column":23},"end":{"line":18,"column":47}},"2":{"start":{"line":22,"column":31},"end":{"line":22,"column":43}}},"fnMap":{"0":{"name":"SearchInput","decl":{"start":{"line":10,"column":16},"end":{"line":10,"column":28}},"loc":{"start":{"line":10,"column":106},"end":{"line":24,"column":null}},"line":10},"1":{"name":"(anonymous_1)","decl":{"start":{"line":18,"column":8},"end":{"line":18,"column":18}},"loc":{"start":{"line":18,"column":23},"end":{"line":18,"column":47}},"line":18},"2":{"name":"(anonymous_2)","decl":{"start":{"line":22,"column":16},"end":{"line":22,"column":31}},"loc":{"start":{"line":22,"column":31},"end":{"line":22,"column":43}},"line":22}},"branchMap":{"0":{"loc":{"start":{"line":10,"column":47},"end":{"line":10,"column":70}},"type":"default-arg","locations":[{"start":{"line":10,"column":61},"end":{"line":10,"column":70}}],"line":10},"1":{"loc":{"start":{"line":10,"column":70},"end":{"line":10,"column":106}},"type":"default-arg","locations":[{"start":{"line":10,"column":82},"end":{"line":10,"column":106}}],"line":10},"2":{"loc":{"start":{"line":21,"column":7},"end":{"line":24,"column":null}},"type":"binary-expr","locations":[{"start":{"line":21,"column":7},"end":{"line":21,"column":null}},{"start":{"line":22,"column":8},"end":{"line":24,"column":null}}],"line":21}},"s":{"0":6,"1":1,"2":1},"f":{"0":6,"1":1,"2":1},"b":{"0":[6],"1":[6],"2":[6,2]},"meta":{"lastBranch":3,"lastFunction":3,"lastStatement":3,"seen":{"f:10:16:10:28":0,"b:10:61:10:70":0,"b:10:82:10:106":1,"s:11:2:24:Infinity":0,"f:18:8:18:18":1,"s:18:23:18:47":1,"b:21:7:21:Infinity:22:8:24:Infinity":2,"f:22:16:22:31":2,"s:22:31:22:43":2}}}
,"/Users/heaton/code/onesoul_dev/web/src/components/ui/StatusBanner.tsx": {"path":"/Users/heaton/code/onesoul_dev/web/src/components/ui/StatusBanner.tsx","statementMap":{"0":{"start":{"line":9,"column":2},"end":{"line":20,"column":null}},"1":{"start":{"line":10,"column":4},"end":{"line":20,"column":null}},"2":{"start":{"line":24,"column":2},"end":{"line":32,"column":null}},"3":{"start":{"line":25,"column":4},"end":{"line":32,"column":null}},"4":{"start":{"line":36,"column":14},"end":{"line":36,"column":null}},"5":{"start":{"line":37,"column":2},"end":{"line":37,"column":null}}},"fnMap":{"0":{"name":"StatusBanner","decl":{"start":{"line":8,"column":16},"end":{"line":8,"column":29}},"loc":{"start":{"line":8,"column":72},"end":{"line":37,"column":null}},"line":8}},"branchMap":{"0":{"loc":{"start":{"line":9,"column":2},"end":{"line":20,"column":null}},"type":"if","locations":[{"start":{"line":9,"column":2},"end":{"line":20,"column":null}},{"start":{},"end":{}}],"line":9},"1":{"loc":{"start":{"line":24,"column":2},"end":{"line":32,"column":null}},"type":"if","locations":[{"start":{"line":24,"column":2},"end":{"line":32,"column":null}},{"start":{},"end":{}}],"line":24},"2":{"loc":{"start":{"line":28,"column":11},"end":{"line":28,"column":null}},"type":"binary-expr","locations":[{"start":{"line":28,"column":11},"end":{"line":28,"column":22}},{"start":{"line":28,"column":22},"end":{"line":28,"column":null}}],"line":28}},"s":{"0":5,"1":1,"2":4,"3":3,"4":1,"5":1},"f":{"0":5},"b":{"0":[1,4],"1":[3,1],"2":[3,1]},"meta":{"lastBranch":3,"lastFunction":1,"lastStatement":6,"seen":{"f:8:16:8:29":0,"b:9:2:20:Infinity:undefined:undefined:undefined:undefined":0,"s:9:2:20:Infinity":0,"s:10:4:20:Infinity":1,"b:24:2:32:Infinity:undefined:undefined:undefined:undefined":1,"s:24:2:32:Infinity":2,"s:25:4:32:Infinity":3,"b:28:11:28:22:28:22:28:Infinity":2,"s:36:14:36:Infinity":4,"s:37:2:37:Infinity":5}}}
,"/Users/heaton/code/onesoul_dev/web/src/constants/index.tsx": {"path":"/Users/heaton/code/onesoul_dev/web/src/constants/index.tsx","statementMap":{"0":{"start":{"line":20,"column":23},"end":{"line":20,"column":null}},"1":{"start":{"line":21,"column":23},"end":{"line":21,"column":null}},"2":{"start":{"line":24,"column":32},"end":{"line":24,"column":null}},"3":{"start":{"line":27,"column":74},"end":{"line":36,"column":null}}},"fnMap":{},"branchMap":{},"s":{"0":2,"1":2,"2":2,"3":2},"f":{},"b":{},"meta":{"lastBranch":0,"lastFunction":0,"lastStatement":4,"seen":{"s:20:23:20:Infinity":0,"s:21:23:21:Infinity":1,"s:24:32:24:Infinity":2,"s:27:74:36:Infinity":3}}}
,"/Users/heaton/code/onesoul_dev/web/src/constants/messages.ts": {"path":"/Users/heaton/code/onesoul_dev/web/src/constants/messages.ts","statementMap":{"0":{"start":{"line":3,"column":19},"end":{"line":73,"column":null}},"1":{"start":{"line":6,"column":45},"end":{"line":6,"column":null}},"2":{"start":{"line":8,"column":48},"end":{"line":8,"column":null}},"3":{"start":{"line":9,"column":38},"end":{"line":9,"column":null}},"4":{"start":{"line":13,"column":39},"end":{"line":13,"column":null}},"5":{"start":{"line":14,"column":27},"end":{"line":14,"column":null}},"6":{"start":{"line":24,"column":32},"end":{"line":24,"column":null}},"7":{"start":{"line":30,"column":33},"end":{"line":30,"column":null}},"8":{"start":{"line":33,"column":35},"end":{"line":33,"column":null}},"9":{"start":{"line":34,"column":31},"end":{"line":34,"column":null}},"10":{"start":{"line":40,"column":35},"end":{"line":40,"column":null}},"11":{"start":{"line":48,"column":33},"end":{"line":48,"column":null}},"12":{"start":{"line":55,"column":36},"end":{"line":55,"column":null}},"13":{"start":{"line":58,"column":31},"end":{"line":58,"column":null}},"14":{"start":{"line":67,"column":38},"end":{"line":67,"column":null}},"15":{"start":{"line":68,"column":36},"end":{"line":68,"column":null}},"16":{"start":{"line":70,"column":55},"end":{"line":70,"column":null}},"17":{"start":{"line":71,"column":59},"end":{"line":71,"column":null}}},"fnMap":{"0":{"name":"(anonymous_0)","decl":{"start":{"line":6,"column":4},"end":{"line":6,"column":19}},"loc":{"start":{"line":6,"column":45},"end":{"line":6,"column":null}},"line":6},"1":{"name":"(anonymous_1)","decl":{"start":{"line":8,"column":4},"end":{"line":8,"column":18}},"loc":{"start":{"line":8,"column":48},"end":{"line":8,"column":null}},"line":8},"2":{"name":"(anonymous_2)","decl":{"start":{"line":9,"column":4},"end":{"line":9,"column":21}},"loc":{"start":{"line":9,"column":38},"end":{"line":9,"column":null}},"line":9},"3":{"name":"(anonymous_3)","decl":{"start":{"line":13,"column":4},"end":{"line":13,"column":14}},"loc":{"start":{"line":13,"column":39},"end":{"line":13,"column":null}},"line":13},"4":{"name":"(anonymous_4)","decl":{"start":{"line":14,"column":4},"end":{"line":14,"column":11}},"loc":{"start":{"line":14,"column":27},"end":{"line":14,"column":null}},"line":14},"5":{"name":"(anonymous_5)","decl":{"start":{"line":24,"column":4},"end":{"line":24,"column":15}},"loc":{"start":{"line":24,"column":32},"end":{"line":24,"column":null}},"line":24},"6":{"name":"(anonymous_6)","decl":{"start":{"line":30,"column":4},"end":{"line":30,"column":16}},"loc":{"start":{"line":30,"column":33},"end":{"line":30,"column":null}},"line":30},"7":{"name":"(anonymous_7)","decl":{"start":{"line":33,"column":4},"end":{"line":33,"column":18}},"loc":{"start":{"line":33,"column":35},"end":{"line":33,"column":null}},"line":33},"8":{"name":"(anonymous_8)","decl":{"start":{"line":34,"column":4},"end":{"line":34,"column":15}},"loc":{"start":{"line":34,"column":31},"end":{"line":34,"column":null}},"line":34},"9":{"name":"(anonymous_9)","decl":{"start":{"line":40,"column":4},"end":{"line":40,"column":19}},"loc":{"start":{"line":40,"column":35},"end":{"line":40,"column":null}},"line":40},"10":{"name":"(anonymous_10)","decl":{"start":{"line":48,"column":4},"end":{"line":48,"column":16}},"loc":{"start":{"line":48,"column":33},"end":{"line":48,"column":null}},"line":48},"11":{"name":"(anonymous_11)","decl":{"start":{"line":55,"column":4},"end":{"line":55,"column":22}},"loc":{"start":{"line":55,"column":36},"end":{"line":55,"column":null}},"line":55},"12":{"name":"(anonymous_12)","decl":{"start":{"line":58,"column":4},"end":{"line":58,"column":15}},"loc":{"start":{"line":58,"column":31},"end":{"line":58,"column":null}},"line":58},"13":{"name":"(anonymous_13)","decl":{"start":{"line":67,"column":4},"end":{"line":67,"column":24}},"loc":{"start":{"line":67,"column":38},"end":{"line":67,"column":null}},"line":67},"14":{"name":"(anonymous_14)","decl":{"start":{"line":68,"column":4},"end":{"line":68,"column":22}},"loc":{"start":{"line":68,"column":36},"end":{"line":68,"column":null}},"line":68},"15":{"name":"(anonymous_15)","decl":{"start":{"line":70,"column":4},"end":{"line":70,"column":21}},"loc":{"start":{"line":70,"column":55},"end":{"line":70,"column":null}},"line":70},"16":{"name":"(anonymous_16)","decl":{"start":{"line":71,"column":4},"end":{"line":71,"column":25}},"loc":{"start":{"line":71,"column":59},"end":{"line":71,"column":null}},"line":71}},"branchMap":{"0":{"loc":{"start":{"line":9,"column":43},"end":{"line":9,"column":null}},"type":"binary-expr","locations":[{"start":{"line":9,"column":43},"end":{"line":9,"column":50}},{"start":{"line":9,"column":50},"end":{"line":9,"column":null}}],"line":9},"1":{"loc":{"start":{"line":24,"column":32},"end":{"line":24,"column":null}},"type":"binary-expr","locations":[{"start":{"line":24,"column":32},"end":{"line":24,"column":39}},{"start":{"line":24,"column":39},"end":{"line":24,"column":null}}],"line":24},"2":{"loc":{"start":{"line":30,"column":33},"end":{"line":30,"column":null}},"type":"binary-expr","locations":[{"start":{"line":30,"column":33},"end":{"line":30,"column":40}},{"start":{"line":30,"column":40},"end":{"line":30,"column":null}}],"line":30},"3":{"loc":{"start":{"line":33,"column":35},"end":{"line":33,"column":null}},"type":"binary-expr","locations":[{"start":{"line":33,"column":35},"end":{"line":33,"column":42}},{"start":{"line":33,"column":42},"end":{"line":33,"column":null}}],"line":33},"4":{"loc":{"start":{"line":48,"column":33},"end":{"line":48,"column":null}},"type":"binary-expr","locations":[{"start":{"line":48,"column":33},"end":{"line":48,"column":40}},{"start":{"line":48,"column":40},"end":{"line":48,"column":null}}],"line":48}},"s":{"0":1,"1":0,"2":0,"3":0,"4":0,"5":0,"6":0,"7":0,"8":0,"9":0,"10":0,"11":0,"12":0,"13":0,"14":1,"15":1,"16":1,"17":1},"f":{"0":0,"1":0,"2":0,"3":0,"4":0,"5":0,"6":0,"7":0,"8":0,"9":0,"10":0,"11":0,"12":0,"13":1,"14":1,"15":1,"16":1},"b":{"0":[0,0],"1":[0,0],"2":[0,0],"3":[0,0],"4":[0,0]},"meta":{"lastBranch":5,"lastFunction":17,"lastStatement":18,"seen":{"s:3:19:73:Infinity":0,"f:6:4:6:19":0,"s:6:45:6:Infinity":1,"f:8:4:8:18":1,"s:8:48:8:Infinity":2,"f:9:4:9:21":2,"s:9:38:9:Infinity":3,"b:9:43:9:50:9:50:9:Infinity":0,"f:13:4:13:14":3,"s:13:39:13:Infinity":4,"f:14:4:14:11":4,"s:14:27:14:Infinity":5,"f:24:4:24:15":5,"s:24:32:24:Infinity":6,"b:24:32:24:39:24:39:24:Infinity":1,"f:30:4:30:16":6,"s:30:33:30:Infinity":7,"b:30:33:30:40:30:40:30:Infinity":2,"f:33:4:33:18":7,"s:33:35:33:Infinity":8,"b:33:35:33:42:33:42:33:Infinity":3,"f:34:4:34:15":8,"s:34:31:34:Infinity":9,"f:40:4:40:19":9,"s:40:35:40:Infinity":10,"f:48:4:48:16":10,"s:48:33:48:Infinity":11,"b:48:33:48:40:48:40:48:Infinity":4,"f:55:4:55:22":11,"s:55:36:55:Infinity":12,"f:58:4:58:15":12,"s:58:31:58:Infinity":13,"f:67:4:67:24":13,"s:67:38:67:Infinity":14,"f:68:4:68:22":14,"s:68:36:68:Infinity":15,"f:70:4:70:21":15,"s:70:55:70:Infinity":16,"f:71:4:71:25":16,"s:71:59:71:Infinity":17}}}
,"/Users/heaton/code/onesoul_dev/web/src/hooks/useAuth.ts": {"path":"/Users/heaton/code/onesoul_dev/web/src/hooks/useAuth.ts","statementMap":{"0":{"start":{"line":40,"column":15},"end":{"line":43,"column":null}},"1":{"start":{"line":41,"column":18},"end":{"line":41,"column":56}},"2":{"start":{"line":42,"column":4},"end":{"line":42,"column":null}},"3":{"start":{"line":44,"column":20},"end":{"line":44,"column":50}},"4":{"start":{"line":45,"column":16},"end":{"line":45,"column":57}},"5":{"start":{"line":46,"column":8},"end":{"line":46,"column":41}},"6":{"start":{"line":48,"column":8},"end":{"line":57,"column":8}},"7":{"start":{"line":49,"column":29},"end":{"line":49,"column":80}},"8":{"start":{"line":50,"column":4},"end":{"line":52,"column":null}},"9":{"start":{"line":51,"column":6},"end":{"line":51,"column":null}},"10":{"start":{"line":52,"column":6},"end":{"line":52,"column":null}},"11":{"start":{"line":54,"column":4},"end":{"line":54,"column":null}},"12":{"start":{"line":55,"column":4},"end":{"line":55,"column":null}},"13":{"start":{"line":56,"column":4},"end":{"line":56,"column":null}},"14":{"start":{"line":60,"column":2},"end":{"line":81,"column":null}},"15":{"start":{"line":61,"column":4},"end":{"line":61,"column":null}},"16":{"start":{"line":61,"column":35},"end":{"line":61,"column":null}},"17":{"start":{"line":63,"column":10},"end":{"line":77,"column":null}},"18":{"start":{"line":64,"column":6},"end":{"line":66,"column":null}},"19":{"start":{"line":65,"column":8},"end":{"line":65,"column":null}},"20":{"start":{"line":66,"column":8},"end":{"line":66,"column":null}},"21":{"start":{"line":69,"column":6},"end":{"line":74,"column":null}},"22":{"start":{"line":76,"column":6},"end":{"line":76,"column":null}},"23":{"start":{"line":77,"column":6},"end":{"line":77,"column":null}},"24":{"start":{"line":80,"column":4},"end":{"line":80,"column":null}},"25":{"start":{"line":84,"column":2},"end":{"line":106,"column":null}},"26":{"start":{"line":85,"column":4},"end":{"line":85,"column":null}},"27":{"start":{"line":85,"column":15},"end":{"line":85,"column":null}},"28":{"start":{"line":87,"column":4},"end":{"line":91,"column":null}},"29":{"start":{"line":88,"column":6},"end":{"line":88,"column":null}},"30":{"start":{"line":89,"column":6},"end":{"line":89,"column":null}},"31":{"start":{"line":90,"column":6},"end":{"line":90,"column":null}},"32":{"start":{"line":91,"column":6},"end":{"line":91,"column":null}},"33":{"start":{"line":94,"column":4},"end":{"line":94,"column":null}},"34":{"start":{"line":96,"column":10},"end":{"line":96,"column":47}},"35":{"start":{"line":97,"column":4},"end":{"line":97,"column":null}},"36":{"start":{"line":97,"column":24},"end":{"line":97,"column":null}},"37":{"start":{"line":99,"column":18},"end":{"line":103,"column":13}},"38":{"start":{"line":100,"column":6},"end":{"line":101,"column":null}},"39":{"start":{"line":101,"column":8},"end":{"line":101,"column":null}},"40":{"start":{"line":105,"column":4},"end":{"line":105,"column":null}},"41":{"start":{"line":105,"column":17},"end":{"line":105,"column":36}},"42":{"start":{"line":108,"column":8},"end":{"line":118,"column":8}},"43":{"start":{"line":109,"column":4},"end":{"line":109,"column":null}},"44":{"start":{"line":109,"column":45},"end":{"line":109,"column":null}},"45":{"start":{"line":110,"column":4},"end":{"line":117,"column":null}},"46":{"start":{"line":120,"column":8},"end":{"line":127,"column":12}},"47":{"start":{"line":121,"column":4},"end":{"line":122,"column":null}},"48":{"start":{"line":122,"column":6},"end":{"line":122,"column":null}},"49":{"start":{"line":124,"column":4},"end":{"line":124,"column":null}},"50":{"start":{"line":125,"column":4},"end":{"line":125,"column":null}},"51":{"start":{"line":126,"column":4},"end":{"line":126,"column":null}},"52":{"start":{"line":129,"column":36},"end":{"line":129,"column":78}},"53":{"start":{"line":131,"column":2},"end":{"line":139,"column":null}},"54":{"start":{"line":144,"column":16},"end":{"line":144,"column":54}},"55":{"start":{"line":145,"column":2},"end":{"line":145,"column":null}},"56":{"start":{"line":145,"column":14},"end":{"line":145,"column":null}},"57":{"start":{"line":146,"column":2},"end":{"line":147,"column":null}},"58":{"start":{"line":146,"column":8},"end":{"line":146,"column":null}},"59":{"start":{"line":147,"column":10},"end":{"line":147,"column":null}}},"fnMap":{"0":{"name":"useAuth","decl":{"start":{"line":39,"column":16},"end":{"line":39,"column":41}},"loc":{"start":{"line":39,"column":41},"end":{"line":139,"column":null}},"line":39},"1":{"name":"(anonymous_1)","decl":{"start":{"line":40,"column":26},"end":{"line":40,"column":58}},"loc":{"start":{"line":40,"column":58},"end":{"line":43,"column":null}},"line":40},"2":{"name":"(anonymous_2)","decl":{"start":{"line":48,"column":35},"end":{"line":48,"column":48}},"loc":{"start":{"line":48,"column":66},"end":{"line":57,"column":7}},"line":48},"3":{"name":"(anonymous_3)","decl":{"start":{"line":60,"column":2},"end":{"line":60,"column":18}},"loc":{"start":{"line":60,"column":18},"end":{"line":81,"column":6}},"line":60},"4":{"name":"(anonymous_4)","decl":{"start":{"line":63,"column":10},"end":{"line":63,"column":29}},"loc":{"start":{"line":63,"column":29},"end":{"line":77,"column":null}},"line":63},"5":{"name":"(anonymous_5)","decl":{"start":{"line":84,"column":2},"end":{"line":84,"column":18}},"loc":{"start":{"line":84,"column":18},"end":{"line":106,"column":6}},"line":84},"6":{"name":"(anonymous_6)","decl":{"start":{"line":99,"column":18},"end":{"line":99,"column":35}},"loc":{"start":{"line":99,"column":35},"end":{"line":103,"column":13}},"line":99},"7":{"name":"(anonymous_7)","decl":{"start":{"line":105,"column":4},"end":{"line":105,"column":17}},"loc":{"start":{"line":105,"column":17},"end":{"line":105,"column":36}},"line":105},"8":{"name":"(anonymous_8)","decl":{"start":{"line":108,"column":29},"end":{"line":108,"column":42}},"loc":{"start":{"line":108,"column":69},"end":{"line":118,"column":7}},"line":108},"9":{"name":"(anonymous_9)","decl":{"start":{"line":120,"column":17},"end":{"line":120,"column":35}},"loc":{"start":{"line":120,"column":35},"end":{"line":127,"column":6}},"line":120},"10":{"name":"(anonymous_10)","decl":{"start":{"line":122,"column":44},"end":{"line":122,"column":57}},"loc":{"start":{"line":122,"column":57},"end":{"line":122,"column":60}},"line":122},"11":{"name":"getIdToken","decl":{"start":{"line":143,"column":16},"end":{"line":143,"column":44}},"loc":{"start":{"line":143,"column":44},"end":{"line":147,"column":null}},"line":143}},"branchMap":{"0":{"loc":{"start":{"line":42,"column":11},"end":{"line":42,"column":null}},"type":"cond-expr","locations":[{"start":{"line":42,"column":19},"end":{"line":42,"column":36}},{"start":{"line":42,"column":39},"end":{"line":42,"column":null}}],"line":42},"1":{"loc":{"start":{"line":50,"column":4},"end":{"line":52,"column":null}},"type":"if","locations":[{"start":{"line":50,"column":4},"end":{"line":52,"column":null}},{"start":{},"end":{}}],"line":50},"2":{"loc":{"start":{"line":50,"column":8},"end":{"line":50,"column":33}},"type":"binary-expr","locations":[{"start":{"line":50,"column":8},"end":{"line":50,"column":22}},{"start":{"line":50,"column":22},"end":{"line":50,"column":33}}],"line":50},"3":{"loc":{"start":{"line":61,"column":4},"end":{"line":61,"column":null}},"type":"if","locations":[{"start":{"line":61,"column":4},"end":{"line":61,"column":null}},{"start":{},"end":{}}],"line":61},"4":{"loc":{"start":{"line":64,"column":6},"end":{"line":66,"column":null}},"type":"if","locations":[{"start":{"line":64,"column":6},"end":{"line":66,"column":null}},{"start":{},"end":{}}],"line":64},"5":{"loc":{"start":{"line":85,"column":4},"end":{"line":85,"column":null}},"type":"if","locations":[{"start":{"line":85,"column":4},"end":{"line":85,"column":null}},{"start":{},"end":{}}],"line":85},"6":{"loc":{"start":{"line":87,"column":4},"end":{"line":91,"column":null}},"type":"if","locations":[{"start":{"line":87,"column":4},"end":{"line":91,"column":null}},{"start":{},"end":{}}],"line":87},"7":{"loc":{"start":{"line":97,"column":4},"end":{"line":97,"column":null}},"type":"if","locations":[{"start":{"line":97,"column":4},"end":{"line":97,"column":null}},{"start":{},"end":{}}],"line":97},"8":{"loc":{"start":{"line":100,"column":6},"end":{"line":101,"column":null}},"type":"if","locations":[{"start":{"line":100,"column":6},"end":{"line":101,"column":null}},{"start":{},"end":{}}],"line":100},"9":{"loc":{"start":{"line":109,"column":4},"end":{"line":109,"column":null}},"type":"if","locations":[{"start":{"line":109,"column":4},"end":{"line":109,"column":null}},{"start":{},"end":{}}],"line":109},"10":{"loc":{"start":{"line":109,"column":8},"end":{"line":109,"column":45}},"type":"binary-expr","locations":[{"start":{"line":109,"column":8},"end":{"line":109,"column":15}},{"start":{"line":109,"column":15},"end":{"line":109,"column":45}}],"line":109},"11":{"loc":{"start":{"line":121,"column":4},"end":{"line":122,"column":null}},"type":"if","locations":[{"start":{"line":121,"column":4},"end":{"line":122,"column":null}},{"start":{},"end":{}}],"line":121},"12":{"loc":{"start":{"line":121,"column":8},"end":{"line":121,"column":52}},"type":"binary-expr","locations":[{"start":{"line":121,"column":8},"end":{"line":121,"column":23}},{"start":{"line":121,"column":23},"end":{"line":121,"column":52}}],"line":121},"13":{"loc":{"start":{"line":129,"column":36},"end":{"line":129,"column":78}},"type":"cond-expr","locations":[{"start":{"line":129,"column":36},"end":{"line":129,"column":73}},{"start":{"line":129,"column":76},"end":{"line":129,"column":78}}],"line":129},"14":{"loc":{"start":{"line":133,"column":21},"end":{"line":133,"column":null}},"type":"binary-expr","locations":[{"start":{"line":133,"column":21},"end":{"line":133,"column":31}},{"start":{"line":133,"column":31},"end":{"line":133,"column":null}}],"line":133},"15":{"loc":{"start":{"line":145,"column":2},"end":{"line":145,"column":null}},"type":"if","locations":[{"start":{"line":145,"column":2},"end":{"line":145,"column":null}},{"start":{},"end":{}}],"line":145}},"s":{"0":0,"1":0,"2":0,"3":0,"4":0,"5":0,"6":0,"7":0,"8":0,"9":0,"10":0,"11":0,"12":0,"13":0,"14":0,"15":0,"16":0,"17":0,"18":0,"19":0,"20":0,"21":0,"22":0,"23":0,"24":0,"25":0,"26":0,"27":0,"28":0,"29":0,"30":0,"31":0,"32":0,"33":0,"34":0,"35":0,"36":0,"37":0,"38":0,"39":0,"40":0,"41":0,"42":0,"43":0,"44":0,"45":0,"46":0,"47":0,"48":0,"49":0,"50":0,"51":0,"52":0,"53":0,"54":23,"55":23,"56":23,"57":0,"58":0,"59":0},"f":{"0":0,"1":0,"2":0,"3":0,"4":0,"5":0,"6":0,"7":0,"8":0,"9":0,"10":0,"11":23},"b":{"0":[0,0],"1":[0,0],"2":[0,0],"3":[0,0],"4":[0,0],"5":[0,0],"6":[0,0],"7":[0,0],"8":[0,0],"9":[0,0],"10":[0,0],"11":[0,0],"12":[0,0],"13":[0,0],"14":[0,0],"15":[23,0]},"meta":{"lastBranch":16,"lastFunction":12,"lastStatement":60,"seen":{"f:39:16:39:41":0,"s:40:15:43:Infinity":0,"f:40:26:40:58":1,"s:41:18:41:56":1,"s:42:4:42:Infinity":2,"b:42:19:42:36:42:39:42:Infinity":0,"s:44:20:44:50":3,"s:45:16:45:57":4,"s:46:8:46:41":5,"s:48:8:57:8":6,"f:48:35:48:48":2,"s:49:29:49:80":7,"b:50:4:52:Infinity:undefined:undefined:undefined:undefined":1,"s:50:4:52:Infinity":8,"b:50:8:50:22:50:22:50:33":2,"s:51:6:51:Infinity":9,"s:52:6:52:Infinity":10,"s:54:4:54:Infinity":11,"s:55:4:55:Infinity":12,"s:56:4:56:Infinity":13,"s:60:2:81:Infinity":14,"f:60:2:60:18":3,"b:61:4:61:Infinity:undefined:undefined:undefined:undefined":3,"s:61:4:61:Infinity":15,"s:61:35:61:Infinity":16,"s:63:10:77:Infinity":17,"f:63:10:63:29":4,"b:64:6:66:Infinity:undefined:undefined:undefined:undefined":4,"s:64:6:66:Infinity":18,"s:65:8:65:Infinity":19,"s:66:8:66:Infinity":20,"s:69:6:74:Infinity":21,"s:76:6:76:Infinity":22,"s:77:6:77:Infinity":23,"s:80:4:80:Infinity":24,"s:84:2:106:Infinity":25,"f:84:2:84:18":5,"b:85:4:85:Infinity:undefined:undefined:undefined:undefined":5,"s:85:4:85:Infinity":26,"s:85:15:85:Infinity":27,"b:87:4:91:Infinity:undefined:undefined:undefined:undefined":6,"s:87:4:91:Infinity":28,"s:88:6:88:Infinity":29,"s:89:6:89:Infinity":30,"s:90:6:90:Infinity":31,"s:91:6:91:Infinity":32,"s:94:4:94:Infinity":33,"s:96:10:96:47":34,"b:97:4:97:Infinity:undefined:undefined:undefined:undefined":7,"s:97:4:97:Infinity":35,"s:97:24:97:Infinity":36,"s:99:18:103:13":37,"f:99:18:99:35":6,"b:100:6:101:Infinity:undefined:undefined:undefined:undefined":8,"s:100:6:101:Infinity":38,"s:101:8:101:Infinity":39,"s:105:4:105:Infinity":40,"f:105:4:105:17":7,"s:105:17:105:36":41,"s:108:8:118:8":42,"f:108:29:108:42":8,"b:109:4:109:Infinity:undefined:undefined:undefined:undefined":9,"s:109:4:109:Infinity":43,"b:109:8:109:15:109:15:109:45":10,"s:109:45:109:Infinity":44,"s:110:4:117:Infinity":45,"s:120:8:127:12":46,"f:120:17:120:35":9,"b:121:4:122:Infinity:undefined:undefined:undefined:undefined":11,"s:121:4:122:Infinity":47,"b:121:8:121:23:121:23:121:52":12,"s:122:6:122:Infinity":48,"f:122:44:122:57":10,"s:124:4:124:Infinity":49,"s:125:4:125:Infinity":50,"s:126:4:126:Infinity":51,"s:129:36:129:78":52,"b:129:36:129:73:129:76:129:78":13,"s:131:2:139:Infinity":53,"b:133:21:133:31:133:31:133:Infinity":14,"f:143:16:143:44":11,"s:144:16:144:54":54,"b:145:2:145:Infinity:undefined:undefined:undefined:undefined":15,"s:145:2:145:Infinity":55,"s:145:14:145:Infinity":56,"s:146:2:147:Infinity":57,"s:146:8:146:Infinity":58,"s:147:10:147:Infinity":59}}}
,"/Users/heaton/code/onesoul_dev/web/src/logic/auth.ts": {"path":"/Users/heaton/code/onesoul_dev/web/src/logic/auth.ts","statementMap":{"0":{"start":{"line":9,"column":2},"end":{"line":12,"column":null}},"1":{"start":{"line":10,"column":19},"end":{"line":10,"column":76}},"2":{"start":{"line":11,"column":4},"end":{"line":11,"column":null}},"3":{"start":{"line":12,"column":12},"end":{"line":12,"column":null}},"4":{"start":{"line":20,"column":21},"end":{"line":20,"column":40}},"5":{"start":{"line":21,"column":2},"end":{"line":21,"column":null}},"6":{"start":{"line":29,"column":2},"end":{"line":29,"column":null}},"7":{"start":{"line":38,"column":18},"end":{"line":38,"column":41}},"8":{"start":{"line":39,"column":2},"end":{"line":39,"column":null}},"9":{"start":{"line":39,"column":21},"end":{"line":39,"column":null}},"10":{"start":{"line":40,"column":2},"end":{"line":40,"column":null}},"11":{"start":{"line":49,"column":18},"end":{"line":49,"column":41}},"12":{"start":{"line":50,"column":2},"end":{"line":50,"column":null}},"13":{"start":{"line":50,"column":21},"end":{"line":50,"column":null}},"14":{"start":{"line":51,"column":16},"end":{"line":51,"column":null}},"15":{"start":{"line":52,"column":2},"end":{"line":52,"column":null}},"16":{"start":{"line":52,"column":21},"end":{"line":52,"column":null}},"17":{"start":{"line":53,"column":2},"end":{"line":53,"column":null}},"18":{"start":{"line":61,"column":18},"end":{"line":61,"column":46}},"19":{"start":{"line":62,"column":2},"end":{"line":63,"column":null}},"20":{"start":{"line":63,"column":4},"end":{"line":63,"column":null}},"21":{"start":{"line":65,"column":16},"end":{"line":65,"column":43}},"22":{"start":{"line":66,"column":16},"end":{"line":66,"column":41}},"23":{"start":{"line":67,"column":2},"end":{"line":68,"column":null}},"24":{"start":{"line":68,"column":4},"end":{"line":68,"column":null}},"25":{"start":{"line":70,"column":2},"end":{"line":78,"column":null}}},"fnMap":{"0":{"name":"decodeJwtPayload","decl":{"start":{"line":8,"column":16},"end":{"line":8,"column":33}},"loc":{"start":{"line":8,"column":53},"end":{"line":12,"column":null}},"line":8},"1":{"name":"getAuthorizedRoles","decl":{"start":{"line":19,"column":16},"end":{"line":19,"column":35}},"loc":{"start":{"line":19,"column":67},"end":{"line":21,"column":null}},"line":19},"2":{"name":"getAllowedBranches","decl":{"start":{"line":28,"column":16},"end":{"line":28,"column":35}},"loc":{"start":{"line":28,"column":60},"end":{"line":29,"column":null}},"line":28},"3":{"name":"isTokenExpired","decl":{"start":{"line":37,"column":16},"end":{"line":37,"column":31}},"loc":{"start":{"line":37,"column":75},"end":{"line":40,"column":null}},"line":37},"4":{"name":"getRefreshDelay","decl":{"start":{"line":48,"column":16},"end":{"line":48,"column":32}},"loc":{"start":{"line":48,"column":82},"end":{"line":53,"column":null}},"line":48},"5":{"name":"parseCredential","decl":{"start":{"line":60,"column":16},"end":{"line":60,"column":32}},"loc":{"start":{"line":60,"column":162},"end":{"line":78,"column":null}},"line":60}},"branchMap":{"0":{"loc":{"start":{"line":21,"column":9},"end":{"line":21,"column":null}},"type":"binary-expr","locations":[{"start":{"line":21,"column":9},"end":{"line":21,"column":35}},{"start":{"line":21,"column":35},"end":{"line":21,"column":null}}],"line":21},"1":{"loc":{"start":{"line":29,"column":9},"end":{"line":29,"column":40}},"type":"binary-expr","locations":[{"start":{"line":29,"column":9},"end":{"line":29,"column":34}},{"start":{"line":29,"column":38},"end":{"line":29,"column":40}}],"line":29},"2":{"loc":{"start":{"line":37,"column":46},"end":{"line":37,"column":64}},"type":"default-arg","locations":[{"start":{"line":37,"column":54},"end":{"line":37,"column":64}}],"line":37},"3":{"loc":{"start":{"line":39,"column":2},"end":{"line":39,"column":null}},"type":"if","locations":[{"start":{"line":39,"column":2},"end":{"line":39,"column":null}},{"start":{},"end":{}}],"line":39},"4":{"loc":{"start":{"line":48,"column":47},"end":{"line":48,"column":65}},"type":"default-arg","locations":[{"start":{"line":48,"column":55},"end":{"line":48,"column":65}}],"line":48},"5":{"loc":{"start":{"line":50,"column":2},"end":{"line":50,"column":null}},"type":"if","locations":[{"start":{"line":50,"column":2},"end":{"line":50,"column":null}},{"start":{},"end":{}}],"line":50},"6":{"loc":{"start":{"line":52,"column":2},"end":{"line":52,"column":null}},"type":"if","locations":[{"start":{"line":52,"column":2},"end":{"line":52,"column":null}},{"start":{},"end":{}}],"line":52},"7":{"loc":{"start":{"line":62,"column":2},"end":{"line":63,"column":null}},"type":"if","locations":[{"start":{"line":62,"column":2},"end":{"line":63,"column":null}},{"start":{},"end":{}}],"line":62},"8":{"loc":{"start":{"line":67,"column":2},"end":{"line":68,"column":null}},"type":"if","locations":[{"start":{"line":67,"column":2},"end":{"line":68,"column":null}},{"start":{},"end":{}}],"line":67},"9":{"loc":{"start":{"line":73,"column":12},"end":{"line":73,"column":null}},"type":"binary-expr","locations":[{"start":{"line":73,"column":12},"end":{"line":73,"column":28}},{"start":{"line":73,"column":28},"end":{"line":73,"column":null}}],"line":73},"10":{"loc":{"start":{"line":74,"column":15},"end":{"line":74,"column":null}},"type":"binary-expr","locations":[{"start":{"line":74,"column":15},"end":{"line":74,"column":34}},{"start":{"line":74,"column":34},"end":{"line":74,"column":null}}],"line":74}},"s":{"0":23,"1":23,"2":23,"3":6,"4":11,"5":11,"6":2,"7":6,"8":6,"9":2,"10":4,"11":5,"12":5,"13":2,"14":3,"15":3,"16":1,"17":2,"18":7,"19":7,"20":2,"21":5,"22":5,"23":5,"24":1,"25":4},"f":{"0":23,"1":11,"2":2,"3":6,"4":5,"5":7},"b":{"0":[11,3],"1":[2,1],"2":[6],"3":[2,4],"4":[5],"5":[2,3],"6":[1,2],"7":[2,5],"8":[1,4],"9":[4,2],"10":[7,3]},"meta":{"lastBranch":11,"lastFunction":6,"lastStatement":26,"seen":{"f:8:16:8:33":0,"s:9:2:12:Infinity":0,"s:10:19:10:76":1,"s:11:4:11:Infinity":2,"s:12:12:12:Infinity":3,"f:19:16:19:35":1,"s:20:21:20:40":4,"s:21:2:21:Infinity":5,"b:21:9:21:35:21:35:21:Infinity":0,"f:28:16:28:35":2,"s:29:2:29:Infinity":6,"b:29:9:29:34:29:38:29:40":1,"f:37:16:37:31":3,"b:37:54:37:64":2,"s:38:18:38:41":7,"b:39:2:39:Infinity:undefined:undefined:undefined:undefined":3,"s:39:2:39:Infinity":8,"s:39:21:39:Infinity":9,"s:40:2:40:Infinity":10,"f:48:16:48:32":4,"b:48:55:48:65":4,"s:49:18:49:41":11,"b:50:2:50:Infinity:undefined:undefined:undefined:undefined":5,"s:50:2:50:Infinity":12,"s:50:21:50:Infinity":13,"s:51:16:51:Infinity":14,"b:52:2:52:Infinity:undefined:undefined:undefined:undefined":6,"s:52:2:52:Infinity":15,"s:52:21:52:Infinity":16,"s:53:2:53:Infinity":17,"f:60:16:60:32":5,"s:61:18:61:46":18,"b:62:2:63:Infinity:undefined:undefined:undefined:undefined":7,"s:62:2:63:Infinity":19,"s:63:4:63:Infinity":20,"s:65:16:65:43":21,"s:66:16:66:41":22,"b:67:2:68:Infinity:undefined:undefined:undefined:undefined":8,"s:67:2:68:Infinity":23,"s:68:4:68:Infinity":24,"s:70:2:78:Infinity":25,"b:73:12:73:28:73:28:73:Infinity":9,"b:74:15:74:34:74:34:74:Infinity":10}}}
,"/Users/heaton/code/onesoul_dev/web/src/logic/checkout.ts": {"path":"/Users/heaton/code/onesoul_dev/web/src/logic/checkout.ts","statementMap":{"0":{"start":{"line":6,"column":13},"end":{"line":9,"column":null}},"1":{"start":{"line":6,"column":48},"end":{"line":9,"column":null}},"2":{"start":{"line":11,"column":13},"end":{"line":14,"column":null}},"3":{"start":{"line":11,"column":44},"end":{"line":14,"column":null}},"4":{"start":{"line":18,"column":12},"end":{"line":18,"column":15}},"5":{"start":{"line":18,"column":21},"end":{"line":18,"column":null}},"6":{"start":{"line":19,"column":2},"end":{"line":22,"column":null}},"7":{"start":{"line":20,"column":4},"end":{"line":20,"column":null}},"8":{"start":{"line":21,"column":4},"end":{"line":21,"column":null}},"9":{"start":{"line":23,"column":2},"end":{"line":28,"column":null}},"10":{"start":{"line":24,"column":4},"end":{"line":25,"column":null}},"11":{"start":{"line":24,"column":33},"end":{"line":24,"column":null}},"12":{"start":{"line":25,"column":13},"end":{"line":25,"column":null}},"13":{"start":{"line":25,"column":38},"end":{"line":25,"column":null}},"14":{"start":{"line":26,"column":4},"end":{"line":26,"column":null}},"15":{"start":{"line":26,"column":27},"end":{"line":26,"column":null}},"16":{"start":{"line":27,"column":4},"end":{"line":27,"column":null}},"17":{"start":{"line":27,"column":27},"end":{"line":27,"column":null}},"18":{"start":{"line":29,"column":2},"end":{"line":29,"column":null}},"19":{"start":{"line":39,"column":18},"end":{"line":39,"column":null}},"20":{"start":{"line":41,"column":2},"end":{"line":55,"column":null}},"21":{"start":{"line":42,"column":21},"end":{"line":42,"column":64}},"22":{"start":{"line":42,"column":38},"end":{"line":42,"column":63}},"23":{"start":{"line":43,"column":4},"end":{"line":55,"column":null}},"24":{"start":{"line":44,"column":6},"end":{"line":44,"column":null}},"25":{"start":{"line":45,"column":6},"end":{"line":45,"column":null}},"26":{"start":{"line":46,"column":6},"end":{"line":52,"column":null}},"27":{"start":{"line":47,"column":8},"end":{"line":47,"column":null}},"28":{"start":{"line":48,"column":8},"end":{"line":48,"column":null}},"29":{"start":{"line":49,"column":8},"end":{"line":49,"column":null}},"30":{"start":{"line":52,"column":8},"end":{"line":52,"column":null}},"31":{"start":{"line":52,"column":37},"end":{"line":52,"column":58}},"32":{"start":{"line":52,"column":58},"end":{"line":52,"column":82}},"33":{"start":{"line":52,"column":82},"end":{"line":52,"column":null}},"34":{"start":{"line":55,"column":11},"end":{"line":55,"column":33}},"35":{"start":{"line":55,"column":33},"end":{"line":55,"column":56}},"36":{"start":{"line":55,"column":56},"end":{"line":55,"column":76}},"37":{"start":{"line":55,"column":76},"end":{"line":55,"column":98}},"38":{"start":{"line":55,"column":98},"end":{"line":55,"column":122}},"39":{"start":{"line":55,"column":122},"end":{"line":55,"column":146}},"40":{"start":{"line":55,"column":146},"end":{"line":55,"column":165}},"41":{"start":{"line":55,"column":165},"end":{"line":55,"column":185}},"42":{"start":{"line":55,"column":185},"end":{"line":55,"column":210}},"43":{"start":{"line":55,"column":210},"end":{"line":55,"column":null}},"44":{"start":{"line":57,"column":2},"end":{"line":66,"column":null}},"45":{"start":{"line":58,"column":25},"end":{"line":58,"column":null}},"46":{"start":{"line":59,"column":23},"end":{"line":59,"column":92}},"47":{"start":{"line":59,"column":40},"end":{"line":59,"column":91}},"48":{"start":{"line":60,"column":4},"end":{"line":61,"column":null}},"49":{"start":{"line":60,"column":22},"end":{"line":60,"column":60}},"50":{"start":{"line":60,"column":60},"end":{"line":60,"column":102}},"51":{"start":{"line":60,"column":102},"end":{"line":60,"column":null}},"52":{"start":{"line":61,"column":11},"end":{"line":61,"column":33}},"53":{"start":{"line":61,"column":33},"end":{"line":61,"column":57}},"54":{"start":{"line":61,"column":57},"end":{"line":61,"column":81}},"55":{"start":{"line":61,"column":81},"end":{"line":61,"column":100}},"56":{"start":{"line":61,"column":100},"end":{"line":61,"column":120}},"57":{"start":{"line":61,"column":120},"end":{"line":61,"column":null}},"58":{"start":{"line":62,"column":4},"end":{"line":66,"column":null}},"59":{"start":{"line":63,"column":6},"end":{"line":66,"column":null}},"60":{"start":{"line":63,"column":29},"end":{"line":63,"column":null}},"61":{"start":{"line":64,"column":15},"end":{"line":66,"column":null}},"62":{"start":{"line":64,"column":34},"end":{"line":64,"column":null}},"63":{"start":{"line":65,"column":15},"end":{"line":66,"column":null}},"64":{"start":{"line":65,"column":30},"end":{"line":65,"column":null}},"65":{"start":{"line":66,"column":15},"end":{"line":66,"column":null}},"66":{"start":{"line":66,"column":49},"end":{"line":66,"column":70}},"67":{"start":{"line":66,"column":70},"end":{"line":66,"column":97}},"68":{"start":{"line":66,"column":97},"end":{"line":66,"column":null}},"69":{"start":{"line":70,"column":2},"end":{"line":73,"column":null}},"70":{"start":{"line":71,"column":23},"end":{"line":71,"column":92}},"71":{"start":{"line":71,"column":40},"end":{"line":71,"column":92}},"72":{"start":{"line":72,"column":4},"end":{"line":73,"column":null}},"73":{"start":{"line":73,"column":6},"end":{"line":73,"column":null}},"74":{"start":{"line":76,"column":22},"end":{"line":76,"column":null}},"75":{"start":{"line":77,"column":2},"end":{"line":85,"column":null}},"76":{"start":{"line":78,"column":4},"end":{"line":83,"column":null}},"77":{"start":{"line":79,"column":6},"end":{"line":79,"column":null}},"78":{"start":{"line":81,"column":6},"end":{"line":81,"column":null}},"79":{"start":{"line":83,"column":6},"end":{"line":83,"column":null}},"80":{"start":{"line":83,"column":28},"end":{"line":83,"column":null}},"81":{"start":{"line":85,"column":4},"end":{"line":85,"column":null}},"82":{"start":{"line":87,"column":2},"end":{"line":87,"column":null}},"83":{"start":{"line":98,"column":18},"end":{"line":98,"column":null}},"84":{"start":{"line":100,"column":2},"end":{"line":114,"column":null}},"85":{"start":{"line":101,"column":4},"end":{"line":114,"column":null}},"86":{"start":{"line":102,"column":6},"end":{"line":102,"column":null}},"87":{"start":{"line":103,"column":15},"end":{"line":114,"column":null}},"88":{"start":{"line":104,"column":6},"end":{"line":104,"column":null}},"89":{"start":{"line":106,"column":25},"end":{"line":106,"column":65}},"90":{"start":{"line":106,"column":42},"end":{"line":106,"column":64}},"91":{"start":{"line":107,"column":6},"end":{"line":114,"column":null}},"92":{"start":{"line":108,"column":8},"end":{"line":108,"column":40}},"93":{"start":{"line":108,"column":40},"end":{"line":108,"column":null}},"94":{"start":{"line":109,"column":8},"end":{"line":109,"column":44}},"95":{"start":{"line":109,"column":44},"end":{"line":109,"column":null}},"96":{"start":{"line":110,"column":8},"end":{"line":110,"column":null}},"97":{"start":{"line":111,"column":8},"end":{"line":111,"column":null}},"98":{"start":{"line":111,"column":58},"end":{"line":111,"column":null}},"99":{"start":{"line":113,"column":19},"end":{"line":113,"column":63}},"100":{"start":{"line":113,"column":40},"end":{"line":113,"column":62}},"101":{"start":{"line":114,"column":8},"end":{"line":114,"column":null}},"102":{"start":{"line":114,"column":18},"end":{"line":114,"column":42}},"103":{"start":{"line":114,"column":42},"end":{"line":114,"column":79}},"104":{"start":{"line":114,"column":79},"end":{"line":114,"column":116}},"105":{"start":{"line":114,"column":116},"end":{"line":114,"column":144}},"106":{"start":{"line":114,"column":144},"end":{"line":114,"column":null}},"107":{"start":{"line":119,"column":2},"end":{"line":123,"column":null}},"108":{"start":{"line":120,"column":4},"end":{"line":123,"column":null}},"109":{"start":{"line":120,"column":60},"end":{"line":120,"column":86}},"110":{"start":{"line":120,"column":86},"end":{"line":120,"column":null}},"111":{"start":{"line":121,"column":13},"end":{"line":123,"column":null}},"112":{"start":{"line":121,"column":45},"end":{"line":121,"column":71}},"113":{"start":{"line":121,"column":71},"end":{"line":121,"column":null}},"114":{"start":{"line":122,"column":13},"end":{"line":123,"column":null}},"115":{"start":{"line":122,"column":45},"end":{"line":122,"column":71}},"116":{"start":{"line":122,"column":71},"end":{"line":122,"column":null}},"117":{"start":{"line":123,"column":11},"end":{"line":123,"column":73}},"118":{"start":{"line":123,"column":73},"end":{"line":123,"column":null}},"119":{"start":{"line":125,"column":2},"end":{"line":125,"column":null}},"120":{"start":{"line":134,"column":13},"end":{"line":134,"column":36}},"121":{"start":{"line":135,"column":2},"end":{"line":135,"column":null}},"122":{"start":{"line":135,"column":21},"end":{"line":135,"column":null}},"123":{"start":{"line":136,"column":12},"end":{"line":136,"column":28}},"124":{"start":{"line":137,"column":2},"end":{"line":140,"column":null}},"125":{"start":{"line":138,"column":4},"end":{"line":139,"column":50}},"126":{"start":{"line":153,"column":66},"end":{"line":153,"column":null}},"127":{"start":{"line":154,"column":28},"end":{"line":154,"column":95}},"128":{"start":{"line":154,"column":50},"end":{"line":154,"column":95}},"129":{"start":{"line":155,"column":24},"end":{"line":155,"column":82}},"130":{"start":{"line":155,"column":49},"end":{"line":155,"column":82}},"131":{"start":{"line":157,"column":2},"end":{"line":157,"column":null}},"132":{"start":{"line":157,"column":68},"end":{"line":157,"column":null}},"133":{"start":{"line":158,"column":2},"end":{"line":158,"column":null}},"134":{"start":{"line":158,"column":27},"end":{"line":158,"column":null}},"135":{"start":{"line":159,"column":2},"end":{"line":159,"column":null}},"136":{"start":{"line":159,"column":22},"end":{"line":159,"column":null}},"137":{"start":{"line":161,"column":2},"end":{"line":164,"column":null}},"138":{"start":{"line":161,"column":15},"end":{"line":161,"column":18}},"139":{"start":{"line":162,"column":14},"end":{"line":162,"column":null}},"140":{"start":{"line":163,"column":4},"end":{"line":164,"column":null}},"141":{"start":{"line":164,"column":6},"end":{"line":164,"column":null}},"142":{"start":{"line":167,"column":2},"end":{"line":170,"column":null}},"143":{"start":{"line":167,"column":15},"end":{"line":167,"column":18}},"144":{"start":{"line":168,"column":14},"end":{"line":168,"column":null}},"145":{"start":{"line":169,"column":4},"end":{"line":170,"column":null}},"146":{"start":{"line":170,"column":6},"end":{"line":170,"column":null}},"147":{"start":{"line":174,"column":16},"end":{"line":174,"column":null}},"148":{"start":{"line":175,"column":21},"end":{"line":175,"column":109}},"149":{"start":{"line":175,"column":49},"end":{"line":175,"column":62}},"150":{"start":{"line":175,"column":90},"end":{"line":175,"column":109}},"151":{"start":{"line":176,"column":2},"end":{"line":176,"column":null}},"152":{"start":{"line":176,"column":52},"end":{"line":176,"column":null}},"153":{"start":{"line":178,"column":24},"end":{"line":178,"column":null}},"154":{"start":{"line":179,"column":2},"end":{"line":179,"column":null}},"155":{"start":{"line":179,"column":43},"end":{"line":179,"column":null}},"156":{"start":{"line":181,"column":22},"end":{"line":181,"column":null}},"157":{"start":{"line":182,"column":23},"end":{"line":182,"column":null}},"158":{"start":{"line":183,"column":2},"end":{"line":184,"column":null}},"159":{"start":{"line":184,"column":4},"end":{"line":184,"column":null}},"160":{"start":{"line":187,"column":2},"end":{"line":187,"column":null}}},"fnMap":{"0":{"name":"(anonymous_0)","decl":{"start":{"line":6,"column":13},"end":{"line":6,"column":48}},"loc":{"start":{"line":6,"column":48},"end":{"line":9,"column":null}},"line":6},"1":{"name":"(anonymous_1)","decl":{"start":{"line":11,"column":13},"end":{"line":11,"column":44}},"loc":{"start":{"line":11,"column":44},"end":{"line":14,"column":null}},"line":11},"2":{"name":"calcSummary","decl":{"start":{"line":17,"column":16},"end":{"line":17,"column":28}},"loc":{"start":{"line":17,"column":81},"end":{"line":29,"column":null}},"line":17},"3":{"name":"(anonymous_3)","decl":{"start":{"line":19,"column":12},"end":{"line":19,"column":20}},"loc":{"start":{"line":19,"column":26},"end":{"line":22,"column":null}},"line":19},"4":{"name":"(anonymous_4)","decl":{"start":{"line":23,"column":15},"end":{"line":23,"column":23}},"loc":{"start":{"line":23,"column":29},"end":{"line":28,"column":null}},"line":23},"5":{"name":"applyLotteryUpdate","decl":{"start":{"line":33,"column":16},"end":{"line":33,"column":null}},"loc":{"start":{"line":38,"column":15},"end":{"line":87,"column":null}},"line":38},"6":{"name":"(anonymous_6)","decl":{"start":{"line":42,"column":28},"end":{"line":42,"column":33}},"loc":{"start":{"line":42,"column":38},"end":{"line":42,"column":63}},"line":42},"7":{"name":"(anonymous_7)","decl":{"start":{"line":59,"column":30},"end":{"line":59,"column":35}},"loc":{"start":{"line":59,"column":40},"end":{"line":59,"column":91}},"line":59},"8":{"name":"(anonymous_8)","decl":{"start":{"line":71,"column":30},"end":{"line":71,"column":35}},"loc":{"start":{"line":71,"column":40},"end":{"line":71,"column":92}},"line":71},"9":{"name":"applyMerchUpdate","decl":{"start":{"line":91,"column":16},"end":{"line":91,"column":null}},"loc":{"start":{"line":97,"column":13},"end":{"line":125,"column":null}},"line":97},"10":{"name":"(anonymous_10)","decl":{"start":{"line":106,"column":32},"end":{"line":106,"column":37}},"loc":{"start":{"line":106,"column":42},"end":{"line":106,"column":64}},"line":106},"11":{"name":"(anonymous_11)","decl":{"start":{"line":113,"column":30},"end":{"line":113,"column":35}},"loc":{"start":{"line":113,"column":40},"end":{"line":113,"column":62}},"line":113},"12":{"name":"filterMembers","decl":{"start":{"line":129,"column":16},"end":{"line":129,"column":null}},"loc":{"start":{"line":133,"column":7},"end":{"line":140,"column":null}},"line":133},"13":{"name":"(anonymous_13)","decl":{"start":{"line":137,"column":17},"end":{"line":137,"column":24}},"loc":{"start":{"line":138,"column":4},"end":{"line":139,"column":50}},"line":138},"14":{"name":"validateCheckout","decl":{"start":{"line":152,"column":16},"end":{"line":152,"column":33}},"loc":{"start":{"line":152,"column":72},"end":{"line":187,"column":null}},"line":152},"15":{"name":"(anonymous_15)","decl":{"start":{"line":154,"column":38},"end":{"line":154,"column":45}},"loc":{"start":{"line":154,"column":50},"end":{"line":154,"column":95}},"line":154},"16":{"name":"(anonymous_16)","decl":{"start":{"line":155,"column":37},"end":{"line":155,"column":44}},"loc":{"start":{"line":155,"column":49},"end":{"line":155,"column":82}},"line":155},"17":{"name":"(anonymous_17)","decl":{"start":{"line":175,"column":39},"end":{"line":175,"column":44}},"loc":{"start":{"line":175,"column":49},"end":{"line":175,"column":62}},"line":175},"18":{"name":"(anonymous_18)","decl":{"start":{"line":175,"column":80},"end":{"line":175,"column":85}},"loc":{"start":{"line":175,"column":90},"end":{"line":175,"column":109}},"line":175}},"branchMap":{"0":{"loc":{"start":{"line":21,"column":29},"end":{"line":21,"column":null}},"type":"binary-expr","locations":[{"start":{"line":21,"column":29},"end":{"line":21,"column":46}},{"start":{"line":21,"column":46},"end":{"line":21,"column":null}}],"line":21},"1":{"loc":{"start":{"line":24,"column":4},"end":{"line":25,"column":null}},"type":"if","locations":[{"start":{"line":24,"column":4},"end":{"line":25,"column":null}},{"start":{"line":25,"column":13},"end":{"line":25,"column":null}}],"line":24},"2":{"loc":{"start":{"line":25,"column":13},"end":{"line":25,"column":null}},"type":"if","locations":[{"start":{"line":25,"column":13},"end":{"line":25,"column":null}},{"start":{},"end":{}}],"line":25},"3":{"loc":{"start":{"line":26,"column":4},"end":{"line":26,"column":null}},"type":"if","locations":[{"start":{"line":26,"column":4},"end":{"line":26,"column":null}},{"start":{},"end":{}}],"line":26},"4":{"loc":{"start":{"line":27,"column":4},"end":{"line":27,"column":null}},"type":"if","locations":[{"start":{"line":27,"column":4},"end":{"line":27,"column":null}},{"start":{},"end":{}}],"line":27},"5":{"loc":{"start":{"line":41,"column":2},"end":{"line":55,"column":null}},"type":"if","locations":[{"start":{"line":41,"column":2},"end":{"line":55,"column":null}},{"start":{},"end":{}}],"line":41},"6":{"loc":{"start":{"line":43,"column":4},"end":{"line":55,"column":null}},"type":"if","locations":[{"start":{"line":43,"column":4},"end":{"line":55,"column":null}},{"start":{"line":55,"column":9},"end":{"line":55,"column":null}}],"line":43},"7":{"loc":{"start":{"line":46,"column":6},"end":{"line":52,"column":null}},"type":"if","locations":[{"start":{"line":46,"column":6},"end":{"line":52,"column":null}},{"start":{"line":50,"column":13},"end":{"line":52,"column":null}}],"line":46},"8":{"loc":{"start":{"line":52,"column":8},"end":{"line":52,"column":null}},"type":"if","locations":[{"start":{"line":52,"column":8},"end":{"line":52,"column":null}},{"start":{},"end":{}}],"line":52},"9":{"loc":{"start":{"line":57,"column":2},"end":{"line":66,"column":null}},"type":"if","locations":[{"start":{"line":57,"column":2},"end":{"line":66,"column":null}},{"start":{},"end":{}}],"line":57},"10":{"loc":{"start":{"line":59,"column":40},"end":{"line":59,"column":91}},"type":"binary-expr","locations":[{"start":{"line":59,"column":40},"end":{"line":59,"column":66}},{"start":{"line":59,"column":66},"end":{"line":59,"column":91}}],"line":59},"11":{"loc":{"start":{"line":60,"column":4},"end":{"line":61,"column":null}},"type":"if","locations":[{"start":{"line":60,"column":4},"end":{"line":61,"column":null}},{"start":{"line":61,"column":9},"end":{"line":61,"column":null}}],"line":60},"12":{"loc":{"start":{"line":62,"column":4},"end":{"line":66,"column":null}},"type":"if","locations":[{"start":{"line":62,"column":4},"end":{"line":66,"column":null}},{"start":{},"end":{}}],"line":62},"13":{"loc":{"start":{"line":63,"column":6},"end":{"line":66,"column":null}},"type":"if","locations":[{"start":{"line":63,"column":6},"end":{"line":66,"column":null}},{"start":{"line":64,"column":15},"end":{"line":66,"column":null}}],"line":63},"14":{"loc":{"start":{"line":64,"column":15},"end":{"line":66,"column":null}},"type":"if","locations":[{"start":{"line":64,"column":15},"end":{"line":66,"column":null}},{"start":{"line":65,"column":15},"end":{"line":66,"column":null}}],"line":64},"15":{"loc":{"start":{"line":65,"column":15},"end":{"line":66,"column":null}},"type":"if","locations":[{"start":{"line":65,"column":15},"end":{"line":66,"column":null}},{"start":{"line":66,"column":15},"end":{"line":66,"column":null}}],"line":65},"16":{"loc":{"start":{"line":66,"column":15},"end":{"line":66,"column":null}},"type":"if","locations":[{"start":{"line":66,"column":15},"end":{"line":66,"column":null}},{"start":{},"end":{}}],"line":66},"17":{"loc":{"start":{"line":66,"column":15},"end":{"line":66,"column":47}},"type":"binary-expr","locations":[{"start":{"line":66,"column":15},"end":{"line":66,"column":32}},{"start":{"line":66,"column":32},"end":{"line":66,"column":47}}],"line":66},"18":{"loc":{"start":{"line":70,"column":2},"end":{"line":73,"column":null}},"type":"if","locations":[{"start":{"line":70,"column":2},"end":{"line":73,"column":null}},{"start":{},"end":{}}],"line":70},"19":{"loc":{"start":{"line":71,"column":40},"end":{"line":71,"column":92}},"type":"binary-expr","locations":[{"start":{"line":71,"column":40},"end":{"line":71,"column":66}},{"start":{"line":71,"column":66},"end":{"line":71,"column":92}}],"line":71},"20":{"loc":{"start":{"line":72,"column":4},"end":{"line":73,"column":null}},"type":"if","locations":[{"start":{"line":72,"column":4},"end":{"line":73,"column":null}},{"start":{},"end":{}}],"line":72},"21":{"loc":{"start":{"line":72,"column":8},"end":{"line":72,"column":56}},"type":"binary-expr","locations":[{"start":{"line":72,"column":8},"end":{"line":72,"column":22}},{"start":{"line":72,"column":22},"end":{"line":72,"column":56}}],"line":72},"22":{"loc":{"start":{"line":77,"column":2},"end":{"line":85,"column":null}},"type":"if","locations":[{"start":{"line":77,"column":2},"end":{"line":85,"column":null}},{"start":{},"end":{}}],"line":77},"23":{"loc":{"start":{"line":77,"column":6},"end":{"line":77,"column":74}},"type":"binary-expr","locations":[{"start":{"line":77,"column":6},"end":{"line":77,"column":28}},{"start":{"line":77,"column":28},"end":{"line":77,"column":50}},{"start":{"line":77,"column":50},"end":{"line":77,"column":74}}],"line":77},"24":{"loc":{"start":{"line":78,"column":4},"end":{"line":83,"column":null}},"type":"if","locations":[{"start":{"line":78,"column":4},"end":{"line":83,"column":null}},{"start":{"line":82,"column":11},"end":{"line":83,"column":null}}],"line":78},"25":{"loc":{"start":{"line":81,"column":39},"end":{"line":81,"column":65}},"type":"binary-expr","locations":[{"start":{"line":81,"column":39},"end":{"line":81,"column":60}},{"start":{"line":81,"column":60},"end":{"line":81,"column":65}}],"line":81},"26":{"loc":{"start":{"line":83,"column":6},"end":{"line":83,"column":null}},"type":"if","locations":[{"start":{"line":83,"column":6},"end":{"line":83,"column":null}},{"start":{},"end":{}}],"line":83},"27":{"loc":{"start":{"line":83,"column":62},"end":{"line":83,"column":null}},"type":"binary-expr","locations":[{"start":{"line":83,"column":62},"end":{"line":83,"column":83}},{"start":{"line":83,"column":83},"end":{"line":83,"column":null}}],"line":83},"28":{"loc":{"start":{"line":85,"column":26},"end":{"line":85,"column":null}},"type":"cond-expr","locations":[{"start":{"line":85,"column":51},"end":{"line":85,"column":96}},{"start":{"line":85,"column":96},"end":{"line":85,"column":null}}],"line":85},"29":{"loc":{"start":{"line":85,"column":68},"end":{"line":85,"column":96}},"type":"binary-expr","locations":[{"start":{"line":85,"column":68},"end":{"line":85,"column":90}},{"start":{"line":85,"column":90},"end":{"line":85,"column":96}}],"line":85},"30":{"loc":{"start":{"line":100,"column":2},"end":{"line":114,"column":null}},"type":"if","locations":[{"start":{"line":100,"column":2},"end":{"line":114,"column":null}},{"start":{},"end":{}}],"line":100},"31":{"loc":{"start":{"line":101,"column":4},"end":{"line":114,"column":null}},"type":"if","locations":[{"start":{"line":101,"column":4},"end":{"line":114,"column":null}},{"start":{"line":103,"column":15},"end":{"line":114,"column":null}}],"line":101},"32":{"loc":{"start":{"line":103,"column":15},"end":{"line":114,"column":null}},"type":"if","locations":[{"start":{"line":103,"column":15},"end":{"line":114,"column":null}},{"start":{"line":105,"column":11},"end":{"line":114,"column":null}}],"line":103},"33":{"loc":{"start":{"line":107,"column":6},"end":{"line":114,"column":null}},"type":"if","locations":[{"start":{"line":107,"column":6},"end":{"line":114,"column":null}},{"start":{"line":112,"column":13},"end":{"line":114,"column":null}}],"line":107},"34":{"loc":{"start":{"line":111,"column":8},"end":{"line":111,"column":null}},"type":"if","locations":[{"start":{"line":111,"column":8},"end":{"line":111,"column":null}},{"start":{},"end":{}}],"line":111},"35":{"loc":{"start":{"line":111,"column":12},"end":{"line":111,"column":58}},"type":"binary-expr","locations":[{"start":{"line":111,"column":12},"end":{"line":111,"column":28}},{"start":{"line":111,"column":28},"end":{"line":111,"column":58}}],"line":111},"36":{"loc":{"start":{"line":114,"column":8},"end":{"line":114,"column":null}},"type":"if","locations":[{"start":{"line":114,"column":8},"end":{"line":114,"column":null}},{"start":{},"end":{}}],"line":114},"37":{"loc":{"start":{"line":119,"column":2},"end":{"line":123,"column":null}},"type":"if","locations":[{"start":{"line":119,"column":2},"end":{"line":123,"column":null}},{"start":{},"end":{}}],"line":119},"38":{"loc":{"start":{"line":119,"column":6},"end":{"line":119,"column":54}},"type":"binary-expr","locations":[{"start":{"line":119,"column":6},"end":{"line":119,"column":34}},{"start":{"line":119,"column":34},"end":{"line":119,"column":54}}],"line":119},"39":{"loc":{"start":{"line":120,"column":4},"end":{"line":123,"column":null}},"type":"if","locations":[{"start":{"line":120,"column":4},"end":{"line":123,"column":null}},{"start":{"line":121,"column":13},"end":{"line":123,"column":null}}],"line":120},"40":{"loc":{"start":{"line":120,"column":8},"end":{"line":120,"column":58}},"type":"binary-expr","locations":[{"start":{"line":120,"column":8},"end":{"line":120,"column":34}},{"start":{"line":120,"column":34},"end":{"line":120,"column":58}}],"line":120},"41":{"loc":{"start":{"line":121,"column":13},"end":{"line":123,"column":null}},"type":"if","locations":[{"start":{"line":121,"column":13},"end":{"line":123,"column":null}},{"start":{"line":122,"column":13},"end":{"line":123,"column":null}}],"line":121},"42":{"loc":{"start":{"line":122,"column":13},"end":{"line":123,"column":null}},"type":"if","locations":[{"start":{"line":122,"column":13},"end":{"line":123,"column":null}},{"start":{"line":123,"column":9},"end":{"line":123,"column":null}}],"line":122},"43":{"loc":{"start":{"line":132,"column":2},"end":{"line":132,"column":null}},"type":"default-arg","locations":[{"start":{"line":132,"column":10},"end":{"line":132,"column":null}}],"line":132},"44":{"loc":{"start":{"line":134,"column":20},"end":{"line":134,"column":36}},"type":"binary-expr","locations":[{"start":{"line":134,"column":20},"end":{"line":134,"column":33}},{"start":{"line":134,"column":33},"end":{"line":134,"column":36}}],"line":134},"45":{"loc":{"start":{"line":135,"column":2},"end":{"line":135,"column":null}},"type":"if","locations":[{"start":{"line":135,"column":2},"end":{"line":135,"column":null}},{"start":{},"end":{}}],"line":135},"46":{"loc":{"start":{"line":138,"column":4},"end":{"line":139,"column":50}},"type":"binary-expr","locations":[{"start":{"line":138,"column":4},"end":{"line":138,"column":37}},{"start":{"line":139,"column":4},"end":{"line":139,"column":50}}],"line":138},"47":{"loc":{"start":{"line":138,"column":11},"end":{"line":138,"column":25}},"type":"binary-expr","locations":[{"start":{"line":138,"column":11},"end":{"line":138,"column":22}},{"start":{"line":138,"column":22},"end":{"line":138,"column":25}}],"line":138},"48":{"loc":{"start":{"line":139,"column":11},"end":{"line":139,"column":24}},"type":"binary-expr","locations":[{"start":{"line":139,"column":11},"end":{"line":139,"column":21}},{"start":{"line":139,"column":21},"end":{"line":139,"column":24}}],"line":139},"49":{"loc":{"start":{"line":154,"column":50},"end":{"line":154,"column":95}},"type":"binary-expr","locations":[{"start":{"line":154,"column":50},"end":{"line":154,"column":58}},{"start":{"line":154,"column":58},"end":{"line":154,"column":69}},{"start":{"line":154,"column":69},"end":{"line":154,"column":82}},{"start":{"line":154,"column":82},"end":{"line":154,"column":95}}],"line":154},"50":{"loc":{"start":{"line":155,"column":49},"end":{"line":155,"column":82}},"type":"binary-expr","locations":[{"start":{"line":155,"column":49},"end":{"line":155,"column":57}},{"start":{"line":155,"column":57},"end":{"line":155,"column":67}},{"start":{"line":155,"column":67},"end":{"line":155,"column":82}}],"line":155},"51":{"loc":{"start":{"line":157,"column":2},"end":{"line":157,"column":null}},"type":"if","locations":[{"start":{"line":157,"column":2},"end":{"line":157,"column":null}},{"start":{},"end":{}}],"line":157},"52":{"loc":{"start":{"line":157,"column":6},"end":{"line":157,"column":68}},"type":"binary-expr","locations":[{"start":{"line":157,"column":6},"end":{"line":157,"column":40}},{"start":{"line":157,"column":40},"end":{"line":157,"column":68}}],"line":157},"53":{"loc":{"start":{"line":158,"column":2},"end":{"line":158,"column":null}},"type":"if","locations":[{"start":{"line":158,"column":2},"end":{"line":158,"column":null}},{"start":{},"end":{}}],"line":158},"54":{"loc":{"start":{"line":159,"column":2},"end":{"line":159,"column":null}},"type":"if","locations":[{"start":{"line":159,"column":2},"end":{"line":159,"column":null}},{"start":{},"end":{}}],"line":159},"55":{"loc":{"start":{"line":163,"column":4},"end":{"line":164,"column":null}},"type":"if","locations":[{"start":{"line":163,"column":4},"end":{"line":164,"column":null}},{"start":{},"end":{}}],"line":163},"56":{"loc":{"start":{"line":163,"column":8},"end":{"line":163,"column":100}},"type":"binary-expr","locations":[{"start":{"line":163,"column":8},"end":{"line":163,"column":17}},{"start":{"line":163,"column":17},"end":{"line":163,"column":29}},{"start":{"line":163,"column":29},"end":{"line":163,"column":43}},{"start":{"line":163,"column":43},"end":{"line":163,"column":59}},{"start":{"line":163,"column":59},"end":{"line":163,"column":74}},{"start":{"line":163,"column":74},"end":{"line":163,"column":100}}],"line":163},"57":{"loc":{"start":{"line":169,"column":4},"end":{"line":170,"column":null}},"type":"if","locations":[{"start":{"line":169,"column":4},"end":{"line":170,"column":null}},{"start":{},"end":{}}],"line":169},"58":{"loc":{"start":{"line":169,"column":8},"end":{"line":169,"column":75}},"type":"binary-expr","locations":[{"start":{"line":169,"column":8},"end":{"line":169,"column":17}},{"start":{"line":169,"column":17},"end":{"line":169,"column":28}},{"start":{"line":169,"column":28},"end":{"line":169,"column":46}},{"start":{"line":169,"column":46},"end":{"line":169,"column":75}}],"line":169},"59":{"loc":{"start":{"line":174,"column":16},"end":{"line":174,"column":null}},"type":"binary-expr","locations":[{"start":{"line":174,"column":16},"end":{"line":174,"column":36}},{"start":{"line":174,"column":36},"end":{"line":174,"column":62}},{"start":{"line":174,"column":62},"end":{"line":174,"column":88}},{"start":{"line":174,"column":88},"end":{"line":174,"column":null}}],"line":174},"60":{"loc":{"start":{"line":175,"column":21},"end":{"line":175,"column":109}},"type":"binary-expr","locations":[{"start":{"line":175,"column":21},"end":{"line":175,"column":62}},{"start":{"line":175,"column":66},"end":{"line":175,"column":109}}],"line":175},"61":{"loc":{"start":{"line":176,"column":2},"end":{"line":176,"column":null}},"type":"if","locations":[{"start":{"line":176,"column":2},"end":{"line":176,"column":null}},{"start":{},"end":{}}],"line":176},"62":{"loc":{"start":{"line":176,"column":6},"end":{"line":176,"column":52}},"type":"binary-expr","locations":[{"start":{"line":176,"column":6},"end":{"line":176,"column":15}},{"start":{"line":176,"column":15},"end":{"line":176,"column":29}},{"start":{"line":176,"column":29},"end":{"line":176,"column":52}}],"line":176},"63":{"loc":{"start":{"line":179,"column":2},"end":{"line":179,"column":null}},"type":"if","locations":[{"start":{"line":179,"column":2},"end":{"line":179,"column":null}},{"start":{},"end":{}}],"line":179},"64":{"loc":{"start":{"line":181,"column":22},"end":{"line":181,"column":null}},"type":"cond-expr","locations":[{"start":{"line":181,"column":49},"end":{"line":181,"column":79}},{"start":{"line":181,"column":82},"end":{"line":181,"column":null}}],"line":181},"65":{"loc":{"start":{"line":182,"column":38},"end":{"line":182,"column":null}},"type":"binary-expr","locations":[{"start":{"line":182,"column":38},"end":{"line":182,"column":60}},{"start":{"line":182,"column":60},"end":{"line":182,"column":null}}],"line":182},"66":{"loc":{"start":{"line":183,"column":2},"end":{"line":184,"column":null}},"type":"if","locations":[{"start":{"line":183,"column":2},"end":{"line":184,"column":null}},{"start":{},"end":{}}],"line":183}},"s":{"0":1,"1":23,"2":1,"3":20,"4":8,"5":8,"6":8,"7":4,"8":4,"9":8,"10":5,"11":2,"12":3,"13":1,"14":5,"15":1,"16":5,"17":1,"18":8,"19":34,"20":34,"21":14,"22":16,"23":14,"24":13,"25":13,"26":13,"27":5,"28":5,"29":5,"30":8,"31":1,"32":1,"33":1,"34":1,"35":1,"36":1,"37":1,"38":1,"39":1,"40":1,"41":1,"42":1,"43":1,"44":34,"45":13,"46":13,"47":22,"48":13,"49":9,"50":9,"51":9,"52":4,"53":4,"54":4,"55":4,"56":4,"57":4,"58":13,"59":10,"60":1,"61":9,"62":1,"63":8,"64":1,"65":7,"66":1,"67":1,"68":1,"69":34,"70":4,"71":8,"72":4,"73":1,"74":34,"75":34,"76":32,"77":8,"78":8,"79":24,"80":23,"81":32,"82":34,"83":13,"84":13,"85":8,"86":1,"87":7,"88":1,"89":6,"90":9,"91":6,"92":4,"93":4,"94":4,"95":4,"96":4,"97":4,"98":1,"99":2,"100":2,"101":2,"102":2,"103":2,"104":2,"105":2,"106":2,"107":13,"108":13,"109":2,"110":2,"111":11,"112":1,"113":1,"114":10,"115":2,"116":2,"117":8,"118":8,"119":13,"120":5,"121":5,"122":1,"123":4,"124":4,"125":29,"126":9,"127":9,"128":1,"129":9,"130":7,"131":9,"132":1,"133":8,"134":8,"135":7,"136":7,"137":6,"138":6,"139":1,"140":1,"141":1,"142":5,"143":5,"144":5,"145":5,"146":1,"147":4,"148":9,"149":0,"150":4,"151":9,"152":1,"153":3,"154":3,"155":1,"156":2,"157":9,"158":9,"159":1,"160":1},"f":{"0":23,"1":20,"2":8,"3":4,"4":5,"5":34,"6":16,"7":22,"8":8,"9":13,"10":9,"11":2,"12":5,"13":29,"14":9,"15":1,"16":7,"17":0,"18":4},"b":{"0":[4,4],"1":[2,3],"2":[1,2],"3":[1,4],"4":[1,4],"5":[14,20],"6":[13,1],"7":[5,8],"8":[1,7],"9":[13,21],"10":[22,22],"11":[9,4],"12":[10,3],"13":[1,9],"14":[1,8],"15":[1,7],"16":[1,6],"17":[7,6],"18":[4,30],"19":[8,8],"20":[1,3],"21":[4,4],"22":[32,2],"23":[34,33,33],"24":[8,24],"25":[8,0],"26":[23,1],"27":[23,6],"28":[9,23],"29":[9,5],"30":[8,5],"31":[1,7],"32":[1,6],"33":[4,2],"34":[1,3],"35":[4,1],"36":[2,0],"37":[13,0],"38":[13,13],"39":[2,11],"40":[13,12],"41":[1,10],"42":[2,8],"43":[5],"44":[5,0],"45":[1,4],"46":[29,8],"47":[29,0],"48":[8,0],"49":[1,0,0,0],"50":[7,0,0],"51":[1,8],"52":[9,8],"53":[1,7],"54":[1,6],"55":[1,0],"56":[1,1,1,0,0,0],"57":[1,4],"58":[5,5,4,4],"59":[4,3,3,3],"60":[9,4],"61":[1,8],"62":[9,3,3],"63":[1,2],"64":[1,1],"65":[9,2],"66":[1,8]},"meta":{"lastBranch":67,"lastFunction":19,"lastStatement":161,"seen":{"s:6:13:9:Infinity":0,"f:6:13:6:48":0,"s:6:48:9:Infinity":1,"s:11:13:14:Infinity":2,"f:11:13:11:44":1,"s:11:44:14:Infinity":3,"f:17:16:17:28":2,"s:18:12:18:15":4,"s:18:21:18:Infinity":5,"s:19:2:22:Infinity":6,"f:19:12:19:20":3,"s:20:4:20:Infinity":7,"s:21:4:21:Infinity":8,"b:21:29:21:46:21:46:21:Infinity":0,"s:23:2:28:Infinity":9,"f:23:15:23:23":4,"b:24:4:25:Infinity:25:13:25:Infinity":1,"s:24:4:25:Infinity":10,"s:24:33:24:Infinity":11,"b:25:13:25:Infinity:undefined:undefined:undefined:undefined":2,"s:25:13:25:Infinity":12,"s:25:38:25:Infinity":13,"b:26:4:26:Infinity:undefined:undefined:undefined:undefined":3,"s:26:4:26:Infinity":14,"s:26:27:26:Infinity":15,"b:27:4:27:Infinity:undefined:undefined:undefined:undefined":4,"s:27:4:27:Infinity":16,"s:27:27:27:Infi
[...]
y":61,"s:64:34:64:Infinity":62,"b:65:15:66:Infinity:66:15:66:Infinity":15,"s:65:15:66:Infinity":63,"s:65:30:65:Infinity":64,"b:66:15:66:Infinity:undefined:undefined:undefined:undefined":16,"s:66:15:66:Infinity":65,"b:66:15:66:32:66:32:66:47":17,"s:66:49:66:70":66,"s:66:70:66:97":67,"s:66:97:66:Infinity":68,"b:70:2:73:Infinity:undefined:undefined:undefined:undefined":18,"s:70:2:73:Infinity":69,"s:71:23:71:92":70,"f:71:30:71:35":8,"s:71:40:71:92":71,"b:71:40:71:66:71:66:71:92":19,"b:72:4:73:Infinity:undefined:undefined:undefined:undefined":20,"s:72:4:73:Infinity":72,"b:72:8:72:22:72:22:72:56":21,"s:73:6:73:Infinity":73,"s:76:22:76:Infinity":74,"b:77:2:85:Infinity:undefined:undefined:undefined:undefined":22,"s:77:2:85:Infinity":75,"b:77:6:77:28:77:28:77:50:77:50:77:74":23,"b:78:4:83:Infinity:82:11:83:Infinity":24,"s:78:4:83:Infinity":76,"s:79:6:79:Infinity":77,"s:81:6:81:Infinity":78,"b:81:39:81:60:81:60:81:65":25,"b:83:6:83:Infinity:undefined:undefined:undefined:undefined":26,"s:83:6:83:Infinity":79,"s:83:28:83:Infinity":80,"b:83:62:83:83:83:83:83:Infinity":27,"s:85:4:85:Infinity":81,"b:85:51:85:96:85:96:85:Infinity":28,"b:85:68:85:90:85:90:85:96":29,"s:87:2:87:Infinity":82,"f:91:16:91:Infinity":9,"s:98:18:98:Infinity":83,"b:100:2:114:Infinity:undefined:undefined:undefined:undefined":30,"s:100:2:114:Infinity":84,"b:101:4:114:Infinity:103:15:114:Infinity":31,"s:101:4:114:Infinity":85,"s:102:6:102:Infinity":86,"b:103:15:114:Infinity:105:11:114:Infinity":32,"s:103:15:114:Infinity":87,"s:104:6:104:Infinity":88,"s:106:25:106:65":89,"f:106:32:106:37":10,"s:106:42:106:64":90,"b:107:6:114:Infinity:112:13:114:Infinity":33,"s:107:6:114:Infinity":91,"s:108:8:108:40":92,"s:108:40:108:Infinity":93,"s:109:8:109:44":94,"s:109:44:109:Infinity":95,"s:110:8:110:Infinity":96,"b:111:8:111:Infinity:undefined:undefined:undefined:undefined":34,"s:111:8:111:Infinity":97,"b:111:12:111:28:111:28:111:58":35,"s:111:58:111:Infinity":98,"s:113:19:113:63":99,"f:113:30:113:35":11,"s:113:40:113:62":100,"b:114:8:114:Infinity:undefined:undefined:undefined:undefined":36,"s:114:8:114:Infinity":101,"s:114:18:114:42":102,"s:114:42:114:79":103,"s:114:79:114:116":104,"s:114:116:114:144":105,"s:114:144:114:Infinity":106,"b:119:2:123:Infinity:undefined:undefined:undefined:undefined":37,"s:119:2:123:Infinity":107,"b:119:6:119:34:119:34:119:54":38,"b:120:4:123:Infinity:121:13:123:Infinity":39,"s:120:4:123:Infinity":108,"b:120:8:120:34:120:34:120:58":40,"s:120:60:120:86":109,"s:120:86:120:Infinity":110,"b:121:13:123:Infinity:122:13:123:Infinity":41,"s:121:13:123:Infinity":111,"s:121:45:121:71":112,"s:121:71:121:Infinity":113,"b:122:13:123:Infinity:123:9:123:Infinity":42,"s:122:13:123:Infinity":114,"s:122:45:122:71":115,"s:122:71:122:Infinity":116,"s:123:11:123:73":117,"s:123:73:123:Infinity":118,"s:125:2:125:Infinity":119,"f:129:16:129:Infinity":12,"b:132:10:132:Infinity":43,"s:134:13:134:36":120,"b:134:20:134:33:134:33:134:36":44,"b:135:2:135:Infinity:undefined:undefined:undefined:undefined":45,"s:135:2:135:Infinity":121,"s:135:21:135:Infinity":122,"s:136:12:136:28":123,"s:137:2:140:Infinity":124,"f:137:17:137:24":13,"s:138:4:139:50":125,"b:138:4:138:37:139:4:139:50":46,"b:138:11:138:22:138:22:138:25":47,"b:139:11:139:21:139:21:139:24":48,"f:152:16:152:33":14,"s:153:66:153:Infinity":126,"s:154:28:154:95":127,"f:154:38:154:45":15,"s:154:50:154:95":128,"b:154:50:154:58:154:58:154:69:154:69:154:82:154:82:154:95":49,"s:155:24:155:82":129,"f:155:37:155:44":16,"s:155:49:155:82":130,"b:155:49:155:57:155:57:155:67:155:67:155:82":50,"b:157:2:157:Infinity:undefined:undefined:undefined:undefined":51,"s:157:2:157:Infinity":131,"b:157:6:157:40:157:40:157:68":52,"s:157:68:157:Infinity":132,"b:158:2:158:Infinity:undefined:undefined:undefined:undefined":53,"s:158:2:158:Infinity":133,"s:158:27:158:Infinity":134,"b:159:2:159:Infinity:undefined:undefined:undefined:undefined":54,"s:159:2:159:Infinity":135,"s:159:22:159:Infinity":136,"s:161:2:164:Infinity":137,"s:161:15:161:18":138,"s:162:14:162:Infinity":139,"b:163:4:164:Infinity:undefined:undefined:undefined:undefined":55,"s:163:4:164:Infinity":140,"b:163:8:163:17:163:17:163:29:163:29:163:43:163:43:163:59:163:59:163:74:163:74:163:100":56,"s:164:6:164:Infinity":141,"s:167:2:170:Infinity":142,"s:167:15:167:18":143,"s:168:14:168:Infinity":144,"b:169:4:170:Infinity:undefined:undefined:undefined:undefined":57,"s:169:4:170:Infinity":145,"b:169:8:169:17:169:17:169:28:169:28:169:46:169:46:169:75":58,"s:170:6:170:Infinity":146,"s:174:16:174:Infinity":147,"b:174:16:174:36:174:36:174:62:174:62:174:88:174:88:174:Infinity":59,"s:175:21:175:109":148,"b:175:21:175:62:175:66:175:109":60,"f:175:39:175:44":17,"s:175:49:175:62":149,"f:175:80:175:85":18,"s:175:90:175:109":150,"b:176:2:176:Infinity:undefined:undefined:undefined:undefined":61,"s:176:2:176:Infinity":151,"b:176:6:176:15:176:15:176:29:176:29:176:52":62,"s:176:52:176:Infinity":152,"s:178:24:178:Infinity":153,"b:179:2:179:Infinity:undefined:undefined:undefined:undefined":63,"s:179:2:179:Infinity":154,"s:179:43:179:Infinity":155,"s:181:22:181:Infinity":156,"b:181:49:181:79:181:82:181:Infinity":64,"s:182:23:182:Infinity":157,"b:182:38:182:60:182:60:182:Infinity":65,"b:183:2:184:Infinity:undefined:undefined:undefined:undefined":66,"s:183:2:184:Infinity":158,"s:184:4:184:Infinity":159,"s:187:2:187:Infinity":160}}}
,"/Users/heaton/code/onesoul_dev/web/src/logic/createSet.ts": {"path":"/Users/heaton/code/onesoul_dev/web/src/logic/createSet.ts","statementMap":{"0":{"start":{"line":12,"column":2},"end":{"line":12,"column":null}},"1":{"start":{"line":12,"column":25},"end":{"line":12,"column":null}},"2":{"start":{"line":13,"column":2},"end":{"line":13,"column":null}},"3":{"start":{"line":25,"column":2},"end":{"line":25,"column":null}},"4":{"start":{"line":25,"column":24},"end":{"line":25,"column":null}},"5":{"start":{"line":26,"column":2},"end":{"line":26,"column":null}},"6":{"start":{"line":26,"column":46},"end":{"line":26,"column":null}},"7":{"start":{"line":27,"column":19},"end":{"line":27,"column":67}},"8":{"start":{"line":28,"column":19},"end":{"line":28,"column":68}},"9":{"start":{"line":29,"column":2},"end":{"line":30,"column":null}},"10":{"start":{"line":30,"column":4},"end":{"line":30,"column":null}},"11":{"start":{"line":32,"column":2},"end":{"line":32,"column":null}},"12":{"start":{"line":49,"column":17},"end":{"line":49,"column":36}},"13":{"start":{"line":50,"column":2},"end":{"line":50,"column":null}},"14":{"start":{"line":50,"column":15},"end":{"line":50,"column":null}},"15":{"start":{"line":51,"column":2},"end":{"line":51,"column":null}},"16":{"start":{"line":51,"column":23},"end":{"line":51,"column":null}},"17":{"start":{"line":52,"column":2},"end":{"line":52,"column":null}},"18":{"start":{"line":52,"column":50},"end":{"line":52,"column":null}},"19":{"start":{"line":53,"column":2},"end":{"line":53,"column":null}},"20":{"start":{"line":53,"column":52},"end":{"line":53,"column":null}},"21":{"start":{"line":54,"column":2},"end":{"line":54,"column":null}}},"fnMap":{"0":{"name":"calcSuggestedPrice","decl":{"start":{"line":7,"column":16},"end":{"line":7,"column":null}},"loc":{"start":{"line":11,"column":10},"end":{"line":13,"column":null}},"line":11},"1":{"name":"validateCreateSetPrice","decl":{"start":{"line":20,"column":16},"end":{"line":20,"column":null}},"loc":{"start":{"line":24,"column":17},"end":{"line":32,"column":null}},"line":24},"2":{"name":"buildCreateSetPayload","decl":{"start":{"line":48,"column":16},"end":{"line":48,"column":38}},"loc":{"start":{"line":48,"column":77},"end":{"line":54,"column":null}},"line":48}},"branchMap":{"0":{"loc":{"start":{"line":12,"column":2},"end":{"line":12,"column":null}},"type":"if","locations":[{"start":{"line":12,"column":2},"end":{"line":12,"column":null}},{"start":{},"end":{}}],"line":12},"1":{"loc":{"start":{"line":12,"column":6},"end":{"line":12,"column":25}},"type":"binary-expr","locations":[{"start":{"line":12,"column":6},"end":{"line":12,"column":17}},{"start":{"line":12,"column":17},"end":{"line":12,"column":25}}],"line":12},"2":{"loc":{"start":{"line":25,"column":2},"end":{"line":25,"column":null}},"type":"if","locations":[{"start":{"line":25,"column":2},"end":{"line":25,"column":null}},{"start":{},"end":{}}],"line":25},"3":{"loc":{"start":{"line":26,"column":2},"end":{"line":26,"column":null}},"type":"if","locations":[{"start":{"line":26,"column":2},"end":{"line":26,"column":null}},{"start":{},"end":{}}],"line":26},"4":{"loc":{"start":{"line":26,"column":6},"end":{"line":26,"column":46}},"type":"binary-expr","locations":[{"start":{"line":26,"column":6},"end":{"line":26,"column":25}},{"start":{"line":26,"column":25},"end":{"line":26,"column":46}}],"line":26},"5":{"loc":{"start":{"line":29,"column":2},"end":{"line":30,"column":null}},"type":"if","locations":[{"start":{"line":29,"column":2},"end":{"line":30,"column":null}},{"start":{},"end":{}}],"line":29},"6":{"loc":{"start":{"line":29,"column":6},"end":{"line":29,"column":56}},"type":"binary-expr","locations":[{"start":{"line":29,"column":6},"end":{"line":29,"column":32}},{"start":{"line":29,"column":32},"end":{"line":29,"column":56}}],"line":29},"7":{"loc":{"start":{"line":50,"column":2},"end":{"line":50,"column":null}},"type":"if","locations":[{"start":{"line":50,"column":2},"end":{"line":50,"column":null}},{"start":{},"end":{}}],"line":50},"8":{"loc":{"start":{"line":51,"column":2},"end":{"line":51,"column":null}},"type":"if","locations":[{"start":{"line":51,"column":2},"end":{"line":51,"column":null}},{"start":{},"end":{}}],"line":51},"9":{"loc":{"start":{"line":52,"column":2},"end":{"line":52,"column":null}},"type":"if","locations":[{"start":{"line":52,"column":2},"end":{"line":52,"column":null}},{"start":{},"end":{}}],"line":52},"10":{"loc":{"start":{"line":52,"column":6},"end":{"line":52,"column":50}},"type":"binary-expr","locations":[{"start":{"line":52,"column":6},"end":{"line":52,"column":27}},{"start":{"line":52,"column":27},"end":{"line":52,"column":50}}],"line":52},"11":{"loc":{"start":{"line":53,"column":2},"end":{"line":53,"column":null}},"type":"if","locations":[{"start":{"line":53,"column":2},"end":{"line":53,"column":null}},{"start":{},"end":{}}],"line":53},"12":{"loc":{"start":{"line":53,"column":6},"end":{"line":53,"column":52}},"type":"binary-expr","locations":[{"start":{"line":53,"column":6},"end":{"line":53,"column":28}},{"start":{"line":53,"column":28},"end":{"line":53,"column":52}}],"line":53}},"s":{"0":7,"1":2,"2":5,"3":8,"4":1,"5":7,"6":1,"7":6,"8":6,"9":6,"10":2,"11":4,"12":6,"13":6,"14":1,"15":5,"16":5,"17":4,"18":1,"19":3,"20":1,"21":2},"f":{"0":7,"1":8,"2":6},"b":{"0":[2,5],"1":[7,6],"2":[1,7],"3":[1,6],"4":[7,6],"5":[2,4],"6":[6,5],"7":[1,5],"8":[1,4],"9":[1,3],"10":[4,3],"11":[1,2],"12":[3,2]},"meta":{"lastBranch":13,"lastFunction":3,"lastStatement":22,"seen":{"f:7:16:7:Infinity":0,"b:12:2:12:Infinity:undefined:undefined:undefined:undefined":0,"s:12:2:12:Infinity":0,"b:12:6:12:17:12:17:12:25":1,"s:12:25:12:Infinity":1,"s:13:2:13:Infinity":2,"f:20:16:20:Infinity":1,"b:25:2:25:Infinity:undefined:undefined:undefined:undefined":2,"s:25:2:25:Infinity":3,"s:25:24:25:Infinity":4,"b:26:2:26:Infinity:undefined:undefined:undefined:undefined":3,"s:26:2:26:Infinity":5,"b:26:6:26:25:26:25:26:46":4,"s:26:46:26:Infinity":6,"s:27:19:27:67":7,"s:28:19:28:68":8,"b:29:2:30:Infinity:undefined:undefined:undefined:undefined":5,"s:29:2:30:Infinity":9,"b:29:6:29:32:29:32:29:56":6,"s:30:4:30:Infinity":10,"s:32:2:32:Infinity":11,"f:48:16:48:38":2,"s:49:17:49:36":12,"b:50:2:50:Infinity:undefined:undefined:undefined:undefined":7,"s:50:2:50:Infinity":13,"s:50:15:50:Infinity":14,"b:51:2:51:Infinity:undefined:undefined:undefined:undefined":8,"s:51:2:51:Infinity":15,"s:51:23:51:Infinity":16,"b:52:2:52:Infinity:undefined:undefined:undefined:undefined":9,"s:52:2:52:Infinity":17,"b:52:6:52:27:52:27:52:50":10,"s:52:50:52:Infinity":18,"b:53:2:53:Infinity:undefined:undefined:undefined:undefined":11,"s:53:2:53:Infinity":19,"b:53:6:53:28:53:28:53:52":12,"s:53:52:53:Infinity":20,"s:54:2:54:Infinity":21}}}
,"/Users/heaton/code/onesoul_dev/web/src/services/api.ts": {"path":"/Users/heaton/code/onesoul_dev/web/src/services/api.ts","statementMap":{"0":{"start":{"line":10,"column":14},"end":{"line":18,"column":4}},"1":{"start":{"line":19,"column":2},"end":{"line":19,"column":null}},"2":{"start":{"line":24,"column":14},"end":{"line":24,"column":44}},"3":{"start":{"line":25,"column":2},"end":{"line":25,"column":null}},"4":{"start":{"line":29,"column":2},"end":{"line":29,"column":null}},"5":{"start":{"line":34,"column":14},"end":{"line":34,"column":46}},"6":{"start":{"line":35,"column":2},"end":{"line":35,"column":null}},"7":{"start":{"line":39,"column":2},"end":{"line":39,"column":null}},"8":{"start":{"line":44,"column":14},"end":{"line":44,"column":55}},"9":{"start":{"line":45,"column":2},"end":{"line":45,"column":null}},"10":{"start":{"line":50,"column":14},"end":{"line":50,"column":46}},"11":{"start":{"line":51,"column":2},"end":{"line":51,"column":null}},"12":{"start":{"line":56,"column":2},"end":{"line":56,"column":null}},"13":{"start":{"line":60,"column":2},"end":{"line":60,"column":null}},"14":{"start":{"line":65,"column":2},"end":{"line":65,"column":null}},"15":{"start":{"line":70,"column":2},"end":{"line":70,"column":null}},"16":{"start":{"line":75,"column":2},"end":{"line":75,"column":null}},"17":{"start":{"line":80,"column":2},"end":{"line":80,"column":null}},"18":{"start":{"line":84,"column":2},"end":{"line":84,"column":null}},"19":{"start":{"line":89,"column":2},"end":{"line":89,"column":null}}},"fnMap":{"0":{"name":"gasPost","decl":{"start":{"line":9,"column":22},"end":{"line":9,"column":30}},"loc":{"start":{"line":9,"column":64},"end":{"line":19,"column":null}},"line":9},"1":{"name":"apiGetAllMembers","decl":{"start":{"line":23,"column":22},"end":{"line":23,"column":65}},"loc":{"start":{"line":23,"column":65},"end":{"line":25,"column":null}},"line":23},"2":{"name":"apiGetMember","decl":{"start":{"line":28,"column":22},"end":{"line":28,"column":35}},"loc":{"start":{"line":28,"column":50},"end":{"line":29,"column":null}},"line":28},"3":{"name":"apiGetPrizeLibrary","decl":{"start":{"line":33,"column":22},"end":{"line":33,"column":66}},"loc":{"start":{"line":33,"column":66},"end":{"line":35,"column":null}},"line":33},"4":{"name":"apiDeletePrizeLibrary","decl":{"start":{"line":38,"column":22},"end":{"line":38,"column":44}},"loc":{"start":{"line":38,"column":75},"end":{"line":39,"column":null}},"line":38},"5":{"name":"apiGetStockList","decl":{"start":{"line":43,"column":22},"end":{"line":43,"column":38}},"loc":{"start":{"line":43,"column":77},"end":{"line":45,"column":null}},"line":43},"6":{"name":"apiGetBlindBoxList","decl":{"start":{"line":49,"column":22},"end":{"line":49,"column":69}},"loc":{"start":{"line":49,"column":69},"end":{"line":51,"column":null}},"line":49},"7":{"name":"apiGetDailySales","decl":{"start":{"line":55,"column":22},"end":{"line":55,"column":39}},"loc":{"start":{"line":55,"column":125},"end":{"line":56,"column":null}},"line":55},"8":{"name":"apiDeleteDailySales","decl":{"start":{"line":59,"column":22},"end":{"line":59,"column":42}},"loc":{"start":{"line":59,"column":79},"end":{"line":60,"column":null}},"line":59},"9":{"name":"apiGetSalesRecords","decl":{"start":{"line":64,"column":22},"end":{"line":64,"column":41}},"loc":{"start":{"line":64,"column":72},"end":{"line":65,"column":null}},"line":64},"10":{"name":"apiGetMemberSalesRecords","decl":{"start":{"line":69,"column":22},"end":{"line":69,"column":47}},"loc":{"start":{"line":69,"column":62},"end":{"line":70,"column":null}},"line":69},"11":{"name":"apiCheckout","decl":{"start":{"line":74,"column":22},"end":{"line":74,"column":34}},"loc":{"start":{"line":74,"column":51},"end":{"line":75,"column":null}},"line":74},"12":{"name":"apiGetOpeningCash","decl":{"start":{"line":79,"column":22},"end":{"line":79,"column":40}},"loc":{"start":{"line":79,"column":56},"end":{"line":80,"column":null}},"line":79},"13":{"name":"apiSetOpeningCash","decl":{"start":{"line":83,"column":22},"end":{"line":83,"column":40}},"loc":{"start":{"line":83,"column":72},"end":{"line":84,"column":null}},"line":83},"14":{"name":"apiCloseDay","decl":{"start":{"line":88,"column":22},"end":{"line":88,"column":34}},"loc":{"start":{"line":88,"column":51},"end":{"line":89,"column":null}},"line":88}},"branchMap":{"0":{"loc":{"start":{"line":14,"column":15},"end":{"line":14,"column":28}},"type":"binary-expr","locations":[{"start":{"line":14,"column":15},"end":{"line":14,"column":26}},{"start":{"line":14,"column":26},"end":{"line":14,"column":28}}],"line":14},"1":{"loc":{"start":{"line":25,"column":9},"end":{"line":25,"column":56}},"type":"cond-expr","locations":[{"start":{"line":25,"column":43},"end":{"line":25,"column":54}},{"start":{"line":25,"column":54},"end":{"line":25,"column":56}}],"line":25},"2":{"loc":{"start":{"line":25,"column":9},"end":{"line":25,"column":43}},"type":"binary-expr","locations":[{"start":{"line":25,"column":9},"end":{"line":25,"column":24}},{"start":{"line":25,"column":24},"end":{"line":25,"column":43}}],"line":25},"3":{"loc":{"start":{"line":35,"column":9},"end":{"line":35,"column":56}},"type":"cond-expr","locations":[{"start":{"line":35,"column":43},"end":{"line":35,"column":54}},{"start":{"line":35,"column":54},"end":{"line":35,"column":56}}],"line":35},"4":{"loc":{"start":{"line":35,"column":9},"end":{"line":35,"column":43}},"type":"binary-expr","locations":[{"start":{"line":35,"column":9},"end":{"line":35,"column":24}},{"start":{"line":35,"column":24},"end":{"line":35,"column":43}}],"line":35},"5":{"loc":{"start":{"line":45,"column":9},"end":{"line":45,"column":48}},"type":"cond-expr","locations":[{"start":{"line":45,"column":35},"end":{"line":45,"column":46}},{"start":{"line":45,"column":46},"end":{"line":45,"column":48}}],"line":45},"6":{"loc":{"start":{"line":45,"column":9},"end":{"line":45,"column":35}},"type":"binary-expr","locations":[{"start":{"line":45,"column":9},"end":{"line":45,"column":24}},{"start":{"line":45,"column":24},"end":{"line":45,"column":35}}],"line":45},"7":{"loc":{"start":{"line":51,"column":9},"end":{"line":51,"column":48}},"type":"cond-expr","locations":[{"start":{"line":51,"column":35},"end":{"line":51,"column":46}},{"start":{"line":51,"column":46},"end":{"line":51,"column":48}}],"line":51},"8":{"loc":{"start":{"line":51,"column":9},"end":{"line":51,"column":35}},"type":"binary-expr","locations":[{"start":{"line":51,"column":9},"end":{"line":51,"column":24}},{"start":{"line":51,"column":24},"end":{"line":51,"column":35}}],"line":51}},"s":{"0":23,"1":22,"2":3,"3":3,"4":1,"5":2,"6":2,"7":1,"8":2,"9":2,"10":2,"11":2,"12":1,"13":1,"14":1,"15":1,"16":1,"17":1,"18":1,"19":1},"f":{"0":23,"1":3,"2":1,"3":2,"4":1,"5":2,"6":2,"7":1,"8":1,"9":1,"10":1,"11":1,"12":1,"13":1,"14":1},"b":{"0":[23,10],"1":[1,2],"2":[3,2],"3":[1,1],"4":[2,1],"5":[1,1],"6":[2,1],"7":[1,1],"8":[2,1]},"meta":{"lastBranch":9,"lastFunction":15,"lastStatement":20,"seen":{"f:9:22:9:30":0,"s:10:14:18:4":0,"b:14:15:14:26:14:26:14:28":0,"s:19:2:19:Infinity":1,"f:23:22:23:65":1,"s:24:14:24:44":2,"s:25:2:25:Infinity":3,"b:25:43:25:54:25:54:25:56":1,"b:25:9:25:24:25:24:25:43":2,"f:28:22:28:35":2,"s:29:2:29:Infinity":4,"f:33:22:33:66":3,"s:34:14:34:46":5,"s:35:2:35:Infinity":6,"b:35:43:35:54:35:54:35:56":3,"b:35:9:35:24:35:24:35:43":4,"f:38:22:38:44":4,"s:39:2:39:Infinity":7,"f:43:22:43:38":5,"s:44:14:44:55":8,"s:45:2:45:Infinity":9,"b:45:35:45:46:45:46:45:48":5,"b:45:9:45:24:45:24:45:35":6,"f:49:22:49:69":6,"s:50:14:50:46":10,"s:51:2:51:Infinity":11,"b:51:35:51:46:51:46:51:48":7,"b:51:9:51:24:51:24:51:35":8,"f:55:22:55:39":7,"s:56:2:56:Infinity":12,"f:59:22:59:42":8,"s:60:2:60:Infinity":13,"f:64:22:64:41":9,"s:65:2:65:Infinity":14,"f:69:22:69:47":10,"s:70:2:70:Infinity":15,"f:74:22:74:34":11,"s:75:2:75:Infinity":16,"f:79:22:79:40":12,"s:80:2:80:Infinity":17,"f:83:22:83:40":13,"s:84:2:84:Infinity":18,"f:88:22:88:34":14,"s:89:2:89:Infinity":19}}}
}
